#
# A fatal error has been detected by the Java Runtime Environment:
#
#  SIGSEGV (0xb) at pc=0x00007fff85ac344c, pid=800, tid=1811
#
# JRE version: Java(TM) SE Runtime Environment (8.0_60-b27) (build 1.8.0_60-b27)
# Java VM: Java HotSpot(TM) 64-Bit Server VM (25.60-b23 mixed mode bsd-amd64 compressed oops)
# Problematic frame:
# C  [libobjc.A.dylib+0x944c]  objc_release+0xc
#
# Failed to write core dump. Core dumps have been disabled. To enable core dumping, try "ulimit -c unlimited" before starting Java again
#
# If you would like to submit a bug report, please visit:
#   http://bugreport.java.com/bugreport/crash.jsp
# The crash happened outside the Java Virtual Machine in native code.
# See problematic frame for where to report the bug.
#

---------------  T H R E A D  ---------------

Current thread (0x00007fc55402e000):  JavaThread "AWT-AppKit" daemon [_thread_in_native, id=1811, stack(0x00007fff5c3e4000,0x00007fff5cbe4000)]

siginfo: si_signo: 11 (SIGSEGV), si_code: 0 (unknown), si_addr: 0x0000000000000000

Registers:
RAX=0x0000000000000008, RBX=0x0000000000000000, RCX=0x0000000000000003, RDX=0x00007fc558278408
RSP=0x00007fff5cbdf558, RBP=0x00007fff5cbdf580, RSI=0x000000012300df00, RDI=0x200007fc55828f90
R8 =0x0000000000000001, R9 =0x00007fc558200000, R10=0x00007fc5539ba3d0, R11=0x000000017552f840
R12=0x0000000000000000, R13=0x000000017918d608, R14=0x00007fc558271df0, R15=0x00007fc55402e000
RIP=0x00007fff85ac344c, EFLAGS=0x0000000000010246, ERR=0x0000000000000000
  TRAPNO=0x000000000000000d

Top of Stack: (sp=0x00007fff5cbdf558)
0x00007fff5cbdf558:   0000000122f9752b 00007fff5cbdf580
0x00007fff5cbdf568:   000000017552f450 000000017552f440
0x00007fff5cbdf578:   00007fc55402e000 00007fff5cbdf640
0x00007fff5cbdf588:   000000017552d215 000000017552f700
0x00007fff5cbdf598:   000000017552f6e0 000000017552f4b0
0x00007fff5cbdf5a8:   0000000000000000 000000017918d608
0x00007fff5cbdf5b8:   000000017918d608 00007fc558278400
0x00007fff5cbdf5c8:   000000017552f6a0 000000017552f710
0x00007fff5cbdf5d8:   00007fff760fa550 00007fff77a53c80
0x00007fff5cbdf5e8:   000000017552f450 000000017552f690
0x00007fff5cbdf5f8:   00007fc558278400 00007fc558271df0
0x00007fff5cbdf608:   00007fc553217af0 00007fc558278400
0x00007fff5cbdf618:   00007fc558271df0 00007fff5cbdf6c0
0x00007fff5cbdf628:   00007fc55402e1f8 000000017918d608
0x00007fff5cbdf638:   00007fff5cbdf6e8 00007fff5cbdf6b0
0x00007fff5cbdf648:   00000001052a1954 00007fff5cbdf6b0
0x00007fff5cbdf658:   00000001052a16d9 00000001052ad823
0x00007fff5cbdf668:   00000001052a16a2 00007fff5cbdf670
0x00007fff5cbdf678:   000000017918d608 00007fff5cbdf6e8
0x00007fff5cbdf688:   0000000179190240 0000000000000000
0x00007fff5cbdf698:   000000017918d608 0000000000000000
0x00007fff5cbdf6a8:   00007fff5cbdf6d0 00007fff5cbdf730
0x00007fff5cbdf6b8:   0000000105293c4d 000000076ed7de98
0x00007fff5cbdf6c8:   000000010529b578 00007fc558278400
0x00007fff5cbdf6d8:   000000010529cdb9 00007fc558271df0
0x00007fff5cbdf6e8:   000000010529cd82 00007fff5cbdf6f0
0x00007fff5cbdf6f8:   000000017918d7d2 00007fff5cbdf758
0x00007fff5cbdf708:   0000000179190240 0000000000000000
0x00007fff5cbdf718:   000000017918d7e0 00007fff5cbdf6d0
0x00007fff5cbdf728:   00007fff5cbdf740 00007fff5cbdf7a0
0x00007fff5cbdf738:   0000000105293c4d 00007fc558278400
0x00007fff5cbdf748:   000000076eeed0f8 00007fc558271df0 

Instructions: (pc=0x00007fff85ac344c)
0x00007fff85ac342c:   5d c3 31 c0 48 85 ff 74 04 48 8b 47 08 c3 90 90
0x00007fff85ac343c:   90 90 90 90 48 85 ff 74 06 40 f6 c7 01 74 01 c3
0x00007fff85ac344c:   48 8b 07 f6 40 20 02 74 0a be 01 00 00 00 e9 51
0x00007fff85ac345c:   83 01 00 48 8d 05 7a 46 b4 ef 48 8b 30 e9 52 7c 

Register to memory mapping:

RAX=0x0000000000000008 is an unknown value
RBX=0x0000000000000000 is an unknown value
RCX=0x0000000000000003 is an unknown value
RDX=0x00007fc558278408 is an unknown value
RSP=0x00007fff5cbdf558 is pointing into the stack for thread: 0x00007fc55402e000
RBP=0x00007fff5cbdf580 is pointing into the stack for thread: 0x00007fc55402e000
RSI=0x000000012300df00: OBJC_IVAR_$_PrinterView.fCurPeekGraphics+0x1aa8 in /Library/Java/JavaVirtualMachines/jdk1.8.0_60.jdk/Contents/Home/jre/lib/libawt_lwawt.dylib at 0x0000000122f93000
RDI=0x200007fc55828f90 is an unknown value
R8 =0x0000000000000001 is an unknown value
R9 =0x00007fc558200000 is an unknown value
R10=0x00007fc5539ba3d0 is an unknown value
R11=0x000000017552f840: OBJC_CLASS_$_MyCALayer+0 in /private/var/folders/jd/8y09m8r121zc6d9p7dp82f9r0000gn/T/jogamp_0000/file_cache/jln1363266697641786418/jln4870890181209477760/libnativewindow_macosx.jnilib at 0x0000000175528000
R12=0x0000000000000000 is an unknown value
R13={method} {0x000000017918d608} 'UnsetJAWTRootSurfaceLayer0' '(JJ)V' in 'jogamp/nativewindow/jawt/macosx/MacOSXJAWTWindow'
R14=0x00007fc558271df0 is an unknown value
R15=0x00007fc55402e000 is a thread


Stack: [0x00007fff5c3e4000,0x00007fff5cbe4000],  sp=0x00007fff5cbdf558,  free space=8173k
Native frames: (J=compiled Java code, j=interpreted, Vv=VM code, C=native code)
C  [libobjc.A.dylib+0x944c]  objc_release+0xc
C  [libnativewindow_macosx.jnilib+0x5215]  Java_jogamp_nativewindow_jawt_macosx_MacOSXJAWTWindow_UnsetJAWTRootSurfaceLayer0+0x1a5
j  jogamp.nativewindow.jawt.macosx.MacOSXJAWTWindow.UnsetJAWTRootSurfaceLayer0(JJ)V+0
j  jogamp.nativewindow.jawt.macosx.MacOSXJAWTWindow.access$200(JJ)V+2
j  jogamp.nativewindow.jawt.macosx.MacOSXJAWTWindow$1.run()V+38
j  com.jogamp.common.util.RunnableTask.run()V+24
v  ~StubRoutines::call_stub
V  [libjvm.dylib+0x2eab0e]
V  [libjvm.dylib+0x321bb7]
V  [libjvm.dylib+0x31438b]
C  [libnativewindow_macosx.jnilib+0x5326]  Java_jogamp_nativewindow_jawt_macosx_MacOSXJAWTWindow_UnsetJAWTRootSurfaceLayer0+0x2b6
C  [Foundation+0x92dd0]  __NSThreadPerformPerform+0x125
C  [CoreFoundation+0x80a01]  __CFRUNLOOP_IS_CALLING_OUT_TO_A_SOURCE0_PERFORM_FUNCTION__+0x11
C  [CoreFoundation+0x72c5c]  __CFRunLoopDoSources0+0x1dc
C  [CoreFoundation+0x721bf]  __CFRunLoopRun+0x39f
C  [CoreFoundation+0x71bd8]  CFRunLoopRunSpecific+0x128
C  [HIToolbox+0x3256f]  RunCurrentEventLoopInMode+0xeb
C  [HIToolbox+0x321ee]  ReceiveNextEventCommon+0xb3
C  [HIToolbox+0x3212b]  _BlockUntilNextEventMatchingListInModeWithFilter+0x47
C  [AppKit+0x918ab]  _DPSNextEvent+0x3d2
C  [AppKit+0x90e58]  -[NSApplication nextEventMatchingMask:untilDate:inMode:dequeue:]+0x15a
C  [libosxapp.dylib+0x23aa]  -[NSApplicationAWT nextEventMatchingMask:untilDate:inMode:dequeue:]+0x7c
C  [AppKit+0x86af3]  -[NSApplication run]+0x252
C  [libosxapp.dylib+0x214d]  +[NSApplicationAWT runAWTLoopWithApp:]+0x9c
C  [libawt_lwawt.dylib+0x44517]  -[AWTStarter starter:]+0x389
C  [Foundation+0x92dd0]  __NSThreadPerformPerform+0x125
C  [CoreFoundation+0x80a01]  __CFRUNLOOP_IS_CALLING_OUT_TO_A_SOURCE0_PERFORM_FUNCTION__+0x11
C  [CoreFoundation+0x72b8d]  __CFRunLoopDoSources0+0x10d
C  [CoreFoundation+0x721bf]  __CFRunLoopRun+0x39f
C  [CoreFoundation+0x71bd8]  CFRunLoopRunSpecific+0x128
C  [java+0x6463]  CreateExecutionEnvironment+0x367
C  [java+0x21ac]  JLI_Launch+0x7a0
C  [java+0x84c0]  main+0x65
C  [java+0x1a04]  start+0x34
C  0x0000000000000007

Java frames: (J=compiled Java code, j=interpreted, Vv=VM code)
j  jogamp.nativewindow.jawt.macosx.MacOSXJAWTWindow.UnsetJAWTRootSurfaceLayer0(JJ)V+0
j  jogamp.nativewindow.jawt.macosx.MacOSXJAWTWindow.access$200(JJ)V+2
j  jogamp.nativewindow.jawt.macosx.MacOSXJAWTWindow$1.run()V+38
j  com.jogamp.common.util.RunnableTask.run()V+24
v  ~StubRoutines::call_stub

---------------  P R O C E S S  ---------------

Java Threads: ( => current thread )
  0x00007fc5542b0000 JavaThread "Thread-28" [_thread_blocked, id=68395, stack(0x000000017ee31000,0x000000017ef31000)]
  0x00007fc5549c6800 JavaThread "Image Fetcher 1" daemon [_thread_blocked, id=67843, stack(0x000000017daee000,0x000000017dbee000)]
  0x00007fc553b50000 JavaThread "Image Fetcher 0" daemon [_thread_blocked, id=67331, stack(0x000000017d9be000,0x000000017dabe000)]
  0x00007fc551385000 JavaThread "Keep-Alive-Timer" daemon [_thread_blocked, id=67119, stack(0x000000017d86a000,0x000000017d96a000)]
  0x00007fc554192800 JavaThread "Animation Thread" [_thread_blocked, id=60431, stack(0x00000001756f2000,0x00000001757f2000)]
  0x00007fc554947000 JavaThread "AWT-EventQueue-1" [_thread_in_native, id=60955, stack(0x0000000175d45000,0x0000000175e45000)]
  0x00007fc554191800 JavaThread "DestroyJavaVM" [_thread_blocked, id=4867, stack(0x000000010518a000,0x000000010528a000)]
  0x00007fc554092000 JavaThread "AWT-EventQueue-0" [_thread_blocked, id=58371, stack(0x0000000129a30000,0x0000000129b30000)]
  0x00007fc55405a000 JavaThread "Java2D Disposer" daemon [_thread_blocked, id=55319, stack(0x0000000128705000,0x0000000128805000)]
  0x00007fc5511bc800 JavaThread "Java2D Queue Flusher" daemon [_thread_blocked, id=52503, stack(0x0000000127672000,0x0000000127772000)]
  0x00007fc55404a000 JavaThread "AWT-Shutdown" [_thread_blocked, id=30483, stack(0x00000001245ec000,0x00000001246ec000)]
=>0x00007fc55402e000 JavaThread "AWT-AppKit" daemon [_thread_in_native, id=1811, stack(0x00007fff5c3e4000,0x00007fff5cbe4000)]
  0x00007fc551802000 JavaThread "Service Thread" daemon [_thread_blocked, id=20739, stack(0x0000000122c18000,0x0000000122d18000)]
  0x00007fc55385b000 JavaThread "C1 CompilerThread3" daemon [_thread_blocked, id=20227, stack(0x0000000122b15000,0x0000000122c15000)]
  0x00007fc554036000 JavaThread "C2 CompilerThread2" daemon [_thread_blocked, id=19715, stack(0x0000000122a12000,0x0000000122b12000)]
  0x00007fc554008000 JavaThread "C2 CompilerThread1" daemon [_thread_blocked, id=19203, stack(0x000000012290f000,0x0000000122a0f000)]
  0x00007fc551015800 JavaThread "C2 CompilerThread0" daemon [_thread_blocked, id=18691, stack(0x000000012280c000,0x000000012290c000)]
  0x00007fc55100f800 JavaThread "Signal Dispatcher" daemon [_thread_blocked, id=15127, stack(0x0000000122709000,0x0000000122809000)]
  0x00007fc55385a000 JavaThread "Finalizer" daemon [_thread_blocked, id=13571, stack(0x0000000120ce9000,0x0000000120de9000)]
  0x00007fc553859800 JavaThread "Reference Handler" daemon [_thread_blocked, id=13059, stack(0x0000000120be6000,0x0000000120ce6000)]

Other Threads:
  0x00007fc553858800 VMThread [stack: 0x0000000120ae3000,0x0000000120be3000] [id=12547]
  0x00007fc554040800 WatcherThread [stack: 0x0000000122d1b000,0x0000000122e1b000] [id=21251]

VM state:not at safepoint (normal execution)

VM Mutex/Monitor currently owned by a thread: None

Heap:
 PSYoungGen      total 76288K, used 64031K [0x000000076ab00000, 0x0000000770000000, 0x00000007c0000000)
  eden space 65536K, 81% used [0x000000076ab00000,0x000000076df09d28,0x000000076eb00000)
  from space 10752K, 99% used [0x000000076eb00000,0x000000076f57e030,0x000000076f580000)
  to   space 10752K, 0% used [0x000000076f580000,0x000000076f580000,0x0000000770000000)
 ParOldGen       total 175104K, used 2513K [0x00000006c0000000, 0x00000006cab00000, 0x000000076ab00000)
  object space 175104K, 1% used [0x00000006c0000000,0x00000006c0274720,0x00000006cab00000)
 Metaspace       used 18744K, capacity 18947K, committed 19072K, reserved 1067008K
  class space    used 1867K, capacity 1918K, committed 1920K, reserved 1048576K

Card table byte_map: [0x000000011464c000,0x0000000114e4d000] byte_map_base: 0x000000011104c000

Marking Bits: (ParMarkBitMap*) 0x0000000104adee20
 Begin Bits: [0x0000000115bbb000, 0x0000000119bbb000)
 End Bits:   [0x0000000119bbb000, 0x000000011dbbb000)

Polling page: 0x0000000103175000

CodeCache: size=245760Kb used=5567Kb max_used=5569Kb free=240192Kb
 bounds [0x000000010528c000, 0x000000010580c000, 0x000000011428c000]
 total_blobs=2401 nmethods=1528 adapters=787
 compilation: enabled

Compilation events (10 events):
Event: 6.182 Thread 0x00007fc55385b000 nmethod 1645 0x0000000105800350 code [0x0000000105800500, 0x0000000105800b68]
Event: 6.182 Thread 0x00007fc55385b000 1646       3       sun.java2d.SurfaceData::pixelFor (13 bytes)
Event: 6.182 Thread 0x00007fc55385b000 nmethod 1646 0x0000000105800d10 code [0x0000000105800e80, 0x0000000105801188]
Event: 6.182 Thread 0x00007fc55385b000 1647       3       sun.java2d.loops.SurfaceType::pixelFor (10 bytes)
Event: 6.182 Thread 0x00007fc55385b000 nmethod 1647 0x00000001058012d0 code [0x0000000105801440, 0x0000000105801668]
Event: 6.182 Thread 0x00007fc55385b000 1649       1       sun.java2d.SurfaceData::isValid (5 bytes)
Event: 6.182 Thread 0x00007fc55385b000 nmethod 1649 0x0000000105801750 code [0x00000001058018a0, 0x00000001058019b0]
Event: 6.183 Thread 0x00007fc554008000 nmethod 1648 0x0000000105802750 code [0x00000001058028c0, 0x00000001058029d8]
Event: 6.203 Thread 0x00007fc55385b000 1650       3       java.util.Stack::empty (13 bytes)
Event: 6.203 Thread 0x00007fc55385b000 nmethod 1650 0x0000000105802150 code [0x00000001058022c0, 0x0000000105802690]

GC Heap History (2 events):
Event: 4.046 GC heap before
{Heap before GC invocations=1 (full 0):
 PSYoungGen      total 76288K, used 65536K [0x000000076ab00000, 0x0000000770000000, 0x00000007c0000000)
  eden space 65536K, 100% used [0x000000076ab00000,0x000000076eb00000,0x000000076eb00000)
  from space 10752K, 0% used [0x000000076f580000,0x000000076f580000,0x0000000770000000)
  to   space 10752K, 0% used [0x000000076eb00000,0x000000076eb00000,0x000000076f580000)
 ParOldGen       total 175104K, used 0K [0x00000006c0000000, 0x00000006cab00000, 0x000000076ab00000)
  object space 175104K, 0% used [0x00000006c0000000,0x00000006c0000000,0x00000006cab00000)
 Metaspace       used 18280K, capacity 18487K, committed 18560K, reserved 1067008K
  class space    used 1858K, capacity 1916K, committed 1920K, reserved 1048576K
Event: 4.062 GC heap after
Heap after GC invocations=1 (full 0):
 PSYoungGen      total 76288K, used 10744K [0x000000076ab00000, 0x0000000770000000, 0x00000007c0000000)
  eden space 65536K, 0% used [0x000000076ab00000,0x000000076ab00000,0x000000076eb00000)
  from space 10752K, 99% used [0x000000076eb00000,0x000000076f57e030,0x000000076f580000)
  to   space 10752K, 0% used [0x000000076f580000,0x000000076f580000,0x0000000770000000)
 ParOldGen       total 175104K, used 2513K [0x00000006c0000000, 0x00000006cab00000, 0x000000076ab00000)
  object space 175104K, 1% used [0x00000006c0000000,0x00000006c0274720,0x00000006cab00000)
 Metaspace       used 18280K, capacity 18487K, committed 18560K, reserved 1067008K
  class space    used 1858K, capacity 1916K, committed 1920K, reserved 1048576K
}

Deoptimization events (6 events):
Event: 2.166 Thread 0x00007fc551003800 Uncommon trap: reason=unstable_if action=reinterpret pc=0x000000010544b900 method=java.lang.String.toLowerCase(Ljava/util/Locale;)Ljava/lang/String; @ 85
Event: 2.460 Thread 0x00007fc554192800 Uncommon trap: reason=unstable_if action=reinterpret pc=0x00000001055021d4 method=java.lang.String.indexOf([CII[CIII)I @ 3
Event: 2.460 Thread 0x00007fc554192800 Uncommon trap: reason=unstable_if action=reinterpret pc=0x00000001054cf410 method=java.lang.String.indexOf([CII[CIII)I @ 3
Event: 2.460 Thread 0x00007fc554192800 Uncommon trap: reason=unstable_if action=reinterpret pc=0x000000010543c5d8 method=java.lang.String.indexOf([CII[CIII)I @ 3
Event: 3.670 Thread 0x00007fc554947000 Uncommon trap: reason=unstable_if action=reinterpret pc=0x000000010542812c method=java.lang.AbstractStringBuilder.append(Ljava/lang/String;)Ljava/lang/AbstractStringBuilder; @ 1
Event: 6.176 Thread 0x00007fc554947000 Uncommon trap: reason=unstable_if action=reinterpret pc=0x0000000105703068 method=com.jogamp.common.util.VersionNumber.compareTo(Lcom/jogamp/common/util/VersionNumber;)I @ 21

Internal exceptions (10 events):
Event: 0.212 Thread 0x00007fc552803000 Exception <a 'java/lang/NoSuchFieldError': method resolution failed> (0x000000076aeedba0) thrown at [/Users/java_re/workspace/8-2-build-macosx-x86_64/jdk8u60/4407/hotspot/src/share/vm/prims/methodHandles.cpp, line 1146]
Event: 0.216 Thread 0x00007fc552803000 Exception <a 'java/lang/NoSuchFieldError': method resolution failed> (0x000000076aefb370) thrown at [/Users/java_re/workspace/8-2-build-macosx-x86_64/jdk8u60/4407/hotspot/src/share/vm/prims/methodHandles.cpp, line 1146]
Event: 0.532 Thread 0x00007fc552803000 Exception <a 'java/io/FileNotFoundException'> (0x000000076af771d8) thrown at [/Users/java_re/workspace/8-2-build-macosx-x86_64/jdk8u60/4407/hotspot/src/share/vm/prims/jni.cpp, line 709]
Event: 0.532 Thread 0x00007fc552803000 Exception <a 'java/io/FileNotFoundException'> (0x000000076af77d80) thrown at [/Users/java_re/workspace/8-2-build-macosx-x86_64/jdk8u60/4407/hotspot/src/share/vm/prims/jni.cpp, line 709]
Event: 0.686 Thread 0x00007fc552803000 Exception <a 'java/io/FileNotFoundException'> (0x000000076b00db40) thrown at [/Users/java_re/workspace/8-2-build-macosx-x86_64/jdk8u60/4407/hotspot/src/share/vm/prims/jni.cpp, line 709]
Event: 2.486 Thread 0x00007fc554192800 Exception <a 'java/lang/UnsatisfiedLinkError': com.jogamp.common.util.JarUtil.fixNativeLibAttribs(Ljava/lang/String;)Z> (0x000000076c750ed0) thrown at [/Users/java_re/workspace/8-2-build-macosx-x86_64/jdk8u60/4407/hotspot/src/share/vm/prims/nativeLookup.c
Event: 3.669 Thread 0x00007fc554947000 Exception <a 'java/io/FileNotFoundException'> (0x000000076d7f5248) thrown at [/Users/java_re/workspace/8-2-build-macosx-x86_64/jdk8u60/4407/hotspot/src/share/vm/prims/jni.cpp, line 709]
Event: 3.670 Thread 0x00007fc554947000 Exception <a 'java/io/FileNotFoundException'> (0x000000076d7fb7e0) thrown at [/Users/java_re/workspace/8-2-build-macosx-x86_64/jdk8u60/4407/hotspot/src/share/vm/prims/jni.cpp, line 709]
Event: 3.670 Thread 0x00007fc554947000 Implicit null exception at 0x0000000105427db5 to 0x0000000105428119
Event: 4.066 Thread 0x00007fc55385a000 Exception <a 'java/lang/NullPointerException'> (0x000000076b117140) thrown at [/Users/java_re/workspace/8-2-build-macosx-x86_64/jdk8u60/4407/hotspot/src/share/vm/interpreter/linkResolver.cpp, line 1178]

Events (10 events):
Event: 6.203 loading class jogamp/nativewindow/jawt/macosx/MacOSXJAWTWindow$1 done
Event: 6.204 loading class java/awt/LightweightDispatcher$2
Event: 6.204 loading class java/awt/LightweightDispatcher$2 done
Event: 6.204 loading class java/awt/event/AWTEventListenerProxy
Event: 6.204 loading class java/awt/event/AWTEventListenerProxy done
Event: 6.204 loading class java/awt/Toolkit$ToolkitEventMulticaster
Event: 6.204 loading class java/awt/Toolkit$ToolkitEventMulticaster done
Event: 6.205 Thread 0x00007fc55405d000 Thread exited: 0x00007fc55405d000
Event: 6.205 loading class java/awt/Window$1DisposeAction
Event: 6.206 loading class java/awt/Window$1DisposeAction done


Dynamic libraries:
0x00000000054a7000 	/System/Library/Frameworks/Cocoa.framework/Versions/A/Cocoa
0x00000000054a7000 	/System/Library/Frameworks/Security.framework/Versions/A/Security
0x00000000054a7000 	/System/Library/Frameworks/ApplicationServices.framework/Versions/A/ApplicationServices
0x00000000054a7000 	/usr/lib/libz.1.dylib
0x00000000054a7000 	/usr/lib/libSystem.B.dylib
0x00000000054a7000 	/usr/lib/libobjc.A.dylib
0x00000000054a7000 	/System/Library/Frameworks/CoreFoundation.framework/Versions/A/CoreFoundation
0x00000000054a7000 	/System/Library/Frameworks/Foundation.framework/Versions/C/Foundation
0x00000000054a7000 	/System/Library/Frameworks/AppKit.framework/Versions/C/AppKit
0x00000000054a7000 	/System/Library/Frameworks/CoreData.framework/Versions/A/CoreData
0x00000000054a7000 	/System/Library/PrivateFrameworks/RemoteViewServices.framework/Versions/A/RemoteViewServices
0x00000000054a7000 	/System/Library/PrivateFrameworks/UIFoundation.framework/Versions/A/UIFoundation
0x00000000054a7000 	/System/Library/Frameworks/IOSurface.framework/Versions/A/IOSurface
0x00000000054a7000 	/System/Library/Frameworks/AudioToolbox.framework/Versions/A/AudioToolbox
0x00000000054a7000 	/System/Library/Frameworks/AudioUnit.framework/Versions/A/AudioUnit
0x00000000054a7000 	/System/Library/PrivateFrameworks/DataDetectorsCore.framework/Versions/A/DataDetectorsCore
0x00000000054a7000 	/System/Library/PrivateFrameworks/DesktopServicesPriv.framework/Versions/A/DesktopServicesPriv
0x00000000054a7000 	/System/Library/Frameworks/Carbon.framework/Versions/A/Frameworks/HIToolbox.framework/Versions/A/HIToolbox
0x00000000054a7000 	/System/Library/Frameworks/QuartzCore.framework/Versions/A/QuartzCore
0x00000000054a7000 	/System/Library/Frameworks/Carbon.framework/Versions/A/Frameworks/SpeechRecognition.framework/Versions/A/SpeechRecognition
0x00000000054a7000 	/usr/lib/libauto.dylib
0x00000000054a7000 	/usr/lib/libicucore.A.dylib
0x00000000054a7000 	/usr/lib/libxml2.2.dylib
0x00000000054a7000 	/System/Library/PrivateFrameworks/CoreUI.framework/Versions/A/CoreUI
0x00000000054a7000 	/System/Library/Frameworks/CoreAudio.framework/Versions/A/CoreAudio
0x00000000054a7000 	/System/Library/Frameworks/DiskArbitration.framework/Versions/A/DiskArbitration
0x00000000054a7000 	/usr/lib/liblangid.dylib
0x00000000054a7000 	/System/Library/PrivateFrameworks/MultitouchSupport.framework/Versions/A/MultitouchSupport
0x00000000054a7000 	/System/Library/Frameworks/IOKit.framework/Versions/A/IOKit
0x00000000054a7000 	/usr/lib/libDiagnosticMessagesClient.dylib
0x00000000054a7000 	/System/Library/Frameworks/CoreServices.framework/Versions/A/CoreServices
0x00000000054a7000 	/System/Library/PrivateFrameworks/PerformanceAnalysis.framework/Versions/A/PerformanceAnalysis
0x00000000054a7000 	/System/Library/PrivateFrameworks/GenerationalStorage.framework/Versions/A/GenerationalStorage
0x00000000054a7000 	/System/Library/Frameworks/OpenGL.framework/Versions/A/OpenGL
0x00000000054a7000 	/System/Library/PrivateFrameworks/Sharing.framework/Versions/A/Sharing
0x00000000054a7000 	/System/Library/Frameworks/CoreGraphics.framework/Versions/A/CoreGraphics
0x00000000054a7000 	/System/Library/Frameworks/CoreText.framework/Versions/A/CoreText
0x00000000054a7000 	/System/Library/Frameworks/ImageIO.framework/Versions/A/ImageIO
0x00000000054a7000 	/usr/lib/libextension.dylib
0x00000000054a7000 	/System/Library/PrivateFrameworks/Backup.framework/Versions/A/Backup
0x00000000054a7000 	/usr/lib/libarchive.2.dylib
0x00000000054a7000 	/System/Library/Frameworks/CFNetwork.framework/Versions/A/CFNetwork
0x00000000054a7000 	/System/Library/Frameworks/SystemConfiguration.framework/Versions/A/SystemConfiguration
0x00000000054a7000 	/usr/lib/libCRFSuite.dylib
0x00000000054a7000 	/usr/lib/libc++.1.dylib
0x00000000054a7000 	/usr/lib/libc++abi.dylib
0x00000000054a7000 	/usr/lib/system/libcache.dylib
0x00000000054a7000 	/usr/lib/system/libcommonCrypto.dylib
0x00000000054a7000 	/usr/lib/system/libcompiler_rt.dylib
0x00000000054a7000 	/usr/lib/system/libcopyfile.dylib
0x00000000054a7000 	/usr/lib/system/libcorecrypto.dylib
0x00000000054a7000 	/usr/lib/system/libdispatch.dylib
0x00000000054a7000 	/usr/lib/system/libdyld.dylib
0x00000000054a7000 	/usr/lib/system/libkeymgr.dylib
0x00000000054a7000 	/usr/lib/system/liblaunch.dylib
0x00000000054a7000 	/usr/lib/system/libmacho.dylib
0x00000000054a7000 	/usr/lib/system/libquarantine.dylib
0x00000000054a7000 	/usr/lib/system/libremovefile.dylib
0x00000000054a7000 	/usr/lib/system/libsystem_asl.dylib
0x00000000054a7000 	/usr/lib/system/libsystem_blocks.dylib
0x00000000054a7000 	/usr/lib/system/libsystem_c.dylib
0x00000000054a7000 	/usr/lib/system/libsystem_configuration.dylib
0x00000000054a7000 	/usr/lib/system/libsystem_coreservices.dylib
0x00000000054a7000 	/usr/lib/system/libsystem_coretls.dylib
0x00000000054a7000 	/usr/lib/system/libsystem_dnssd.dylib
0x00000000054a7000 	/usr/lib/system/libsystem_info.dylib
0x00000000054a7000 	/usr/lib/system/libsystem_kernel.dylib
0x00000000054a7000 	/usr/lib/system/libsystem_m.dylib
0x00000000054a7000 	/usr/lib/system/libsystem_malloc.dylib
0x00000000054a7000 	/usr/lib/system/libsystem_network.dylib
0x00000000054a7000 	/usr/lib/system/libsystem_networkextension.dylib
0x00000000054a7000 	/usr/lib/system/libsystem_notify.dylib
0x00000000054a7000 	/usr/lib/system/libsystem_platform.dylib
0x00000000054a7000 	/usr/lib/system/libsystem_pthread.dylib
0x00000000054a7000 	/usr/lib/system/libsystem_sandbox.dylib
0x00000000054a7000 	/usr/lib/system/libsystem_secinit.dylib
0x00000000054a7000 	/usr/lib/system/libsystem_stats.dylib
0x00000000054a7000 	/usr/lib/system/libsystem_trace.dylib
0x00000000054a7000 	/usr/lib/system/libunc.dylib
0x00000000054a7000 	/usr/lib/system/libunwind.dylib
0x00000000054a7000 	/usr/lib/system/libxpc.dylib
0x00000000054a7000 	/usr/lib/libbz2.1.0.dylib
0x00000000054a7000 	/usr/lib/liblzma.5.dylib
0x00000000054a7000 	/usr/lib/libbsm.0.dylib
0x00000000054a7000 	/usr/lib/libsqlite3.dylib
0x00000000054a7000 	/usr/lib/system/libkxld.dylib
0x00000000054a7000 	/usr/lib/libxar.1.dylib
0x00000000054a7000 	/usr/lib/libpam.2.dylib
0x00000000054a7000 	/usr/lib/libOpenScriptingUtil.dylib
0x00000000054a7000 	/System/Library/Frameworks/CoreServices.framework/Versions/A/Frameworks/FSEvents.framework/Versions/A/FSEvents
0x00000000054a7000 	/System/Library/Frameworks/CoreServices.framework/Versions/A/Frameworks/CarbonCore.framework/Versions/A/CarbonCore
0x00000000054a7000 	/System/Library/Frameworks/CoreServices.framework/Versions/A/Frameworks/Metadata.framework/Versions/A/Metadata
0x00000000054a7000 	/System/Library/Frameworks/CoreServices.framework/Versions/A/Frameworks/OSServices.framework/Versions/A/OSServices
0x00000000054a7000 	/System/Library/Frameworks/CoreServices.framework/Versions/A/Frameworks/SearchKit.framework/Versions/A/SearchKit
0x00000000054a7000 	/System/Library/Frameworks/CoreServices.framework/Versions/A/Frameworks/AE.framework/Versions/A/AE
0x00000000054a7000 	/System/Library/Frameworks/CoreServices.framework/Versions/A/Frameworks/LaunchServices.framework/Versions/A/LaunchServices
0x00000000054a7000 	/System/Library/Frameworks/CoreServices.framework/Versions/A/Frameworks/DictionaryServices.framework/Versions/A/DictionaryServices
0x00000000054a7000 	/System/Library/Frameworks/NetFS.framework/Versions/A/NetFS
0x00000000054a7000 	/System/Library/PrivateFrameworks/NetAuth.framework/Versions/A/NetAuth
0x00000000054a7000 	/System/Library/PrivateFrameworks/login.framework/Versions/A/Frameworks/loginsupport.framework/Versions/A/loginsupport
0x00000000054a7000 	/System/Library/PrivateFrameworks/TCC.framework/Versions/A/TCC
0x00000000054a7000 	/usr/lib/libmecabra.dylib
0x00000000054a7000 	/System/Library/Frameworks/ApplicationServices.framework/Versions/A/Frameworks/ATS.framework/Versions/A/ATS
0x00000000054a7000 	/System/Library/Frameworks/ApplicationServices.framework/Versions/A/Frameworks/ColorSync.framework/Versions/A/ColorSync
0x00000000054a7000 	/System/Library/Frameworks/ApplicationServices.framework/Versions/A/Frameworks/HIServices.framework/Versions/A/HIServices
0x00000000054a7000 	/System/Library/Frameworks/ApplicationServices.framework/Versions/A/Frameworks/LangAnalysis.framework/Versions/A/LangAnalysis
0x00000000054a7000 	/System/Library/Frameworks/ApplicationServices.framework/Versions/A/Frameworks/PrintCore.framework/Versions/A/PrintCore
0x00000000054a7000 	/System/Library/Frameworks/ApplicationServices.framework/Versions/A/Frameworks/QD.framework/Versions/A/QD
0x00000000054a7000 	/System/Library/Frameworks/ApplicationServices.framework/Versions/A/Frameworks/SpeechSynthesis.framework/Versions/A/SpeechSynthesis
0x00000000054a7000 	/System/Library/Frameworks/Accelerate.framework/Versions/A/Accelerate
0x00000000054a7000 	/System/Library/Frameworks/Accelerate.framework/Versions/A/Frameworks/vImage.framework/Versions/A/vImage
0x00000000054a7000 	/System/Library/Frameworks/Accelerate.framework/Versions/A/Frameworks/vecLib.framework/Versions/A/vecLib
0x00000000054a7000 	/System/Library/Frameworks/Accelerate.framework/Versions/A/Frameworks/vecLib.framework/Versions/A/libvDSP.dylib
0x00000000054a7000 	/System/Library/Frameworks/Accelerate.framework/Versions/A/Frameworks/vecLib.framework/Versions/A/libvMisc.dylib
0x00000000054a7000 	/System/Library/Frameworks/Accelerate.framework/Versions/A/Frameworks/vecLib.framework/Versions/A/libLAPACK.dylib
0x00000000054a7000 	/System/Library/Frameworks/Accelerate.framework/Versions/A/Frameworks/vecLib.framework/Versions/A/libBLAS.dylib
0x00000000054a7000 	/System/Library/Frameworks/Accelerate.framework/Versions/A/Frameworks/vecLib.framework/Versions/A/libLinearAlgebra.dylib
0x00000000054a7000 	/System/Library/Frameworks/ApplicationServices.framework/Versions/A/Frameworks/ATS.framework/Versions/A/Resources/libFontParser.dylib
0x00000000054a7000 	/System/Library/Frameworks/ApplicationServices.framework/Versions/A/Frameworks/ATS.framework/Versions/A/Resources/libFontRegistry.dylib
0x00000000054a7000 	/System/Library/PrivateFrameworks/AppleVPA.framework/Versions/A/AppleVPA
0x00000000054a7000 	/System/Library/PrivateFrameworks/AppleJPEG.framework/Versions/A/AppleJPEG
0x00000000054a7000 	/System/Library/Frameworks/ImageIO.framework/Versions/A/Resources/libJPEG.dylib
0x00000000054a7000 	/System/Library/Frameworks/ImageIO.framework/Versions/A/Resources/libTIFF.dylib
0x00000000054a7000 	/System/Library/Frameworks/ImageIO.framework/Versions/A/Resources/libPng.dylib
0x00000000054a7000 	/System/Library/Frameworks/ImageIO.framework/Versions/A/Resources/libGIF.dylib
0x00000000054a7000 	/System/Library/Frameworks/ImageIO.framework/Versions/A/Resources/libJP2.dylib
0x00000000054a7000 	/System/Library/Frameworks/ImageIO.framework/Versions/A/Resources/libRadiance.dylib
0x00000000054a7000 	/System/Library/Frameworks/CoreVideo.framework/Versions/A/CoreVideo
0x00000000054a7000 	/System/Library/Frameworks/OpenGL.framework/Versions/A/Libraries/libGLU.dylib
0x00000000054a7000 	/System/Library/Frameworks/OpenGL.framework/Versions/A/Libraries/libGFXShared.dylib
0x00000000054a7000 	/System/Library/Frameworks/OpenGL.framework/Versions/A/Libraries/libGL.dylib
0x00000000054a7000 	/System/Library/Frameworks/OpenGL.framework/Versions/A/Libraries/libGLImage.dylib
0x00000000054a7000 	/System/Library/Frameworks/OpenGL.framework/Versions/A/Libraries/libCVMSPluginSupport.dylib
0x00000000054a7000 	/System/Library/Frameworks/OpenGL.framework/Versions/A/Libraries/libCoreVMClient.dylib
0x00000000054a7000 	/usr/lib/libcups.2.dylib
0x00000000054a7000 	/System/Library/Frameworks/Kerberos.framework/Versions/A/Kerberos
0x00000000054a7000 	/System/Library/Frameworks/GSS.framework/Versions/A/GSS
0x00000000054a7000 	/usr/lib/libresolv.9.dylib
0x00000000054a7000 	/usr/lib/libiconv.2.dylib
0x00000000054a7000 	/System/Library/PrivateFrameworks/Heimdal.framework/Versions/A/Heimdal
0x00000000054a7000 	/usr/lib/libheimdal-asn1.dylib
0x00000000054a7000 	/System/Library/Frameworks/OpenDirectory.framework/Versions/A/OpenDirectory
0x00000000054a7000 	/System/Library/PrivateFrameworks/CommonAuth.framework/Versions/A/CommonAuth
0x00000000054a7000 	/System/Library/Frameworks/OpenDirectory.framework/Versions/A/Frameworks/CFOpenDirectory.framework/Versions/A/CFOpenDirectory
0x00000000054a7000 	/System/Library/Frameworks/SecurityFoundation.framework/Versions/A/SecurityFoundation
0x00000000054a7000 	/System/Library/PrivateFrameworks/LanguageModeling.framework/Versions/A/LanguageModeling
0x00000000054a7000 	/usr/lib/libcmph.dylib
0x00000000054a7000 	/System/Library/Frameworks/ServiceManagement.framework/Versions/A/ServiceManagement
0x00000000054a7000 	/usr/lib/libxslt.1.dylib
0x00000000054a7000 	/System/Library/Frameworks/Carbon.framework/Versions/A/Frameworks/Ink.framework/Versions/A/Ink
0x00000000054a7000 	/System/Library/Frameworks/QuartzCore.framework/Versions/A/Frameworks/CoreImage.framework/Versions/A/CoreImage
0x00000000054a7000 	/System/Library/PrivateFrameworks/CrashReporterSupport.framework/Versions/A/CrashReporterSupport
0x00000000054a7000 	/System/Library/Frameworks/OpenCL.framework/Versions/A/OpenCL
0x00000000054a7000 	/System/Library/PrivateFrameworks/FaceCore.framework/Versions/A/FaceCore
0x00000000054a7000 	/System/Library/PrivateFrameworks/Ubiquity.framework/Versions/A/Ubiquity
0x00000000054a7000 	/System/Library/PrivateFrameworks/IconServices.framework/Versions/A/IconServices
0x00000000054a7000 	/System/Library/PrivateFrameworks/ChunkingLibrary.framework/Versions/A/ChunkingLibrary
0x00000000054a7000 	/System/Library/PrivateFrameworks/Apple80211.framework/Versions/A/Apple80211
0x00000000054a7000 	/System/Library/Frameworks/CoreWLAN.framework/Versions/A/CoreWLAN
0x00000000054a7000 	/System/Library/Frameworks/IOBluetooth.framework/Versions/A/IOBluetooth
0x00000000054a7000 	/System/Library/PrivateFrameworks/CoreWiFi.framework/Versions/A/CoreWiFi
0x00000000054a7000 	/System/Library/Frameworks/CoreBluetooth.framework/Versions/A/CoreBluetooth
0x00000000054a7000 	/System/Library/PrivateFrameworks/DebugSymbols.framework/Versions/A/DebugSymbols
0x00000000054a7000 	/System/Library/PrivateFrameworks/CoreSymbolication.framework/Versions/A/CoreSymbolication
0x00000000054a7000 	/System/Library/PrivateFrameworks/Symbolication.framework/Versions/A/Symbolication
0x00000000054a7000 	/System/Library/PrivateFrameworks/SpeechRecognitionCore.framework/Versions/A/SpeechRecognitionCore
0x0000000104200000 	/Library/Java/JavaVirtualMachines/jdk1.8.0_60.jdk/Contents/Home/jre/lib/server/libjvm.dylib
0x00000000054a7000 	/usr/lib/libstdc++.6.dylib
0x0000000103132000 	/Library/Java/JavaVirtualMachines/jdk1.8.0_60.jdk/Contents/Home/jre/lib/libverify.dylib
0x0000000103140000 	/Library/Java/JavaVirtualMachines/jdk1.8.0_60.jdk/Contents/Home/jre/lib/libjava.dylib
0x000000010317f000 	/Library/Java/JavaVirtualMachines/jdk1.8.0_60.jdk/Contents/Home/jre/lib/libzip.dylib
0x0000000120deb000 	/System/Library/Frameworks/JavaVM.framework/Frameworks/JavaRuntimeSupport.framework/JavaRuntimeSupport
0x0000000120e01000 	/System/Library/Frameworks/JavaVM.framework/Versions/A/Frameworks/JavaNativeFoundation.framework/Versions/A/JavaNativeFoundation
0x0000000120e15000 	/System/Library/Frameworks/JavaVM.framework/Versions/A/JavaVM
0x00000000054a7000 	/System/Library/Frameworks/Carbon.framework/Versions/A/Carbon
0x0000000120e21000 	/System/Library/PrivateFrameworks/JavaLaunching.framework/Versions/A/JavaLaunching
0x00000000054a7000 	/System/Library/Frameworks/Carbon.framework/Versions/A/Frameworks/CommonPanels.framework/Versions/A/CommonPanels
0x00000000054a7000 	/System/Library/Frameworks/Carbon.framework/Versions/A/Frameworks/Help.framework/Versions/A/Help
0x00000000054a7000 	/System/Library/Frameworks/Carbon.framework/Versions/A/Frameworks/ImageCapture.framework/Versions/A/ImageCapture
0x00000000054a7000 	/System/Library/Frameworks/Carbon.framework/Versions/A/Frameworks/OpenScripting.framework/Versions/A/OpenScripting
0x00000000054a7000 	/System/Library/Frameworks/Carbon.framework/Versions/A/Frameworks/Print.framework/Versions/A/Print
0x00000000054a7000 	/System/Library/Frameworks/Carbon.framework/Versions/A/Frameworks/SecurityHI.framework/Versions/A/SecurityHI
0x0000000122e1f000 	/Library/Java/JavaVirtualMachines/jdk1.8.0_60.jdk/Contents/Home/jre/lib/libawt.dylib
0x0000000122ec7000 	/Library/Java/JavaVirtualMachines/jdk1.8.0_60.jdk/Contents/Home/jre/lib/./libmlib_image.dylib
0x0000000122f93000 	/Library/Java/JavaVirtualMachines/jdk1.8.0_60.jdk/Contents/Home/jre/lib/libawt_lwawt.dylib
0x0000000123048000 	/Library/Java/JavaVirtualMachines/jdk1.8.0_60.jdk/Contents/Home/jre/lib/./libosxapp.dylib
0x00000000054a7000 	/System/Library/Frameworks/ExceptionHandling.framework/Versions/A/ExceptionHandling
0x00000000054a7000 	/System/Library/PrivateFrameworks/CoreServicesInternal.framework/Versions/A/CoreServicesInternal
0x00000000054a7000 	/System/Library/PrivateFrameworks/CloudDocs.framework/Versions/A/CloudDocs
0x00000000054a7000 	/System/Library/PrivateFrameworks/CoreDuet.framework/Versions/A/CoreDuet
0x00000000054a7000 	/System/Library/Frameworks/CloudKit.framework/Versions/A/CloudKit
0x00000000054a7000 	/System/Library/PrivateFrameworks/ProtocolBuffer.framework/Versions/A/ProtocolBuffer
0x00000000054a7000 	/System/Library/PrivateFrameworks/CoreDuetDaemonProtocol.framework/Versions/A/CoreDuetDaemonProtocol
0x00000000054a7000 	/System/Library/PrivateFrameworks/CoreDuetDebugLogging.framework/Versions/A/CoreDuetDebugLogging
0x00000000054a7000 	/System/Library/PrivateFrameworks/MMCS.framework/Versions/A/MMCS
0x00000000054a7000 	/System/Library/Frameworks/CoreLocation.framework/Versions/A/CoreLocation
0x00000000054a7000 	/System/Library/PrivateFrameworks/ProtectedCloudStorage.framework/Versions/A/ProtectedCloudStorage
0x00000000054a7000 	/System/Library/PrivateFrameworks/GeoServices.framework/Versions/A/GeoServices
0x00000000054a7000 	/System/Library/Frameworks/CoreGraphics.framework/Versions/A/Resources/libCGCMS.A.dylib
0x00000000054a7000 	/System/Library/Frameworks/CoreGraphics.framework/Versions/A/Resources/libRIP.A.dylib
0x00000000054a7000 	/System/Library/Frameworks/CoreGraphics.framework/Versions/A/Resources/libCGXType.A.dylib
0x00000000054a7000 	/System/Library/Frameworks/OpenCL.framework/Versions/A/Libraries/libcldcpuengine.dylib
0x00000000054a7000 	/System/Library/PrivateFrameworks/DiskImages.framework/Versions/A/DiskImages
0x00000000054a7000 	/System/Library/Frameworks/DiscRecording.framework/Versions/A/DiscRecording
0x00000000054a7000 	/usr/lib/libcsfde.dylib
0x00000000054a7000 	/usr/lib/libcurl.4.dylib
0x00000000054a7000 	/System/Library/PrivateFrameworks/MediaKit.framework/Versions/A/MediaKit
0x00000000054a7000 	/usr/lib/libCoreStorage.dylib
0x00000000054a7000 	/System/Library/PrivateFrameworks/EFILogin.framework/Versions/A/EFILogin
0x00000000054a7000 	/usr/lib/libutil.dylib
0x00000000054a7000 	/System/Library/PrivateFrameworks/FindMyDevice.framework/Versions/A/FindMyDevice
0x00000000054a7000 	/System/Library/Frameworks/LDAP.framework/Versions/A/LDAP
0x00000000054a7000 	/usr/lib/libsasl2.2.dylib
0x00000000054a7000 	/System/Library/PrivateFrameworks/CoreDaemon.framework/Versions/B/CoreDaemon
0x00000000054a7000 	/usr/lib/libcrypto.0.9.8.dylib
0x00000000054a7000 	/System/Library/PrivateFrameworks/AppleSRP.framework/Versions/A/AppleSRP
0x00000000054a7000 	/System/Library/PrivateFrameworks/TrustEvaluationAgent.framework/Versions/A/TrustEvaluationAgent
0x0000000126136000 	cl_kernels
0x0000000126138000 	/System/Library/Frameworks/OpenCL.framework/Versions/A/Libraries/ImageFormats/unorm8_bgra.dylib
0x0000000126128000 	cl_kernels
0x00000000054a7000 	/System/Library/PrivateFrameworks/FamilyControls.framework/Versions/A/FamilyControls
0x00000000054a7000 	/System/Library/PrivateFrameworks/CommerceKit.framework/Versions/A/Frameworks/CommerceCore.framework/Versions/A/CommerceCore
0x00000000054a7000 	/System/Library/PrivateFrameworks/SystemAdministration.framework/Versions/A/SystemAdministration
0x00000000054a7000 	/System/Library/PrivateFrameworks/AppContainer.framework/Versions/A/AppContainer
0x00000000054a7000 	/System/Library/PrivateFrameworks/SecCodeWrapper.framework/Versions/A/SecCodeWrapper
0x00000000054a7000 	/System/Library/Frameworks/DirectoryService.framework/Versions/A/DirectoryService
0x00000000054a7000 	/System/Library/PrivateFrameworks/LoginUIKit.framework/Versions/A/Frameworks/LoginUICore.framework/Versions/A/LoginUICore
0x00000000054a7000 	/usr/lib/libodfde.dylib
0x00000000054a7000 	/System/Library/Frameworks/OpenGL.framework/Versions/A/Resources/GLEngine.bundle/GLEngine
0x00000000054a7000 	/System/Library/Frameworks/OpenGL.framework/Versions/A/Libraries/libGLProgrammability.dylib
0x0000000127774000 	/System/Library/Extensions/AppleIntelHD5000GraphicsGLDriver.bundle/Contents/MacOS/AppleIntelHD5000GraphicsGLDriver
0x00000000054a7000 	/System/Library/PrivateFrameworks/IOAccelerator.framework/Versions/A/IOAccelerator
0x00000000054a7000 	/System/Library/PrivateFrameworks/GPUSupport.framework/Versions/A/Libraries/libGPUSupportMercury.dylib
0x00000000054a7000 	/System/Library/Frameworks/OpenGL.framework/Versions/A/Resources/GLRendererFloat.bundle/GLRendererFloat
0x0000000128807000 	/Library/Java/JavaVirtualMachines/jdk1.8.0_60.jdk/Contents/Home/jre/lib/libfontmanager.dylib
0x0000000129b42000 	/Library/Java/JavaVirtualMachines/jdk1.8.0_60.jdk/Contents/Home/jre/lib/libosxui.dylib
0x0000000129dd0000 	/Library/Java/JavaVirtualMachines/jdk1.8.0_60.jdk/Contents/Home/jre/lib/libnet.dylib
0x0000000129b81000 	/Library/Java/JavaVirtualMachines/jdk1.8.0_60.jdk/Contents/Home/jre/lib/libnio.dylib
0x00000000054a7000 	/System/Library/Frameworks/ApplicationServices.framework/Versions/A/Frameworks/ATS.framework/Versions/A/Resources/libTrueTypeScaler.dylib
0x000000017551d000 	/private/var/folders/jd/8y09m8r121zc6d9p7dp82f9r0000gn/T/jogamp_0000/file_cache/jln1363266697641786418/jln4870890181209477760/libgluegen-rt.jnilib
0x0000000175522000 	/private/var/folders/jd/8y09m8r121zc6d9p7dp82f9r0000gn/T/jogamp_0000/file_cache/jln1363266697641786418/jln4870890181209477760/libnativewindow_awt.jnilib
0x0000000175525000 	/Library/Java/JavaVirtualMachines/jdk1.8.0_60.jdk/Contents/Home/jre/lib/libjawt.dylib
0x0000000175528000 	/private/var/folders/jd/8y09m8r121zc6d9p7dp82f9r0000gn/T/jogamp_0000/file_cache/jln1363266697641786418/jln4870890181209477760/libnativewindow_macosx.jnilib
0x000000017904d000 	/private/var/folders/jd/8y09m8r121zc6d9p7dp82f9r0000gn/T/jogamp_0000/file_cache/jln1363266697641786418/jln4870890181209477760/libjogl_desktop.jnilib
0x000000017dac0000 	/Library/Java/JavaVirtualMachines/jdk1.8.0_60.jdk/Contents/Home/jre/lib/libjpeg.dylib

VM Arguments:
jvm_args: -Djava.security.policy=java.policy.applet -Dfile.encoding=UTF-8 
java_command: sun.applet.AppletViewer module1.HelloWorld1442676072780.html
java_class_path (initial): /Users/srivathsanseshadri/Documents/Java/UCSDUnfoldingMaps/build:/Users/srivathsanseshadri/Documents/Java/UCSDUnfoldingMaps/lib/core.jar:/Users/srivathsanseshadri/Documents/Java/UCSDUnfoldingMaps/lib/gluegen-rt.jar:/Users/srivathsanseshadri/Documents/Java/UCSDUnfoldingMaps/lib/jogl-all.jar:/Users/srivathsanseshadri/Documents/Java/UCSDUnfoldingMaps/lib/log4j-1.2.15.jar:/Users/srivathsanseshadri/Documents/Java/UCSDUnfoldingMaps/lib/sqlite-jdbc-3.7.2.jar:/Users/srivathsanseshadri/Documents/Java/UCSDUnfoldingMaps/lib/json4processing.jar:/Users/srivathsanseshadri/Documents/Java/UCSDUnfoldingMaps/lib/libTUIO.jar:/Users/srivathsanseshadri/Documents/Java/UCSDUnfoldingMaps/lib/unfolding.0.9.7-uscd.jar
Launcher Type: SUN_STANDARD

Environment Variables:
PATH=/usr/bin:/bin:/usr/sbin:/sbin
SHELL=/bin/bash

Signal Handlers:
SIGSEGV: [libjvm.dylib+0x5a6d31], sa_mask[0]=11111111011111110111111111111111, sa_flags=SA_ONSTACK|SA_RESTART|SA_SIGINFO
SIGBUS: [libjvm.dylib+0x5a6d31], sa_mask[0]=11111111011111110111111111111111, sa_flags=SA_RESTART|SA_SIGINFO
SIGFPE: [libjvm.dylib+0x480a4c], sa_mask[0]=11111111011111110111111111111111, sa_flags=SA_RESTART|SA_SIGINFO
SIGPIPE: [libjvm.dylib+0x480a4c], sa_mask[0]=11111111011111110111111111111111, sa_flags=SA_RESTART|SA_SIGINFO
SIGXFSZ: [libjvm.dylib+0x480a4c], sa_mask[0]=11111111011111110111111111111111, sa_flags=SA_RESTART|SA_SIGINFO
SIGILL: [libjvm.dylib+0x480a4c], sa_mask[0]=11111111011111110111111111111111, sa_flags=SA_RESTART|SA_SIGINFO
SIGUSR1: SIG_DFL, sa_mask[0]=00000000000000000000000000000000, sa_flags=none
SIGUSR2: [libjvm.dylib+0x48056a], sa_mask[0]=00100000000000000000000000000000, sa_flags=SA_RESTART|SA_SIGINFO
SIGHUP: [libjvm.dylib+0x47eb41], sa_mask[0]=11111111011111110111111111111111, sa_flags=SA_RESTART|SA_SIGINFO
SIGINT: [libjvm.dylib+0x47eb41], sa_mask[0]=11111111011111110111111111111111, sa_flags=SA_RESTART|SA_SIGINFO
SIGTERM: [libjvm.dylib+0x47eb41], sa_mask[0]=11111111011111110111111111111111, sa_flags=SA_RESTART|SA_SIGINFO
SIGQUIT: [libjvm.dylib+0x47eb41], sa_mask[0]=11111111011111110111111111111111, sa_flags=SA_RESTART|SA_SIGINFO


---------------  S Y S T E M  ---------------

OS:Bsduname:Darwin 14.5.0 Darwin Kernel Version 14.5.0: Wed Jul 29 02:26:53 PDT 2015; root:xnu-2782.40.9~1/RELEASE_X86_64 x86_64
rlimit: STACK 8192k, CORE 0k, NPROC 709, NOFILE 10240, AS infinity
load average:1.79 1.34 1.35

CPU:total 8 (4 cores per cpu, 2 threads per core) family 6 model 70 stepping 1, cmov, cx8, fxsr, mmx, sse, sse2, sse3, ssse3, sse4.1, sse4.2, popcnt, avx, avx2, aes, clmul, erms, lzcnt, ht, tsc, tscinvbit, bmi1, bmi2

Memory: 4k page, physical 16777216k(2494160k free)

/proc/meminfo:


vm_info: Java HotSpot(TM) 64-Bit Server VM (25.60-b23) for bsd-amd64 JRE (1.8.0_60-b27), built on Aug  4 2015 10:47:24 by "java_re" with gcc 4.2.1 (Based on Apple Inc. build 5658) (LLVM build 2336.11.00)

time: Sat Sep 19 11:21:19 2015
elapsed time: 6 seconds (0d 0h 0m 6s)

