#
# A fatal error has been detected by the Java Runtime Environment:
#
#  SIGSEGV (0xb) at pc=0x00007fff85abb0dd, pid=1153, tid=1811
#
# JRE version: Java(TM) SE Runtime Environment (8.0_60-b27) (build 1.8.0_60-b27)
# Java VM: Java HotSpot(TM) 64-Bit Server VM (25.60-b23 mixed mode bsd-amd64 compressed oops)
# Problematic frame:
# C  [libobjc.A.dylib+0x10dd]  objc_msgSend+0x1d
#
# Failed to write core dump. Core dumps have been disabled. To enable core dumping, try "ulimit -c unlimited" before starting Java again
#
# If you would like to submit a bug report, please visit:
#   http://bugreport.java.com/bugreport/crash.jsp
# The crash happened outside the Java Virtual Machine in native code.
# See problematic frame for where to report the bug.
#

---------------  T H R E A D  ---------------

Current thread (0x00007f9013821800):  JavaThread "AWT-AppKit" daemon [_thread_in_native, id=1811, stack(0x00007fff556c2000,0x00007fff55ec2000)]

siginfo: si_signo: 11 (SIGSEGV), si_code: 1 (SEGV_MAPERR), si_addr: 0x0000000000000018

Registers:
RAX=0x00007f901a72a630, RBX=0x000000017c469450, RCX=0x000000017c411a40, RDX=0x000000017c411b60
RSP=0x00007fff55ebd488, RBP=0x00007fff55ebd540, RSI=0x00007fff93a0b40f, RDI=0x00007f901a5b5d90
R8 =0x0000000000000000, R9 =0x0000000000000f50, R10=0x00007fff93a0b40f, R11=0x0000000000000000
R12=0x0000000000000000, R13=0x000000017fee0608, R14=0x000000017c469440, R15=0x00007f9013821800
RIP=0x00007fff85abb0dd, EFLAGS=0x0000000000010246, ERR=0x0000000000000004
  TRAPNO=0x000000000000000e

Top of Stack: (sp=0x00007fff55ebd488)
0x00007fff55ebd488:   000000017c467157 00007fff55ebd4e0
0x00007fff55ebd498:   0000000000000003 00007fff55ebd4c0
0x00007fff55ebd4a8:   000000010b1f1992 000000017fee0608
0x00007fff55ebd4b8:   000000017fee0608 00007f901a72a630
0x00007fff55ebd4c8:   000000017c4696a0 000000017c469710
0x00007fff55ebd4d8:   00007fff760fa550 00007fff77a53c80
0x00007fff55ebd4e8:   000000017c469450 000000017c469690
0x00007fff55ebd4f8:   00007f901a72a630 00007f901a5b5d90
0x00007fff55ebd508:   00007f9014a40580 00007f901a72a630
0x00007fff55ebd518:   00007f901a5b5d90 00007fff55ebd5c8
0x00007fff55ebd528:   00007f90138219f8 000000017fee0608
0x00007fff55ebd538:   00007fff55ebd5f0 00007fff55ebd5b8
0x00007fff55ebd548:   000000010bf9e954 000000017fee0608
0x00007fff55ebd558:   00007fff55ebd5f0 00007fff55ebd5b8
0x00007fff55ebd568:   000000010bf9e6e7 000000010bf9e6a2
0x00007fff55ebd578:   00007fff55ebd578 000000017fee0608
0x00007fff55ebd588:   00007fff55ebd5f0 000000017fee3240
0x00007fff55ebd598:   0000000000000000 000000017fee0608
0x00007fff55ebd5a8:   0000000000000000 00007fff55ebd5d8
0x00007fff55ebd5b8:   00007fff55ebd638 000000010bf90c4d
0x00007fff55ebd5c8:   000000076efd7530 000000010bf98578
0x00007fff55ebd5d8:   00007f901a72a630 00007fff55ebd638
0x00007fff55ebd5e8:   00007f901a5b5d90 000000010bf99d82
0x00007fff55ebd5f8:   00007fff55ebd5f8 000000017fee07d2
0x00007fff55ebd608:   00007fff55ebd660 000000017fee3240
0x00007fff55ebd618:   0000000000000000 000000017fee07e0
0x00007fff55ebd628:   00007fff55ebd5d8 00007fff55ebd648
0x00007fff55ebd638:   00007fff55ebd6a8 000000010bf90c4d
0x00007fff55ebd648:   00007f901a72a630 000000076ed53778
0x00007fff55ebd658:   00007f901a5b5d90 000000076ed53778
0x00007fff55ebd668:   00007fff55ebd668 00000001839cffd6
0x00007fff55ebd678:   00007fff55ebd6b8 00000001839d0090 

Instructions: (pc=0x00007fff85abb0dd)
0x00007fff85abb0bd:   00 00 00 48 85 ff 2e 74 7a 40 f6 c7 01 2e 75 7e
0x00007fff85abb0cd:   49 bb f8 ff ff ff ff 7f 00 00 4c 23 1f 49 89 f2
0x00007fff85abb0dd:   45 23 53 18 49 c1 e2 04 4d 03 53 10 49 3b 32 75
0x00007fff85abb0ed:   04 41 ff 62 08 49 83 3a 00 74 6a 4d 3b 53 10 74 

Register to memory mapping:

RAX=0x00007f901a72a630 is an unknown value
RBX=0x000000017c469450: Java_jogamp_nativewindow_macosx_OSXUtil_GetScreenRefreshRate0+0x1cf0 in /private/var/folders/jd/8y09m8r121zc6d9p7dp82f9r0000gn/T/jogamp_0000/file_cache/jln1220868855899094925/jln6979482449913736368/libnativewindow_macosx.jnilib at 0x000000017c462000
RCX=0x000000017c411a40 is an unknown value
RDX=0x000000017c411b60 is an unknown value
RSP=0x00007fff55ebd488 is pointing into the stack for thread: 0x00007f9013821800
RBP=0x00007fff55ebd540 is pointing into the stack for thread: 0x00007f9013821800
RSI=0x00007fff93a0b40f is an unknown value
RDI=0x00007f901a5b5d90 is an unknown value
R8 =0x0000000000000000 is an unknown value
R9 =0x0000000000000f50 is an unknown value
R10=0x00007fff93a0b40f is an unknown value
R11=0x0000000000000000 is an unknown value
R12=0x0000000000000000 is an unknown value
R13={method} {0x000000017fee0608} 'UnsetJAWTRootSurfaceLayer0' '(JJ)V' in 'jogamp/nativewindow/jawt/macosx/MacOSXJAWTWindow'
R14=0x000000017c469440: Java_jogamp_nativewindow_macosx_OSXUtil_GetScreenRefreshRate0+0x1ce0 in /private/var/folders/jd/8y09m8r121zc6d9p7dp82f9r0000gn/T/jogamp_0000/file_cache/jln1220868855899094925/jln6979482449913736368/libnativewindow_macosx.jnilib at 0x000000017c462000
R15=0x00007f9013821800 is a thread


Stack: [0x00007fff556c2000,0x00007fff55ec2000],  sp=0x00007fff55ebd488,  free space=8173k
Native frames: (J=compiled Java code, j=interpreted, Vv=VM code, C=native code)
C  [libobjc.A.dylib+0x10dd]  objc_msgSend+0x1d
j  jogamp.nativewindow.jawt.macosx.MacOSXJAWTWindow.UnsetJAWTRootSurfaceLayer0(JJ)V+0
j  jogamp.nativewindow.jawt.macosx.MacOSXJAWTWindow.access$200(JJ)V+2
j  jogamp.nativewindow.jawt.macosx.MacOSXJAWTWindow$1.run()V+38
J 1970 C1 com.jogamp.common.util.RunnableTask.run()V (345 bytes) @ 0x000000010c64f394 [0x000000010c64f200+0x194]
v  ~StubRoutines::call_stub
V  [libjvm.dylib+0x2eab0e]
V  [libjvm.dylib+0x321bb7]
V  [libjvm.dylib+0x31438b]
C  [libnativewindow_macosx.jnilib+0x5326]  Java_jogamp_nativewindow_jawt_macosx_MacOSXJAWTWindow_UnsetJAWTRootSurfaceLayer0+0x2b6
C  [Foundation+0x92dd0]  __NSThreadPerformPerform+0x125
C  [CoreFoundation+0x80a01]  __CFRUNLOOP_IS_CALLING_OUT_TO_A_SOURCE0_PERFORM_FUNCTION__+0x11
C  [CoreFoundation+0x72c5c]  __CFRunLoopDoSources0+0x1dc
C  [CoreFoundation+0x721bf]  __CFRunLoopRun+0x39f
C  [CoreFoundation+0x71bd8]  CFRunLoopRunSpecific+0x128
C  [HIToolbox+0x3256f]  RunCurrentEventLoopInMode+0xeb
C  [HIToolbox+0x321ee]  ReceiveNextEventCommon+0xb3
C  [HIToolbox+0x3212b]  _BlockUntilNextEventMatchingListInModeWithFilter+0x47
C  [AppKit+0x918ab]  _DPSNextEvent+0x3d2
C  [AppKit+0x90e58]  -[NSApplication nextEventMatchingMask:untilDate:inMode:dequeue:]+0x15a
C  [libosxapp.dylib+0x23aa]  -[NSApplicationAWT nextEventMatchingMask:untilDate:inMode:dequeue:]+0x7c
C  [AppKit+0x86af3]  -[NSApplication run]+0x252
C  [libosxapp.dylib+0x214d]  +[NSApplicationAWT runAWTLoopWithApp:]+0x9c
C  [libawt_lwawt.dylib+0x44517]  -[AWTStarter starter:]+0x389
C  [Foundation+0x92dd0]  __NSThreadPerformPerform+0x125
C  [CoreFoundation+0x80a01]  __CFRUNLOOP_IS_CALLING_OUT_TO_A_SOURCE0_PERFORM_FUNCTION__+0x11
C  [CoreFoundation+0x72b8d]  __CFRunLoopDoSources0+0x10d
C  [CoreFoundation+0x721bf]  __CFRunLoopRun+0x39f
C  [CoreFoundation+0x71bd8]  CFRunLoopRunSpecific+0x128
C  [java+0x6463]  CreateExecutionEnvironment+0x367
C  [java+0x21ac]  JLI_Launch+0x7a0
C  [java+0x84c0]  main+0x65
C  [java+0x1a04]  start+0x34
C  0x0000000000000007

Java frames: (J=compiled Java code, j=interpreted, Vv=VM code)
j  jogamp.nativewindow.jawt.macosx.MacOSXJAWTWindow.UnsetJAWTRootSurfaceLayer0(JJ)V+0
j  jogamp.nativewindow.jawt.macosx.MacOSXJAWTWindow.access$200(JJ)V+2
j  jogamp.nativewindow.jawt.macosx.MacOSXJAWTWindow$1.run()V+38
J 1970 C1 com.jogamp.common.util.RunnableTask.run()V (345 bytes) @ 0x000000010c64f394 [0x000000010c64f200+0x194]
v  ~StubRoutines::call_stub

---------------  P R O C E S S  ---------------

Java Threads: ( => current thread )
  0x00007f9015403000 JavaThread "Thread-48" [_thread_blocked, id=40279, stack(0x00000001856a0000,0x00000001857a0000)]
  0x00007f9013c76800 JavaThread "Keep-Alive-Timer" daemon [_thread_blocked, id=68171, stack(0x00000001857a4000,0x00000001858a4000)]
  0x00007f9015224000 JavaThread "AWT-EventQueue-1" [_thread_in_native, id=59691, stack(0x000000017ca6d000,0x000000017cb6d000)]
  0x00007f901627e000 JavaThread "DestroyJavaVM" [_thread_blocked, id=4867, stack(0x0000000109e55000,0x0000000109f55000)]
  0x00007f90139cb000 JavaThread "AWT-EventQueue-0" [_thread_blocked, id=57347, stack(0x00000001306cf000,0x00000001307cf000)]
  0x00007f90168fa000 JavaThread "Java2D Disposer" daemon [_thread_blocked, id=54295, stack(0x000000012f3a4000,0x000000012f4a4000)]
  0x00007f90168e6000 JavaThread "Java2D Queue Flusher" daemon [_thread_blocked, id=52743, stack(0x000000012e312000,0x000000012e412000)]
  0x00007f901381f000 JavaThread "AWT-Shutdown" [_thread_blocked, id=30995, stack(0x000000012b412000,0x000000012b512000)]
=>0x00007f9013821800 JavaThread "AWT-AppKit" daemon [_thread_in_native, id=1811, stack(0x00007fff556c2000,0x00007fff55ec2000)]
  0x00007f9013839000 JavaThread "Service Thread" daemon [_thread_blocked, id=20739, stack(0x000000012993a000,0x0000000129a3a000)]
  0x00007f901504a800 JavaThread "C1 CompilerThread3" daemon [_thread_blocked, id=20227, stack(0x0000000129837000,0x0000000129937000)]
  0x00007f901504a000 JavaThread "C2 CompilerThread2" daemon [_thread_blocked, id=19715, stack(0x0000000129734000,0x0000000129834000)]
  0x00007f9013816000 JavaThread "C2 CompilerThread1" daemon [_thread_blocked, id=19203, stack(0x0000000129631000,0x0000000129731000)]
  0x00007f9015049000 JavaThread "C2 CompilerThread0" daemon [_thread_blocked, id=18691, stack(0x000000012952e000,0x000000012962e000)]
  0x00007f9016009800 JavaThread "Signal Dispatcher" daemon [_thread_blocked, id=18443, stack(0x000000012942b000,0x000000012952b000)]
  0x00007f901503e000 JavaThread "Finalizer" daemon [_thread_blocked, id=13571, stack(0x0000000127a0d000,0x0000000127b0d000)]
  0x00007f901503d000 JavaThread "Reference Handler" daemon [_thread_blocked, id=13059, stack(0x000000012790a000,0x0000000127a0a000)]

Other Threads:
  0x00007f901503a800 VMThread [stack: 0x0000000127807000,0x0000000127907000] [id=12547]
  0x00007f901507b800 WatcherThread [stack: 0x0000000129a3d000,0x0000000129b3d000] [id=21251]

VM state:not at safepoint (normal execution)

VM Mutex/Monitor currently owned by a thread: None

Heap:
 PSYoungGen      total 76288K, used 21397K [0x000000076ab00000, 0x0000000770000000, 0x00000007c0000000)
  eden space 65536K, 16% used [0x000000076ab00000,0x000000076b56c790,0x000000076eb00000)
  from space 10752K, 99% used [0x000000076eb00000,0x000000076f578de0,0x000000076f580000)
  to   space 10752K, 0% used [0x000000076f580000,0x000000076f580000,0x0000000770000000)
 ParOldGen       total 175104K, used 13394K [0x00000006c0000000, 0x00000006cab00000, 0x000000076ab00000)
  object space 175104K, 7% used [0x00000006c0000000,0x00000006c0d14af8,0x00000006cab00000)
 Metaspace       used 19062K, capacity 19259K, committed 19328K, reserved 1067008K
  class space    used 1866K, capacity 1918K, committed 1920K, reserved 1048576K

Card table byte_map: [0x000000011b349000,0x000000011bb4a000] byte_map_base: 0x0000000117d49000

Marking Bits: (ParMarkBitMap*) 0x000000010b8dee20
 Begin Bits: [0x000000011c8b8000, 0x00000001208b8000)
 End Bits:   [0x00000001208b8000, 0x00000001248b8000)

Polling page: 0x0000000109f9a000

CodeCache: size=245760Kb used=7485Kb max_used=7497Kb free=238274Kb
 bounds [0x000000010bf89000, 0x000000010c6e9000, 0x000000011af89000]
 total_blobs=2966 nmethods=2093 adapters=787
 compilation: enabled

Compilation events (10 events):
Event: 11.623 Thread 0x00007f901504a800 nmethod 2088 0x000000010c6dbf50 code [0x000000010c6dc100, 0x000000010c6dc9e8]
Event: 11.623 Thread 0x00007f9015049000 2089       4       sun.java2d.SunGraphics2D::invalidatePipe (41 bytes)
Event: 11.625 Thread 0x00007f9015049000 nmethod 2089 0x000000010c6bcfd0 code [0x000000010c6bd120, 0x000000010c6bd1b8]
Event: 11.632 Thread 0x00007f9013816000 nmethod 2087 0x000000010c6ddd10 code [0x000000010c6ddec0, 0x000000010c6de468]
Event: 11.634 Thread 0x00007f901504a000 2090   !   4       sun.lwawt.LWComponentPeer::getSize (36 bytes)
Event: 11.634 Thread 0x00007f901504a800 2091       1       sun.java2d.SurfaceData::isValid (5 bytes)
Event: 11.635 Thread 0x00007f901504a800 nmethod 2091 0x000000010c6db910 code [0x000000010c6dba60, 0x000000010c6dbb70]
Event: 11.635 Thread 0x00007f901504a800 2092       3       sun.java2d.pipe.RenderBuffer::putFloat (26 bytes)
Event: 11.635 Thread 0x00007f901504a800 nmethod 2092 0x000000010c6dd950 code [0x000000010c6ddac0, 0x000000010c6ddc50]
Event: 11.636 Thread 0x00007f901504a000 nmethod 2090 0x000000010c6dd310 code [0x000000010c6dd460, 0x000000010c6dd818]

GC Heap History (6 events):
Event: 2.174 GC heap before
{Heap before GC invocations=1 (full 0):
 PSYoungGen      total 76288K, used 65536K [0x000000076ab00000, 0x0000000770000000, 0x00000007c0000000)
  eden space 65536K, 100% used [0x000000076ab00000,0x000000076eb00000,0x000000076eb00000)
  from space 10752K, 0% used [0x000000076f580000,0x000000076f580000,0x0000000770000000)
  to   space 10752K, 0% used [0x000000076eb00000,0x000000076eb00000,0x000000076f580000)
 ParOldGen       total 175104K, used 0K [0x00000006c0000000, 0x00000006cab00000, 0x000000076ab00000)
  object space 175104K, 0% used [0x00000006c0000000,0x00000006c0000000,0x00000006cab00000)
 Metaspace       used 18073K, capacity 18251K, committed 18560K, reserved 1067008K
  class space    used 1832K, capacity 1884K, committed 1920K, reserved 1048576K
Event: 2.185 GC heap after
Heap after GC invocations=1 (full 0):
 PSYoungGen      total 76288K, used 10744K [0x000000076ab00000, 0x0000000770000000, 0x00000007c0000000)
  eden space 65536K, 0% used [0x000000076ab00000,0x000000076ab00000,0x000000076eb00000)
  from space 10752K, 99% used [0x000000076eb00000,0x000000076f57e070,0x000000076f580000)
  to   space 10752K, 0% used [0x000000076f580000,0x000000076f580000,0x0000000770000000)
 ParOldGen       total 175104K, used 3045K [0x00000006c0000000, 0x00000006cab00000, 0x000000076ab00000)
  object space 175104K, 1% used [0x00000006c0000000,0x00000006c02f97c8,0x00000006cab00000)
 Metaspace       used 18073K, capacity 18251K, committed 18560K, reserved 1067008K
  class space    used 1832K, capacity 1884K, committed 1920K, reserved 1048576K
}
Event: 2.640 GC heap before
{Heap before GC invocations=2 (full 0):
 PSYoungGen      total 76288K, used 76280K [0x000000076ab00000, 0x0000000770000000, 0x00000007c0000000)
  eden space 65536K, 100% used [0x000000076ab00000,0x000000076eb00000,0x000000076eb00000)
  from space 10752K, 99% used [0x000000076eb00000,0x000000076f57e070,0x000000076f580000)
  to   space 10752K, 0% used [0x000000076f580000,0x000000076f580000,0x0000000770000000)
 ParOldGen       total 175104K, used 3045K [0x00000006c0000000, 0x00000006cab00000, 0x000000076ab00000)
  object space 175104K, 1% used [0x00000006c0000000,0x00000006c02f97c8,0x00000006cab00000)
 Metaspace       used 18414K, capacity 18609K, committed 18816K, reserved 1067008K
  class space    used 1855K, capacity 1917K, committed 1920K, reserved 1048576K
Event: 2.649 GC heap after
Heap after GC invocations=2 (full 0):
 PSYoungGen      total 76288K, used 10739K [0x000000076ab00000, 0x0000000774000000, 0x00000007c0000000)
  eden space 65536K, 0% used [0x000000076ab00000,0x000000076ab00000,0x000000076eb00000)
  from space 10752K, 99% used [0x000000076f580000,0x000000076fffcde0,0x0000000770000000)
  to   space 10752K, 0% used [0x000000076eb00000,0x000000076eb00000,0x000000076f580000)
 ParOldGen       total 175104K, used 11699K [0x00000006c0000000, 0x00000006cab00000, 0x000000076ab00000)
  object space 175104K, 6% used [0x00000006c0000000,0x00000006c0b6cca8,0x00000006cab00000)
 Metaspace       used 18414K, capacity 18609K, committed 18816K, reserved 1067008K
  class space    used 1855K, capacity 1917K, committed 1920K, reserved 1048576K
}
Event: 10.307 GC heap before
{Heap before GC invocations=3 (full 0):
 PSYoungGen      total 76288K, used 76275K [0x000000076ab00000, 0x0000000774000000, 0x00000007c0000000)
  eden space 65536K, 100% used [0x000000076ab00000,0x000000076eb00000,0x000000076eb00000)
  from space 10752K, 99% used [0x000000076f580000,0x000000076fffcde0,0x0000000770000000)
  to   space 10752K, 0% used [0x000000076eb00000,0x000000076eb00000,0x000000076f580000)
 ParOldGen       total 175104K, used 11699K [0x00000006c0000000, 0x00000006cab00000, 0x000000076ab00000)
  object space 175104K, 6% used [0x00000006c0000000,0x00000006c0b6cca8,0x00000006cab00000)
 Metaspace       used 18977K, capacity 19131K, committed 19328K, reserved 1067008K
  class space    used 1858K, capacity 1918K, committed 1920K, reserved 1048576K
Event: 10.315 GC heap after
Heap after GC invocations=3 (full 0):
 PSYoungGen      total 76288K, used 10723K [0x000000076ab00000, 0x0000000770000000, 0x00000007c0000000)
  eden space 65536K, 0% used [0x000000076ab00000,0x000000076ab00000,0x000000076eb00000)
  from space 10752K, 99% used [0x000000076eb00000,0x000000076f578de0,0x000000076f580000)
  to   space 10752K, 0% used [0x000000076f580000,0x000000076f580000,0x0000000770000000)
 ParOldGen       total 175104K, used 13394K [0x00000006c0000000, 0x00000006cab00000, 0x000000076ab00000)
  object space 175104K, 7% used [0x00000006c0000000,0x00000006c0d14af8,0x00000006cab00000)
 Metaspace       used 18977K, capacity 19131K, committed 19328K, reserved 1067008K
  class space    used 1858K, capacity 1918K, committed 1920K, reserved 1048576K
}

Deoptimization events (5 events):
Event: 1.117 Thread 0x00007f9015002000 Uncommon trap: reason=unstable_if action=reinterpret pc=0x000000010c1522c0 method=java.lang.String.toLowerCase(Ljava/util/Locale;)Ljava/lang/String; @ 85
Event: 1.277 Thread 0x00007f9015002000 Uncommon trap: reason=unstable_if action=reinterpret pc=0x000000010c1eb094 method=java.lang.String.indexOf([CII[CIII)I @ 3
Event: 1.277 Thread 0x00007f9015002000 Uncommon trap: reason=unstable_if action=reinterpret pc=0x000000010c13e258 method=java.lang.String.indexOf([CII[CIII)I @ 3
Event: 2.016 Thread 0x00007f9015224000 Uncommon trap: reason=unstable_if action=reinterpret pc=0x000000010c12d92c method=java.lang.AbstractStringBuilder.append(Ljava/lang/String;)Ljava/lang/AbstractStringBuilder; @ 1
Event: 11.590 Thread 0x00007f9015224000 Uncommon trap: reason=unstable_if action=reinterpret pc=0x000000010c3e7768 method=com.jogamp.common.util.VersionNumber.compareTo(Lcom/jogamp/common/util/VersionNumber;)I @ 21

Internal exceptions (10 events):
Event: 0.110 Thread 0x00007f9015002000 Exception <a 'java/lang/NoSuchFieldError': method resolution failed> (0x000000076aeedd48) thrown at [/Users/java_re/workspace/8-2-build-macosx-x86_64/jdk8u60/4407/hotspot/src/share/vm/prims/methodHandles.cpp, line 1146]
Event: 0.112 Thread 0x00007f9015002000 Exception <a 'java/lang/NoSuchFieldError': method resolution failed> (0x000000076aefb518) thrown at [/Users/java_re/workspace/8-2-build-macosx-x86_64/jdk8u60/4407/hotspot/src/share/vm/prims/methodHandles.cpp, line 1146]
Event: 0.237 Thread 0x00007f9015002000 Exception <a 'java/io/FileNotFoundException'> (0x000000076af77380) thrown at [/Users/java_re/workspace/8-2-build-macosx-x86_64/jdk8u60/4407/hotspot/src/share/vm/prims/jni.cpp, line 709]
Event: 0.237 Thread 0x00007f9015002000 Exception <a 'java/io/FileNotFoundException'> (0x000000076af77f28) thrown at [/Users/java_re/workspace/8-2-build-macosx-x86_64/jdk8u60/4407/hotspot/src/share/vm/prims/jni.cpp, line 709]
Event: 0.321 Thread 0x00007f9015002000 Exception <a 'java/io/FileNotFoundException'> (0x000000076b00dce8) thrown at [/Users/java_re/workspace/8-2-build-macosx-x86_64/jdk8u60/4407/hotspot/src/share/vm/prims/jni.cpp, line 709]
Event: 1.292 Thread 0x00007f9015002000 Exception <a 'java/lang/UnsatisfiedLinkError': com.jogamp.common.util.JarUtil.fixNativeLibAttribs(Ljava/lang/String;)Z> (0x000000076c7502f8) thrown at [/Users/java_re/workspace/8-2-build-macosx-x86_64/jdk8u60/4407/hotspot/src/share/vm/prims/nativeLookup.c
Event: 2.015 Thread 0x00007f9015224000 Exception <a 'java/io/FileNotFoundException'> (0x000000076d7f2978) thrown at [/Users/java_re/workspace/8-2-build-macosx-x86_64/jdk8u60/4407/hotspot/src/share/vm/prims/jni.cpp, line 709]
Event: 2.016 Thread 0x00007f9015224000 Exception <a 'java/io/FileNotFoundException'> (0x000000076d7f8f10) thrown at [/Users/java_re/workspace/8-2-build-macosx-x86_64/jdk8u60/4407/hotspot/src/share/vm/prims/jni.cpp, line 709]
Event: 2.016 Thread 0x00007f9015224000 Implicit null exception at 0x000000010c12d5b5 to 0x000000010c12d919
Event: 2.188 Thread 0x00007f901503e000 Exception <a 'java/lang/NullPointerException'> (0x000000076b0e0ee8) thrown at [/Users/java_re/workspace/8-2-build-macosx-x86_64/jdk8u60/4407/hotspot/src/share/vm/interpreter/linkResolver.cpp, line 1178]

Events (10 events):
Event: 11.633 loading class jogamp/nativewindow/jawt/macosx/MacOSXJAWTWindow$1 done
Event: 11.634 loading class java/awt/LightweightDispatcher$2
Event: 11.634 loading class java/awt/LightweightDispatcher$2 done
Event: 11.634 loading class java/awt/event/AWTEventListenerProxy
Event: 11.634 loading class java/awt/event/AWTEventListenerProxy done
Event: 11.634 loading class java/awt/Toolkit$ToolkitEventMulticaster
Event: 11.634 loading class java/awt/Toolkit$ToolkitEventMulticaster done
Event: 11.634 Thread 0x00007f90139b5800 Thread exited: 0x00007f90139b5800
Event: 11.634 loading class java/awt/Window$1DisposeAction
Event: 11.634 loading class java/awt/Window$1DisposeAction done


Dynamic libraries:
0x00000000054a7000 	/System/Library/Frameworks/Cocoa.framework/Versions/A/Cocoa
0x00000000054a7000 	/System/Library/Frameworks/Security.framework/Versions/A/Security
0x00000000054a7000 	/System/Library/Frameworks/ApplicationServices.framework/Versions/A/ApplicationServices
0x00000000054a7000 	/usr/lib/libz.1.dylib
0x00000000054a7000 	/usr/lib/libSystem.B.dylib
0x00000000054a7000 	/usr/lib/libobjc.A.dylib
0x00000000054a7000 	/System/Library/Frameworks/CoreFoundation.framework/Versions/A/CoreFoundation
0x00000000054a7000 	/System/Library/Frameworks/Foundation.framework/Versions/C/Foundation
0x00000000054a7000 	/System/Library/Frameworks/AppKit.framework/Versions/C/AppKit
0x00000000054a7000 	/System/Library/Frameworks/CoreData.framework/Versions/A/CoreData
0x00000000054a7000 	/System/Library/PrivateFrameworks/RemoteViewServices.framework/Versions/A/RemoteViewServices
0x00000000054a7000 	/System/Library/PrivateFrameworks/UIFoundation.framework/Versions/A/UIFoundation
0x00000000054a7000 	/System/Library/Frameworks/IOSurface.framework/Versions/A/IOSurface
0x00000000054a7000 	/System/Library/Frameworks/AudioToolbox.framework/Versions/A/AudioToolbox
0x00000000054a7000 	/System/Library/Frameworks/AudioUnit.framework/Versions/A/AudioUnit
0x00000000054a7000 	/System/Library/PrivateFrameworks/DataDetectorsCore.framework/Versions/A/DataDetectorsCore
0x00000000054a7000 	/System/Library/PrivateFrameworks/DesktopServicesPriv.framework/Versions/A/DesktopServicesPriv
0x00000000054a7000 	/System/Library/Frameworks/Carbon.framework/Versions/A/Frameworks/HIToolbox.framework/Versions/A/HIToolbox
0x00000000054a7000 	/System/Library/Frameworks/QuartzCore.framework/Versions/A/QuartzCore
0x00000000054a7000 	/System/Library/Frameworks/Carbon.framework/Versions/A/Frameworks/SpeechRecognition.framework/Versions/A/SpeechRecognition
0x00000000054a7000 	/usr/lib/libauto.dylib
0x00000000054a7000 	/usr/lib/libicucore.A.dylib
0x00000000054a7000 	/usr/lib/libxml2.2.dylib
0x00000000054a7000 	/System/Library/PrivateFrameworks/CoreUI.framework/Versions/A/CoreUI
0x00000000054a7000 	/System/Library/Frameworks/CoreAudio.framework/Versions/A/CoreAudio
0x00000000054a7000 	/System/Library/Frameworks/DiskArbitration.framework/Versions/A/DiskArbitration
0x00000000054a7000 	/usr/lib/liblangid.dylib
0x00000000054a7000 	/System/Library/PrivateFrameworks/MultitouchSupport.framework/Versions/A/MultitouchSupport
0x00000000054a7000 	/System/Library/Frameworks/IOKit.framework/Versions/A/IOKit
0x00000000054a7000 	/usr/lib/libDiagnosticMessagesClient.dylib
0x00000000054a7000 	/System/Library/Frameworks/CoreServices.framework/Versions/A/CoreServices
0x00000000054a7000 	/System/Library/PrivateFrameworks/PerformanceAnalysis.framework/Versions/A/PerformanceAnalysis
0x00000000054a7000 	/System/Library/PrivateFrameworks/GenerationalStorage.framework/Versions/A/GenerationalStorage
0x00000000054a7000 	/System/Library/Frameworks/OpenGL.framework/Versions/A/OpenGL
0x00000000054a7000 	/System/Library/PrivateFrameworks/Sharing.framework/Versions/A/Sharing
0x00000000054a7000 	/System/Library/Frameworks/CoreGraphics.framework/Versions/A/CoreGraphics
0x00000000054a7000 	/System/Library/Frameworks/CoreText.framework/Versions/A/CoreText
0x00000000054a7000 	/System/Library/Frameworks/ImageIO.framework/Versions/A/ImageIO
0x00000000054a7000 	/usr/lib/libextension.dylib
0x00000000054a7000 	/System/Library/PrivateFrameworks/Backup.framework/Versions/A/Backup
0x00000000054a7000 	/usr/lib/libarchive.2.dylib
0x00000000054a7000 	/System/Library/Frameworks/CFNetwork.framework/Versions/A/CFNetwork
0x00000000054a7000 	/System/Library/Frameworks/SystemConfiguration.framework/Versions/A/SystemConfiguration
0x00000000054a7000 	/usr/lib/libCRFSuite.dylib
0x00000000054a7000 	/usr/lib/libc++.1.dylib
0x00000000054a7000 	/usr/lib/libc++abi.dylib
0x00000000054a7000 	/usr/lib/system/libcache.dylib
0x00000000054a7000 	/usr/lib/system/libcommonCrypto.dylib
0x00000000054a7000 	/usr/lib/system/libcompiler_rt.dylib
0x00000000054a7000 	/usr/lib/system/libcopyfile.dylib
0x00000000054a7000 	/usr/lib/system/libcorecrypto.dylib
0x00000000054a7000 	/usr/lib/system/libdispatch.dylib
0x00000000054a7000 	/usr/lib/system/libdyld.dylib
0x00000000054a7000 	/usr/lib/system/libkeymgr.dylib
0x00000000054a7000 	/usr/lib/system/liblaunch.dylib
0x00000000054a7000 	/usr/lib/system/libmacho.dylib
0x00000000054a7000 	/usr/lib/system/libquarantine.dylib
0x00000000054a7000 	/usr/lib/system/libremovefile.dylib
0x00000000054a7000 	/usr/lib/system/libsystem_asl.dylib
0x00000000054a7000 	/usr/lib/system/libsystem_blocks.dylib
0x00000000054a7000 	/usr/lib/system/libsystem_c.dylib
0x00000000054a7000 	/usr/lib/system/libsystem_configuration.dylib
0x00000000054a7000 	/usr/lib/system/libsystem_coreservices.dylib
0x00000000054a7000 	/usr/lib/system/libsystem_coretls.dylib
0x00000000054a7000 	/usr/lib/system/libsystem_dnssd.dylib
0x00000000054a7000 	/usr/lib/system/libsystem_info.dylib
0x00000000054a7000 	/usr/lib/system/libsystem_kernel.dylib
0x00000000054a7000 	/usr/lib/system/libsystem_m.dylib
0x00000000054a7000 	/usr/lib/system/libsystem_malloc.dylib
0x00000000054a7000 	/usr/lib/system/libsystem_network.dylib
0x00000000054a7000 	/usr/lib/system/libsystem_networkextension.dylib
0x00000000054a7000 	/usr/lib/system/libsystem_notify.dylib
0x00000000054a7000 	/usr/lib/system/libsystem_platform.dylib
0x00000000054a7000 	/usr/lib/system/libsystem_pthread.dylib
0x00000000054a7000 	/usr/lib/system/libsystem_sandbox.dylib
0x00000000054a7000 	/usr/lib/system/libsystem_secinit.dylib
0x00000000054a7000 	/usr/lib/system/libsystem_stats.dylib
0x00000000054a7000 	/usr/lib/system/libsystem_trace.dylib
0x00000000054a7000 	/usr/lib/system/libunc.dylib
0x00000000054a7000 	/usr/lib/system/libunwind.dylib
0x00000000054a7000 	/usr/lib/system/libxpc.dylib
0x00000000054a7000 	/usr/lib/libbz2.1.0.dylib
0x00000000054a7000 	/usr/lib/liblzma.5.dylib
0x00000000054a7000 	/usr/lib/libbsm.0.dylib
0x00000000054a7000 	/usr/lib/libsqlite3.dylib
0x00000000054a7000 	/usr/lib/system/libkxld.dylib
0x00000000054a7000 	/usr/lib/libxar.1.dylib
0x00000000054a7000 	/usr/lib/libpam.2.dylib
0x00000000054a7000 	/usr/lib/libOpenScriptingUtil.dylib
0x00000000054a7000 	/System/Library/Frameworks/CoreServices.framework/Versions/A/Frameworks/FSEvents.framework/Versions/A/FSEvents
0x00000000054a7000 	/System/Library/Frameworks/CoreServices.framework/Versions/A/Frameworks/CarbonCore.framework/Versions/A/CarbonCore
0x00000000054a7000 	/System/Library/Frameworks/CoreServices.framework/Versions/A/Frameworks/Metadata.framework/Versions/A/Metadata
0x00000000054a7000 	/System/Library/Frameworks/CoreServices.framework/Versions/A/Frameworks/OSServices.framework/Versions/A/OSServices
0x00000000054a7000 	/System/Library/Frameworks/CoreServices.framework/Versions/A/Frameworks/SearchKit.framework/Versions/A/SearchKit
0x00000000054a7000 	/System/Library/Frameworks/CoreServices.framework/Versions/A/Frameworks/AE.framework/Versions/A/AE
0x00000000054a7000 	/System/Library/Frameworks/CoreServices.framework/Versions/A/Frameworks/LaunchServices.framework/Versions/A/LaunchServices
0x00000000054a7000 	/System/Library/Frameworks/CoreServices.framework/Versions/A/Frameworks/DictionaryServices.framework/Versions/A/DictionaryServices
0x00000000054a7000 	/System/Library/Frameworks/NetFS.framework/Versions/A/NetFS
0x00000000054a7000 	/System/Library/PrivateFrameworks/NetAuth.framework/Versions/A/NetAuth
0x00000000054a7000 	/System/Library/PrivateFrameworks/login.framework/Versions/A/Frameworks/loginsupport.framework/Versions/A/loginsupport
0x00000000054a7000 	/System/Library/PrivateFrameworks/TCC.framework/Versions/A/TCC
0x00000000054a7000 	/usr/lib/libmecabra.dylib
0x00000000054a7000 	/System/Library/Frameworks/ApplicationServices.framework/Versions/A/Frameworks/ATS.framework/Versions/A/ATS
0x00000000054a7000 	/System/Library/Frameworks/ApplicationServices.framework/Versions/A/Frameworks/ColorSync.framework/Versions/A/ColorSync
0x00000000054a7000 	/System/Library/Frameworks/ApplicationServices.framework/Versions/A/Frameworks/HIServices.framework/Versions/A/HIServices
0x00000000054a7000 	/System/Library/Frameworks/ApplicationServices.framework/Versions/A/Frameworks/LangAnalysis.framework/Versions/A/LangAnalysis
0x00000000054a7000 	/System/Library/Frameworks/ApplicationServices.framework/Versions/A/Frameworks/PrintCore.framework/Versions/A/PrintCore
0x00000000054a7000 	/System/Library/Frameworks/ApplicationServices.framework/Versions/A/Frameworks/QD.framework/Versions/A/QD
0x00000000054a7000 	/System/Library/Frameworks/ApplicationServices.framework/Versions/A/Frameworks/SpeechSynthesis.framework/Versions/A/SpeechSynthesis
0x00000000054a7000 	/System/Library/Frameworks/Accelerate.framework/Versions/A/Accelerate
0x00000000054a7000 	/System/Library/Frameworks/Accelerate.framework/Versions/A/Frameworks/vImage.framework/Versions/A/vImage
0x00000000054a7000 	/System/Library/Frameworks/Accelerate.framework/Versions/A/Frameworks/vecLib.framework/Versions/A/vecLib
0x00000000054a7000 	/System/Library/Frameworks/Accelerate.framework/Versions/A/Frameworks/vecLib.framework/Versions/A/libvDSP.dylib
0x00000000054a7000 	/System/Library/Frameworks/Accelerate.framework/Versions/A/Frameworks/vecLib.framework/Versions/A/libvMisc.dylib
0x00000000054a7000 	/System/Library/Frameworks/Accelerate.framework/Versions/A/Frameworks/vecLib.framework/Versions/A/libLAPACK.dylib
0x00000000054a7000 	/System/Library/Frameworks/Accelerate.framework/Versions/A/Frameworks/vecLib.framework/Versions/A/libBLAS.dylib
0x00000000054a7000 	/System/Library/Frameworks/Accelerate.framework/Versions/A/Frameworks/vecLib.framework/Versions/A/libLinearAlgebra.dylib
0x00000000054a7000 	/System/Library/Frameworks/ApplicationServices.framework/Versions/A/Frameworks/ATS.framework/Versions/A/Resources/libFontParser.dylib
0x00000000054a7000 	/System/Library/Frameworks/ApplicationServices.framework/Versions/A/Frameworks/ATS.framework/Versions/A/Resources/libFontRegistry.dylib
0x00000000054a7000 	/System/Library/PrivateFrameworks/AppleVPA.framework/Versions/A/AppleVPA
0x00000000054a7000 	/System/Library/PrivateFrameworks/AppleJPEG.framework/Versions/A/AppleJPEG
0x00000000054a7000 	/System/Library/Frameworks/ImageIO.framework/Versions/A/Resources/libJPEG.dylib
0x00000000054a7000 	/System/Library/Frameworks/ImageIO.framework/Versions/A/Resources/libTIFF.dylib
0x00000000054a7000 	/System/Library/Frameworks/ImageIO.framework/Versions/A/Resources/libPng.dylib
0x00000000054a7000 	/System/Library/Frameworks/ImageIO.framework/Versions/A/Resources/libGIF.dylib
0x00000000054a7000 	/System/Library/Frameworks/ImageIO.framework/Versions/A/Resources/libJP2.dylib
0x00000000054a7000 	/System/Library/Frameworks/ImageIO.framework/Versions/A/Resources/libRadiance.dylib
0x00000000054a7000 	/System/Library/Frameworks/CoreVideo.framework/Versions/A/CoreVideo
0x00000000054a7000 	/System/Library/Frameworks/OpenGL.framework/Versions/A/Libraries/libGLU.dylib
0x00000000054a7000 	/System/Library/Frameworks/OpenGL.framework/Versions/A/Libraries/libGFXShared.dylib
0x00000000054a7000 	/System/Library/Frameworks/OpenGL.framework/Versions/A/Libraries/libGL.dylib
0x00000000054a7000 	/System/Library/Frameworks/OpenGL.framework/Versions/A/Libraries/libGLImage.dylib
0x00000000054a7000 	/System/Library/Frameworks/OpenGL.framework/Versions/A/Libraries/libCVMSPluginSupport.dylib
0x00000000054a7000 	/System/Library/Frameworks/OpenGL.framework/Versions/A/Libraries/libCoreVMClient.dylib
0x00000000054a7000 	/usr/lib/libcups.2.dylib
0x00000000054a7000 	/System/Library/Frameworks/Kerberos.framework/Versions/A/Kerberos
0x00000000054a7000 	/System/Library/Frameworks/GSS.framework/Versions/A/GSS
0x00000000054a7000 	/usr/lib/libresolv.9.dylib
0x00000000054a7000 	/usr/lib/libiconv.2.dylib
0x00000000054a7000 	/System/Library/PrivateFrameworks/Heimdal.framework/Versions/A/Heimdal
0x00000000054a7000 	/usr/lib/libheimdal-asn1.dylib
0x00000000054a7000 	/System/Library/Frameworks/OpenDirectory.framework/Versions/A/OpenDirectory
0x00000000054a7000 	/System/Library/PrivateFrameworks/CommonAuth.framework/Versions/A/CommonAuth
0x00000000054a7000 	/System/Library/Frameworks/OpenDirectory.framework/Versions/A/Frameworks/CFOpenDirectory.framework/Versions/A/CFOpenDirectory
0x00000000054a7000 	/System/Library/Frameworks/SecurityFoundation.framework/Versions/A/SecurityFoundation
0x00000000054a7000 	/System/Library/PrivateFrameworks/LanguageModeling.framework/Versions/A/LanguageModeling
0x00000000054a7000 	/usr/lib/libcmph.dylib
0x00000000054a7000 	/System/Library/Frameworks/ServiceManagement.framework/Versions/A/ServiceManagement
0x00000000054a7000 	/usr/lib/libxslt.1.dylib
0x00000000054a7000 	/System/Library/Frameworks/Carbon.framework/Versions/A/Frameworks/Ink.framework/Versions/A/Ink
0x00000000054a7000 	/System/Library/Frameworks/QuartzCore.framework/Versions/A/Frameworks/CoreImage.framework/Versions/A/CoreImage
0x00000000054a7000 	/System/Library/PrivateFrameworks/CrashReporterSupport.framework/Versions/A/CrashReporterSupport
0x00000000054a7000 	/System/Library/Frameworks/OpenCL.framework/Versions/A/OpenCL
0x00000000054a7000 	/System/Library/PrivateFrameworks/FaceCore.framework/Versions/A/FaceCore
0x00000000054a7000 	/System/Library/PrivateFrameworks/Ubiquity.framework/Versions/A/Ubiquity
0x00000000054a7000 	/System/Library/PrivateFrameworks/IconServices.framework/Versions/A/IconServices
0x00000000054a7000 	/System/Library/PrivateFrameworks/ChunkingLibrary.framework/Versions/A/ChunkingLibrary
0x00000000054a7000 	/System/Library/PrivateFrameworks/Apple80211.framework/Versions/A/Apple80211
0x00000000054a7000 	/System/Library/Frameworks/CoreWLAN.framework/Versions/A/CoreWLAN
0x00000000054a7000 	/System/Library/Frameworks/IOBluetooth.framework/Versions/A/IOBluetooth
0x00000000054a7000 	/System/Library/PrivateFrameworks/CoreWiFi.framework/Versions/A/CoreWiFi
0x00000000054a7000 	/System/Library/Frameworks/CoreBluetooth.framework/Versions/A/CoreBluetooth
0x00000000054a7000 	/System/Library/PrivateFrameworks/DebugSymbols.framework/Versions/A/DebugSymbols
0x00000000054a7000 	/System/Library/PrivateFrameworks/CoreSymbolication.framework/Versions/A/CoreSymbolication
0x00000000054a7000 	/System/Library/PrivateFrameworks/Symbolication.framework/Versions/A/Symbolication
0x00000000054a7000 	/System/Library/PrivateFrameworks/SpeechRecognitionCore.framework/Versions/A/SpeechRecognitionCore
0x000000010b000000 	/Library/Java/JavaVirtualMachines/jdk1.8.0_60.jdk/Contents/Home/jre/lib/server/libjvm.dylib
0x00000000054a7000 	/usr/lib/libstdc++.6.dylib
0x0000000109f57000 	/Library/Java/JavaVirtualMachines/jdk1.8.0_60.jdk/Contents/Home/jre/lib/libverify.dylib
0x0000000109f65000 	/Library/Java/JavaVirtualMachines/jdk1.8.0_60.jdk/Contents/Home/jre/lib/libjava.dylib
0x0000000109fa4000 	/Library/Java/JavaVirtualMachines/jdk1.8.0_60.jdk/Contents/Home/jre/lib/libzip.dylib
0x0000000127b0f000 	/System/Library/Frameworks/JavaVM.framework/Frameworks/JavaRuntimeSupport.framework/JavaRuntimeSupport
0x0000000127b25000 	/System/Library/Frameworks/JavaVM.framework/Versions/A/Frameworks/JavaNativeFoundation.framework/Versions/A/JavaNativeFoundation
0x0000000127b39000 	/System/Library/Frameworks/JavaVM.framework/Versions/A/JavaVM
0x00000000054a7000 	/System/Library/Frameworks/Carbon.framework/Versions/A/Carbon
0x0000000127b45000 	/System/Library/PrivateFrameworks/JavaLaunching.framework/Versions/A/JavaLaunching
0x00000000054a7000 	/System/Library/Frameworks/Carbon.framework/Versions/A/Frameworks/CommonPanels.framework/Versions/A/CommonPanels
0x00000000054a7000 	/System/Library/Frameworks/Carbon.framework/Versions/A/Frameworks/Help.framework/Versions/A/Help
0x00000000054a7000 	/System/Library/Frameworks/Carbon.framework/Versions/A/Frameworks/ImageCapture.framework/Versions/A/ImageCapture
0x00000000054a7000 	/System/Library/Frameworks/Carbon.framework/Versions/A/Frameworks/OpenScripting.framework/Versions/A/OpenScripting
0x00000000054a7000 	/System/Library/Frameworks/Carbon.framework/Versions/A/Frameworks/Print.framework/Versions/A/Print
0x00000000054a7000 	/System/Library/Frameworks/Carbon.framework/Versions/A/Frameworks/SecurityHI.framework/Versions/A/SecurityHI
0x0000000129b41000 	/Library/Java/JavaVirtualMachines/jdk1.8.0_60.jdk/Contents/Home/jre/lib/libawt.dylib
0x0000000129be9000 	/Library/Java/JavaVirtualMachines/jdk1.8.0_60.jdk/Contents/Home/jre/lib/./libmlib_image.dylib
0x0000000129cb5000 	/Library/Java/JavaVirtualMachines/jdk1.8.0_60.jdk/Contents/Home/jre/lib/libawt_lwawt.dylib
0x0000000129d6a000 	/Library/Java/JavaVirtualMachines/jdk1.8.0_60.jdk/Contents/Home/jre/lib/./libosxapp.dylib
0x00000000054a7000 	/System/Library/Frameworks/ExceptionHandling.framework/Versions/A/ExceptionHandling
0x00000000054a7000 	/System/Library/PrivateFrameworks/CoreServicesInternal.framework/Versions/A/CoreServicesInternal
0x00000000054a7000 	/System/Library/PrivateFrameworks/CloudDocs.framework/Versions/A/CloudDocs
0x00000000054a7000 	/System/Library/PrivateFrameworks/CoreDuet.framework/Versions/A/CoreDuet
0x00000000054a7000 	/System/Library/Frameworks/CloudKit.framework/Versions/A/CloudKit
0x00000000054a7000 	/System/Library/PrivateFrameworks/ProtocolBuffer.framework/Versions/A/ProtocolBuffer
0x00000000054a7000 	/System/Library/PrivateFrameworks/CoreDuetDaemonProtocol.framework/Versions/A/CoreDuetDaemonProtocol
0x00000000054a7000 	/System/Library/PrivateFrameworks/CoreDuetDebugLogging.framework/Versions/A/CoreDuetDebugLogging
0x00000000054a7000 	/System/Library/PrivateFrameworks/MMCS.framework/Versions/A/MMCS
0x00000000054a7000 	/System/Library/Frameworks/CoreLocation.framework/Versions/A/CoreLocation
0x00000000054a7000 	/System/Library/PrivateFrameworks/ProtectedCloudStorage.framework/Versions/A/ProtectedCloudStorage
0x00000000054a7000 	/System/Library/PrivateFrameworks/GeoServices.framework/Versions/A/GeoServices
0x00000000054a7000 	/System/Library/Frameworks/CoreGraphics.framework/Versions/A/Resources/libCGCMS.A.dylib
0x00000000054a7000 	/System/Library/Frameworks/CoreGraphics.framework/Versions/A/Resources/libRIP.A.dylib
0x00000000054a7000 	/System/Library/Frameworks/CoreGraphics.framework/Versions/A/Resources/libCGXType.A.dylib
0x00000000054a7000 	/System/Library/Frameworks/OpenCL.framework/Versions/A/Libraries/libcldcpuengine.dylib
0x00000000054a7000 	/System/Library/PrivateFrameworks/DiskImages.framework/Versions/A/DiskImages
0x00000000054a7000 	/System/Library/Frameworks/DiscRecording.framework/Versions/A/DiscRecording
0x00000000054a7000 	/usr/lib/libcsfde.dylib
0x00000000054a7000 	/usr/lib/libcurl.4.dylib
0x00000000054a7000 	/System/Library/PrivateFrameworks/MediaKit.framework/Versions/A/MediaKit
0x00000000054a7000 	/usr/lib/libCoreStorage.dylib
0x00000000054a7000 	/System/Library/PrivateFrameworks/EFILogin.framework/Versions/A/EFILogin
0x00000000054a7000 	/usr/lib/libutil.dylib
0x00000000054a7000 	/System/Library/PrivateFrameworks/FindMyDevice.framework/Versions/A/FindMyDevice
0x00000000054a7000 	/System/Library/Frameworks/LDAP.framework/Versions/A/LDAP
0x00000000054a7000 	/usr/lib/libsasl2.2.dylib
0x00000000054a7000 	/System/Library/PrivateFrameworks/CoreDaemon.framework/Versions/B/CoreDaemon
0x00000000054a7000 	/usr/lib/libcrypto.0.9.8.dylib
0x00000000054a7000 	/System/Library/PrivateFrameworks/AppleSRP.framework/Versions/A/AppleSRP
0x00000000054a7000 	/System/Library/PrivateFrameworks/TrustEvaluationAgent.framework/Versions/A/TrustEvaluationAgent
0x000000012cf5d000 	cl_kernels
0x000000012cf5f000 	/System/Library/Frameworks/OpenCL.framework/Versions/A/Libraries/ImageFormats/unorm8_bgra.dylib
0x000000012cf4f000 	cl_kernels
0x00000000054a7000 	/System/Library/PrivateFrameworks/FamilyControls.framework/Versions/A/FamilyControls
0x00000000054a7000 	/System/Library/PrivateFrameworks/CommerceKit.framework/Versions/A/Frameworks/CommerceCore.framework/Versions/A/CommerceCore
0x00000000054a7000 	/System/Library/PrivateFrameworks/SystemAdministration.framework/Versions/A/SystemAdministration
0x00000000054a7000 	/System/Library/PrivateFrameworks/AppContainer.framework/Versions/A/AppContainer
0x00000000054a7000 	/System/Library/PrivateFrameworks/SecCodeWrapper.framework/Versions/A/SecCodeWrapper
0x00000000054a7000 	/System/Library/Frameworks/DirectoryService.framework/Versions/A/DirectoryService
0x00000000054a7000 	/System/Library/PrivateFrameworks/LoginUIKit.framework/Versions/A/Frameworks/LoginUICore.framework/Versions/A/LoginUICore
0x00000000054a7000 	/usr/lib/libodfde.dylib
0x00000000054a7000 	/System/Library/Frameworks/OpenGL.framework/Versions/A/Resources/GLEngine.bundle/GLEngine
0x00000000054a7000 	/System/Library/Frameworks/OpenGL.framework/Versions/A/Libraries/libGLProgrammability.dylib
0x000000012e414000 	/System/Library/Extensions/AppleIntelHD5000GraphicsGLDriver.bundle/Contents/MacOS/AppleIntelHD5000GraphicsGLDriver
0x00000000054a7000 	/System/Library/PrivateFrameworks/IOAccelerator.framework/Versions/A/IOAccelerator
0x00000000054a7000 	/System/Library/PrivateFrameworks/GPUSupport.framework/Versions/A/Libraries/libGPUSupportMercury.dylib
0x00000000054a7000 	/System/Library/Frameworks/OpenGL.framework/Versions/A/Resources/GLRendererFloat.bundle/GLRendererFloat
0x000000012f4a6000 	/Library/Java/JavaVirtualMachines/jdk1.8.0_60.jdk/Contents/Home/jre/lib/libfontmanager.dylib
0x00000001307e1000 	/Library/Java/JavaVirtualMachines/jdk1.8.0_60.jdk/Contents/Home/jre/lib/libosxui.dylib
0x0000000130a6f000 	/Library/Java/JavaVirtualMachines/jdk1.8.0_60.jdk/Contents/Home/jre/lib/libnet.dylib
0x0000000130820000 	/Library/Java/JavaVirtualMachines/jdk1.8.0_60.jdk/Contents/Home/jre/lib/libnio.dylib
0x00000000054a7000 	/System/Library/Frameworks/ApplicationServices.framework/Versions/A/Frameworks/ATS.framework/Versions/A/Resources/libTrueTypeScaler.dylib
0x000000017c21d000 	/private/var/folders/jd/8y09m8r121zc6d9p7dp82f9r0000gn/T/jogamp_0000/file_cache/jln1220868855899094925/jln6979482449913736368/libgluegen-rt.jnilib
0x000000017c222000 	/private/var/folders/jd/8y09m8r121zc6d9p7dp82f9r0000gn/T/jogamp_0000/file_cache/jln1220868855899094925/jln6979482449913736368/libnativewindow_awt.jnilib
0x000000017c225000 	/Library/Java/JavaVirtualMachines/jdk1.8.0_60.jdk/Contents/Home/jre/lib/libjawt.dylib
0x000000017c462000 	/private/var/folders/jd/8y09m8r121zc6d9p7dp82f9r0000gn/T/jogamp_0000/file_cache/jln1220868855899094925/jln6979482449913736368/libnativewindow_macosx.jnilib
0x000000017c92e000 	/private/var/folders/jd/8y09m8r121zc6d9p7dp82f9r0000gn/T/jogamp_0000/file_cache/jln1220868855899094925/jln6979482449913736368/libjogl_desktop.jnilib
0x00000001859a9000 	/Library/Java/JavaVirtualMachines/jdk1.8.0_60.jdk/Contents/Home/jre/lib/libjpeg.dylib

VM Arguments:
jvm_args: -Djava.security.policy=java.policy.applet -Dfile.encoding=UTF-8 
java_command: sun.applet.AppletViewer module1.HelloWorld1442677415533.html
java_class_path (initial): /Users/srivathsanseshadri/Documents/Java/UCSDUnfoldingMaps/build:/Users/srivathsanseshadri/Documents/Java/UCSDUnfoldingMaps/lib/core.jar:/Users/srivathsanseshadri/Documents/Java/UCSDUnfoldingMaps/lib/gluegen-rt.jar:/Users/srivathsanseshadri/Documents/Java/UCSDUnfoldingMaps/lib/jogl-all.jar:/Users/srivathsanseshadri/Documents/Java/UCSDUnfoldingMaps/lib/log4j-1.2.15.jar:/Users/srivathsanseshadri/Documents/Java/UCSDUnfoldingMaps/lib/sqlite-jdbc-3.7.2.jar:/Users/srivathsanseshadri/Documents/Java/UCSDUnfoldingMaps/lib/json4processing.jar:/Users/srivathsanseshadri/Documents/Java/UCSDUnfoldingMaps/lib/libTUIO.jar:/Users/srivathsanseshadri/Documents/Java/UCSDUnfoldingMaps/lib/unfolding.0.9.7-uscd.jar
Launcher Type: SUN_STANDARD

Environment Variables:
PATH=/usr/bin:/bin:/usr/sbin:/sbin
SHELL=/bin/bash

Signal Handlers:
SIGSEGV: [libjvm.dylib+0x5a6d31], sa_mask[0]=11111111011111110111111111111111, sa_flags=SA_ONSTACK|SA_RESTART|SA_SIGINFO
SIGBUS: [libjvm.dylib+0x5a6d31], sa_mask[0]=11111111011111110111111111111111, sa_flags=SA_RESTART|SA_SIGINFO
SIGFPE: [libjvm.dylib+0x480a4c], sa_mask[0]=11111111011111110111111111111111, sa_flags=SA_RESTART|SA_SIGINFO
SIGPIPE: [libjvm.dylib+0x480a4c], sa_mask[0]=11111111011111110111111111111111, sa_flags=SA_RESTART|SA_SIGINFO
SIGXFSZ: [libjvm.dylib+0x480a4c], sa_mask[0]=11111111011111110111111111111111, sa_flags=SA_RESTART|SA_SIGINFO
SIGILL: [libjvm.dylib+0x480a4c], sa_mask[0]=11111111011111110111111111111111, sa_flags=SA_RESTART|SA_SIGINFO
SIGUSR1: SIG_DFL, sa_mask[0]=00000000000000000000000000000000, sa_flags=none
SIGUSR2: [libjvm.dylib+0x48056a], sa_mask[0]=00100000000000000000000000000000, sa_flags=SA_RESTART|SA_SIGINFO
SIGHUP: [libjvm.dylib+0x47eb41], sa_mask[0]=11111111011111110111111111111111, sa_flags=SA_RESTART|SA_SIGINFO
SIGINT: [libjvm.dylib+0x47eb41], sa_mask[0]=11111111011111110111111111111111, sa_flags=SA_RESTART|SA_SIGINFO
SIGTERM: [libjvm.dylib+0x47eb41], sa_mask[0]=11111111011111110111111111111111, sa_flags=SA_RESTART|SA_SIGINFO
SIGQUIT: [libjvm.dylib+0x47eb41], sa_mask[0]=11111111011111110111111111111111, sa_flags=SA_RESTART|SA_SIGINFO


---------------  S Y S T E M  ---------------

OS:Bsduname:Darwin 14.5.0 Darwin Kernel Version 14.5.0: Wed Jul 29 02:26:53 PDT 2015; root:xnu-2782.40.9~1/RELEASE_X86_64 x86_64
rlimit: STACK 8192k, CORE 0k, NPROC 709, NOFILE 10240, AS infinity
load average:2.40 1.86 1.53

CPU:total 8 (4 cores per cpu, 2 threads per core) family 6 model 70 stepping 1, cmov, cx8, fxsr, mmx, sse, sse2, sse3, ssse3, sse4.1, sse4.2, popcnt, avx, avx2, aes, clmul, erms, lzcnt, ht, tsc, tscinvbit, bmi1, bmi2

Memory: 4k page, physical 16777216k(3287440k free)

/proc/meminfo:


vm_info: Java HotSpot(TM) 64-Bit Server VM (25.60-b23) for bsd-amd64 JRE (1.8.0_60-b27), built on Aug  4 2015 10:47:24 by "java_re" with gcc 4.2.1 (Based on Apple Inc. build 5658) (LLVM build 2336.11.00)

time: Sat Sep 19 11:43:47 2015
elapsed time: 11 seconds (0d 0h 0m 11s)

