#
# A fatal error has been detected by the Java Runtime Environment:
#
#  SIGSEGV (0xb) at pc=0x00007fff85abb0dd, pid=1932, tid=1811
#
# JRE version: Java(TM) SE Runtime Environment (8.0_60-b27) (build 1.8.0_60-b27)
# Java VM: Java HotSpot(TM) 64-Bit Server VM (25.60-b23 mixed mode bsd-amd64 compressed oops)
# Problematic frame:
# C  [libobjc.A.dylib+0x10dd]  objc_msgSend+0x1d
#
# Failed to write core dump. Core dumps have been disabled. To enable core dumping, try "ulimit -c unlimited" before starting Java again
#
# If you would like to submit a bug report, please visit:
#   http://bugreport.java.com/bugreport/crash.jsp
# The crash happened outside the Java Virtual Machine in native code.
# See problematic frame for where to report the bug.
#

---------------  T H R E A D  ---------------

Current thread (0x00007f8a9a811000):  JavaThread "AWT-AppKit" daemon [_thread_in_native, id=1811, stack(0x00007fff57d51000,0x00007fff58551000)]

siginfo: si_signo: 11 (SIGSEGV), si_code: 1 (SEGV_MAPERR), si_addr: 0x000007f8aa124908

Registers:
RAX=0x00007f8aa1440f20, RBX=0x0000000179b39450, RCX=0x000000012dfa4280, RDX=0x000000012dfa4d80
RSP=0x00007fff5854c588, RBP=0x00007fff5854c640, RSI=0x00007fff93a0b40f, RDI=0x00007f8aa12a7a60
R8 =0x0000000000000000, R9 =0x0000000000000f50, R10=0x00007fff93a0b40f, R11=0x000007f8aa1248f0
R12=0x0000000000000000, R13=0x000000017d997608, R14=0x0000000179b39440, R15=0x00007f8a9a811000
RIP=0x00007fff85abb0dd, EFLAGS=0x0000000000010206, ERR=0x0000000000000004
  TRAPNO=0x000000000000000e

Top of Stack: (sp=0x00007fff5854c588)
0x00007fff5854c588:   0000000179b37157 00007fff5854c5e0
0x00007fff5854c598:   0000000000000003 00007fff5854c5c0
0x00007fff5854c5a8:   00000001089f1992 000000017d997608
0x00007fff5854c5b8:   000000017d997608 00007f8aa1440f20
0x00007fff5854c5c8:   0000000179b396a0 0000000179b39710
0x00007fff5854c5d8:   00007fff760fa550 00007fff77a53c80
0x00007fff5854c5e8:   0000000179b39450 0000000179b39690
0x00007fff5854c5f8:   00007f8aa1440f20 00007f8aa12a7a60
0x00007fff5854c608:   00007f8a9a73cf30 00007f8aa1440f20
0x00007fff5854c618:   00007f8aa12a7a60 00007fff5854c6c0
0x00007fff5854c628:   00007f8a9a8111f8 000000017d997608
0x00007fff5854c638:   00007fff5854c6e8 00007fff5854c6b0
0x00007fff5854c648:   00000001098d6954 00007fff5854c6b0
0x00007fff5854c658:   00000001098d66d9 00000001098e2823
0x00007fff5854c668:   00000001098d66a2 00007fff5854c670
0x00007fff5854c678:   000000017d997608 00007fff5854c6e8
0x00007fff5854c688:   000000017d99a240 0000000000000000
0x00007fff5854c698:   000000017d997608 0000000000000000
0x00007fff5854c6a8:   00007fff5854c6d0 00007fff5854c730
0x00007fff5854c6b8:   00000001098c8c4d 000000076f8903e8
0x00007fff5854c6c8:   00000001098d0578 00007f8aa1440f20
0x00007fff5854c6d8:   00000001098d1db9 00007f8aa12a7a60
0x00007fff5854c6e8:   00000001098d1d82 00007fff5854c6f0
0x00007fff5854c6f8:   000000017d9977d2 00007fff5854c758
0x00007fff5854c708:   000000017d99a240 0000000000000000
0x00007fff5854c718:   000000017d9977e0 00007fff5854c6d0
0x00007fff5854c728:   00007fff5854c740 00007fff5854c7a0
0x00007fff5854c738:   00000001098c8c4d 00007f8aa1440f20
0x00007fff5854c748:   000000076f5b65e8 00007f8aa12a7a60
0x00007fff5854c758:   000000076f5b65e8 00007fff5854c760
0x00007fff5854c768:   00000001813b398e 00007fff5854c7b0
0x00007fff5854c778:   00000001813b3a48 0000000000000000 

Instructions: (pc=0x00007fff85abb0dd)
0x00007fff85abb0bd:   00 00 00 48 85 ff 2e 74 7a 40 f6 c7 01 2e 75 7e
0x00007fff85abb0cd:   49 bb f8 ff ff ff ff 7f 00 00 4c 23 1f 49 89 f2
0x00007fff85abb0dd:   45 23 53 18 49 c1 e2 04 4d 03 53 10 49 3b 32 75
0x00007fff85abb0ed:   04 41 ff 62 08 49 83 3a 00 74 6a 4d 3b 53 10 74 

Register to memory mapping:

RAX=0x00007f8aa1440f20 is an unknown value
RBX=0x0000000179b39450: Java_jogamp_nativewindow_macosx_OSXUtil_GetScreenRefreshRate0+0x1cf0 in /private/var/folders/jd/8y09m8r121zc6d9p7dp82f9r0000gn/T/jogamp_0000/file_cache/jln8099753760586167396/jln8257854397997158786/libnativewindow_macosx.jnilib at 0x0000000179b32000
RCX=0x000000012dfa4280 is an unknown value
RDX=0x000000012dfa4d80 is an unknown value
RSP=0x00007fff5854c588 is pointing into the stack for thread: 0x00007f8a9a811000
RBP=0x00007fff5854c640 is pointing into the stack for thread: 0x00007f8a9a811000
RSI=0x00007fff93a0b40f is an unknown value
RDI=0x00007f8aa12a7a60 is an unknown value
R8 =0x0000000000000000 is an unknown value
R9 =0x0000000000000f50 is an unknown value
R10=0x00007fff93a0b40f is an unknown value
R11=0x000007f8aa1248f0 is an unknown value
R12=0x0000000000000000 is an unknown value
R13={method} {0x000000017d997608} 'UnsetJAWTRootSurfaceLayer0' '(JJ)V' in 'jogamp/nativewindow/jawt/macosx/MacOSXJAWTWindow'
R14=0x0000000179b39440: Java_jogamp_nativewindow_macosx_OSXUtil_GetScreenRefreshRate0+0x1ce0 in /private/var/folders/jd/8y09m8r121zc6d9p7dp82f9r0000gn/T/jogamp_0000/file_cache/jln8099753760586167396/jln8257854397997158786/libnativewindow_macosx.jnilib at 0x0000000179b32000
R15=0x00007f8a9a811000 is a thread


Stack: [0x00007fff57d51000,0x00007fff58551000],  sp=0x00007fff5854c588,  free space=8173k
Native frames: (J=compiled Java code, j=interpreted, Vv=VM code, C=native code)
C  [libobjc.A.dylib+0x10dd]  objc_msgSend+0x1d
j  jogamp.nativewindow.jawt.macosx.MacOSXJAWTWindow.UnsetJAWTRootSurfaceLayer0(JJ)V+0
j  jogamp.nativewindow.jawt.macosx.MacOSXJAWTWindow.access$200(JJ)V+2
j  jogamp.nativewindow.jawt.macosx.MacOSXJAWTWindow$1.run()V+38
j  com.jogamp.common.util.RunnableTask.run()V+24
v  ~StubRoutines::call_stub
V  [libjvm.dylib+0x2eab0e]  JavaCalls::call_helper(JavaValue*, methodHandle*, JavaCallArguments*, Thread*)+0x6ae
V  [libjvm.dylib+0x321bb7]  jni_invoke_nonstatic(JNIEnv_*, JavaValue*, _jobject*, JNICallType, _jmethodID*, JNI_ArgumentPusher*, Thread*)+0x2ec
V  [libjvm.dylib+0x31438b]  jni_CallVoidMethod+0x16b
C  [libnativewindow_macosx.jnilib+0x5326]  Java_jogamp_nativewindow_jawt_macosx_MacOSXJAWTWindow_UnsetJAWTRootSurfaceLayer0+0x2b6
C  [Foundation+0x92dd0]  __NSThreadPerformPerform+0x125
C  [CoreFoundation+0x80a01]  __CFRUNLOOP_IS_CALLING_OUT_TO_A_SOURCE0_PERFORM_FUNCTION__+0x11
C  [CoreFoundation+0x72c5c]  __CFRunLoopDoSources0+0x1dc
C  [CoreFoundation+0x721bf]  __CFRunLoopRun+0x39f
C  [CoreFoundation+0x71bd8]  CFRunLoopRunSpecific+0x128
C  [HIToolbox+0x3256f]  RunCurrentEventLoopInMode+0xeb
C  [HIToolbox+0x321ee]  ReceiveNextEventCommon+0xb3
C  [HIToolbox+0x3212b]  _BlockUntilNextEventMatchingListInModeWithFilter+0x47
C  [AppKit+0x918ab]  _DPSNextEvent+0x3d2
C  [AppKit+0x90e58]  -[NSApplication nextEventMatchingMask:untilDate:inMode:dequeue:]+0x15a
C  [libosxapp.dylib+0x23aa]  -[NSApplicationAWT nextEventMatchingMask:untilDate:inMode:dequeue:]+0x7c
C  [AppKit+0x86af3]  -[NSApplication run]+0x252
C  [libosxapp.dylib+0x214d]  +[NSApplicationAWT runAWTLoopWithApp:]+0x9c
C  [libawt_lwawt.dylib+0x44517]  -[AWTStarter starter:]+0x389
C  [Foundation+0x92dd0]  __NSThreadPerformPerform+0x125
C  [CoreFoundation+0x80a01]  __CFRUNLOOP_IS_CALLING_OUT_TO_A_SOURCE0_PERFORM_FUNCTION__+0x11
C  [CoreFoundation+0x72b8d]  __CFRunLoopDoSources0+0x10d
C  [CoreFoundation+0x721bf]  __CFRunLoopRun+0x39f
C  [CoreFoundation+0x71bd8]  CFRunLoopRunSpecific+0x128
C  [java+0x6463]  CreateExecutionEnvironment+0x367
C  [java+0x21ac]  JLI_Launch+0x7a0
C  [java+0x84c0]  main+0x65
C  [java+0x1a04]  start+0x34
C  0x0000000000000007

Java frames: (J=compiled Java code, j=interpreted, Vv=VM code)
j  jogamp.nativewindow.jawt.macosx.MacOSXJAWTWindow.UnsetJAWTRootSurfaceLayer0(JJ)V+0
j  jogamp.nativewindow.jawt.macosx.MacOSXJAWTWindow.access$200(JJ)V+2
j  jogamp.nativewindow.jawt.macosx.MacOSXJAWTWindow$1.run()V+38
j  com.jogamp.common.util.RunnableTask.run()V+24
v  ~StubRoutines::call_stub

---------------  P R O C E S S  ---------------

Java Threads: ( => current thread )
  0x00007f8a9b4d7800 JavaThread "Thread-48" [_thread_blocked, id=67447, stack(0x00000001844f1000,0x00000001845f1000)]
  0x00007f8a9cd75000 JavaThread "Image Fetcher 2" daemon [_thread_blocked, id=71175, stack(0x00000001834d5000,0x00000001835d5000)]
  0x00007f8a9c349800 JavaThread "Image Fetcher 1" daemon [_thread_blocked, id=70403, stack(0x00000001833d2000,0x00000001834d2000)]
  0x00007f8a9cd60800 JavaThread "Image Fetcher 0" daemon [_thread_blocked, id=69515, stack(0x00000001832a2000,0x00000001833a2000)]
  0x00007f8a9b3c5800 JavaThread "Keep-Alive-Timer" daemon [_thread_blocked, id=69699, stack(0x000000018319f000,0x000000018329f000)]
  0x00007f8a9ca5a000 JavaThread "AWT-EventQueue-1" [_thread_in_native, id=61467, stack(0x000000017a4bf000,0x000000017a5bf000)]
  0x00007f8a9ca4e000 JavaThread "DestroyJavaVM" [_thread_blocked, id=4867, stack(0x000000010978a000,0x000000010988a000)]
  0x00007f8a9b1af000 JavaThread "AWT-EventQueue-0" [_thread_blocked, id=58627, stack(0x000000012e02b000,0x000000012e12b000)]
  0x00007f8a9a8ae000 JavaThread "Java2D Disposer" daemon [_thread_blocked, id=55315, stack(0x000000012cda0000,0x000000012cea0000)]
  0x00007f8a9b19c800 JavaThread "Java2D Queue Flusher" daemon [_thread_blocked, id=53767, stack(0x000000012bd0d000,0x000000012be0d000)]
  0x00007f8a9c855000 JavaThread "AWT-Shutdown" [_thread_blocked, id=30739, stack(0x0000000128d0f000,0x0000000128e0f000)]
=>0x00007f8a9a811000 JavaThread "AWT-AppKit" daemon [_thread_in_native, id=1811, stack(0x00007fff57d51000,0x00007fff58551000)]
  0x00007f8a9c028800 JavaThread "Service Thread" daemon [_thread_blocked, id=20739, stack(0x00000001272ac000,0x00000001273ac000)]
  0x00007f8a9b038000 JavaThread "C1 CompilerThread3" daemon [_thread_blocked, id=20227, stack(0x00000001271a9000,0x00000001272a9000)]
  0x00007f8a9a81a000 JavaThread "C2 CompilerThread2" daemon [_thread_blocked, id=19715, stack(0x00000001270a6000,0x00000001271a6000)]
  0x00007f8a9b02f000 JavaThread "C2 CompilerThread1" daemon [_thread_blocked, id=19203, stack(0x0000000126fa3000,0x00000001270a3000)]
  0x00007f8a9c025800 JavaThread "C2 CompilerThread0" daemon [_thread_blocked, id=18691, stack(0x0000000126ea0000,0x0000000126fa0000)]
  0x00007f8a9b00b800 JavaThread "Signal Dispatcher" daemon [_thread_blocked, id=15383, stack(0x0000000126d9d000,0x0000000126e9d000)]
  0x00007f8a9d800000 JavaThread "Finalizer" daemon [_thread_blocked, id=13571, stack(0x0000000125395000,0x0000000125495000)]
  0x00007f8a9c820000 JavaThread "Reference Handler" daemon [_thread_blocked, id=13059, stack(0x0000000125292000,0x0000000125392000)]

Other Threads:
  0x00007f8a9c81f800 VMThread [stack: 0x000000012518f000,0x000000012528f000] [id=12547]
  0x00007f8a9e00c800 WatcherThread [stack: 0x00000001273af000,0x00000001274af000] [id=21251]

VM state:not at safepoint (normal execution)

VM Mutex/Monitor currently owned by a thread: None

Heap:
 PSYoungGen      total 76288K, used 37199K [0x000000076ab00000, 0x0000000774000000, 0x00000007c0000000)
  eden space 65536K, 40% used [0x000000076ab00000,0x000000076c4d7178,0x000000076eb00000)
  from space 10752K, 99% used [0x000000076f580000,0x000000076fffce10,0x0000000770000000)
  to   space 10752K, 0% used [0x000000076eb00000,0x000000076eb00000,0x000000076f580000)
 ParOldGen       total 175104K, used 11165K [0x00000006c0000000, 0x00000006cab00000, 0x000000076ab00000)
  object space 175104K, 6% used [0x00000006c0000000,0x00000006c0ae7530,0x00000006cab00000)
 Metaspace       used 18701K, capacity 18875K, committed 19072K, reserved 1067008K
  class space    used 1866K, capacity 1918K, committed 1920K, reserved 1048576K

Card table byte_map: [0x0000000118c81000,0x0000000119482000] byte_map_base: 0x0000000115681000

Marking Bits: (ParMarkBitMap*) 0x00000001090dee20
 Begin Bits: [0x000000011a1f0000, 0x000000011e1f0000)
 End Bits:   [0x000000011e1f0000, 0x00000001221f0000)

Polling page: 0x00000001077d3000

CodeCache: size=245760Kb used=5853Kb max_used=5853Kb free=239906Kb
 bounds [0x00000001098c1000, 0x0000000109e81000, 0x00000001188c1000]
 total_blobs=2468 nmethods=1595 adapters=787
 compilation: enabled

Compilation events (10 events):
Event: 3.219 Thread 0x00007f8a9b038000 1591       3       java.util.concurrent.locks.AbstractQueuedSynchronizer::compareAndSetWaitStatus (13 bytes)
Event: 3.219 Thread 0x00007f8a9b038000 nmethod 1591 0x0000000109e70750 code [0x0000000109e708a0, 0x0000000109e709f0]
Event: 3.220 Thread 0x00007f8a9b038000 1593       1       sun.java2d.SurfaceData::isValid (5 bytes)
Event: 3.220 Thread 0x00007f8a9b038000 nmethod 1593 0x0000000109e7b6d0 code [0x0000000109e7b820, 0x0000000109e7b930]
Event: 3.220 Thread 0x00007f8a9b038000 1592       3       sun.java2d.pipe.Region::clipScale (41 bytes)
Event: 3.220 Thread 0x00007f8a9b038000 nmethod 1592 0x0000000109e7b990 code [0x0000000109e7bb40, 0x0000000109e7be08]
Event: 3.230 Thread 0x00007f8a9b038000 1594   !   3       java.awt.EventQueue::isDispatchThreadImpl (99 bytes)
Event: 3.231 Thread 0x00007f8a9b038000 nmethod 1594 0x0000000109e7be90 code [0x0000000109e7c0a0, 0x0000000109e7cbe8]
Event: 3.231 Thread 0x00007f8a9b038000 1595       3       java.awt.geom.AffineTransform::getType (17 bytes)
Event: 3.231 Thread 0x00007f8a9b038000 nmethod 1595 0x0000000109e7d150 code [0x0000000109e7d2c0, 0x0000000109e7d4a8]

GC Heap History (4 events):
Event: 2.108 GC heap before
{Heap before GC invocations=1 (full 0):
 PSYoungGen      total 76288K, used 65536K [0x000000076ab00000, 0x0000000770000000, 0x00000007c0000000)
  eden space 65536K, 100% used [0x000000076ab00000,0x000000076eb00000,0x000000076eb00000)
  from space 10752K, 0% used [0x000000076f580000,0x000000076f580000,0x0000000770000000)
  to   space 10752K, 0% used [0x000000076eb00000,0x000000076eb00000,0x000000076f580000)
 ParOldGen       total 175104K, used 0K [0x00000006c0000000, 0x00000006cab00000, 0x000000076ab00000)
  object space 175104K, 0% used [0x00000006c0000000,0x00000006c0000000,0x00000006cab00000)
 Metaspace       used 18112K, capacity 18347K, committed 18560K, reserved 1067008K
  class space    used 1836K, capacity 1916K, committed 1920K, reserved 1048576K
Event: 2.116 GC heap after
Heap after GC invocations=1 (full 0):
 PSYoungGen      total 76288K, used 10726K [0x000000076ab00000, 0x0000000770000000, 0x00000007c0000000)
  eden space 65536K, 0% used [0x000000076ab00000,0x000000076ab00000,0x000000076eb00000)
  from space 10752K, 99% used [0x000000076eb00000,0x000000076f579940,0x000000076f580000)
  to   space 10752K, 0% used [0x000000076f580000,0x000000076f580000,0x0000000770000000)
 ParOldGen       total 175104K, used 3088K [0x00000006c0000000, 0x00000006cab00000, 0x000000076ab00000)
  object space 175104K, 1% used [0x00000006c0000000,0x00000006c0304090,0x00000006cab00000)
 Metaspace       used 18112K, capacity 18347K, committed 18560K, reserved 1067008K
  class space    used 1836K, capacity 1916K, committed 1920K, reserved 1048576K
}
Event: 2.603 GC heap before
{Heap before GC invocations=2 (full 0):
 PSYoungGen      total 76288K, used 76262K [0x000000076ab00000, 0x0000000770000000, 0x00000007c0000000)
  eden space 65536K, 100% used [0x000000076ab00000,0x000000076eb00000,0x000000076eb00000)
  from space 10752K, 99% used [0x000000076eb00000,0x000000076f579940,0x000000076f580000)
  to   space 10752K, 0% used [0x000000076f580000,0x000000076f580000,0x0000000770000000)
 ParOldGen       total 175104K, used 3088K [0x00000006c0000000, 0x00000006cab00000, 0x000000076ab00000)
  object space 175104K, 1% used [0x00000006c0000000,0x00000006c0304090,0x00000006cab00000)
 Metaspace       used 18462K, capacity 18679K, committed 18816K, reserved 1067008K
  class space    used 1859K, capacity 1918K, committed 1920K, reserved 1048576K
Event: 2.613 GC heap after
Heap after GC invocations=2 (full 0):
 PSYoungGen      total 76288K, used 10739K [0x000000076ab00000, 0x0000000774000000, 0x00000007c0000000)
  eden space 65536K, 0% used [0x000000076ab00000,0x000000076ab00000,0x000000076eb00000)
  from space 10752K, 99% used [0x000000076f580000,0x000000076fffce10,0x0000000770000000)
  to   space 10752K, 0% used [0x000000076eb00000,0x000000076eb00000,0x000000076f580000)
 ParOldGen       total 175104K, used 11165K [0x00000006c0000000, 0x00000006cab00000, 0x000000076ab00000)
  object space 175104K, 6% used [0x00000006c0000000,0x00000006c0ae7530,0x00000006cab00000)
 Metaspace       used 18462K, capacity 18679K, committed 18816K, reserved 1067008K
  class space    used 1859K, capacity 1918K, committed 1920K, reserved 1048576K
}

Deoptimization events (6 events):
Event: 1.131 Thread 0x00007f8a9c24c800 Uncommon trap: reason=unstable_if action=reinterpret pc=0x0000000109a89600 method=java.lang.String.toLowerCase(Ljava/util/Locale;)Ljava/lang/String; @ 85
Event: 1.284 Thread 0x00007f8a9ca40800 Uncommon trap: reason=unstable_if action=reinterpret pc=0x0000000109b12fa0 method=java.lang.String.indexOf([CII[CIII)I @ 3
Event: 1.284 Thread 0x00007f8a9ca40800 Uncommon trap: reason=unstable_if action=reinterpret pc=0x0000000109a74e98 method=java.lang.String.indexOf([CII[CIII)I @ 3
Event: 1.974 Thread 0x00007f8a9ca5a000 Uncommon trap: reason=unstable_if action=reinterpret pc=0x0000000109a63eac method=java.lang.AbstractStringBuilder.append(Ljava/lang/String;)Ljava/lang/AbstractStringBuilder; @ 1
Event: 2.254 Thread 0x00007f8a9ca5a000 Uncommon trap: reason=unstable_if action=reinterpret pc=0x0000000109cddfac method=java.lang.StrictMath.floorOrCeil(DDDD)D @ 115
Event: 3.186 Thread 0x00007f8a9ca5a000 Uncommon trap: reason=unstable_if action=reinterpret pc=0x0000000109d453e8 method=com.jogamp.common.util.VersionNumber.compareTo(Lcom/jogamp/common/util/VersionNumber;)I @ 21

Internal exceptions (10 events):
Event: 0.113 Thread 0x00007f8a9b00e800 Exception <a 'java/lang/NoSuchFieldError': method resolution failed> (0x000000076aeedd48) thrown at [/Users/java_re/workspace/8-2-build-macosx-x86_64/jdk8u60/4407/hotspot/src/share/vm/prims/methodHandles.cpp, line 1146]
Event: 0.115 Thread 0x00007f8a9b00e800 Exception <a 'java/lang/NoSuchFieldError': method resolution failed> (0x000000076aefb518) thrown at [/Users/java_re/workspace/8-2-build-macosx-x86_64/jdk8u60/4407/hotspot/src/share/vm/prims/methodHandles.cpp, line 1146]
Event: 0.252 Thread 0x00007f8a9b00e800 Exception <a 'java/io/FileNotFoundException'> (0x000000076af77380) thrown at [/Users/java_re/workspace/8-2-build-macosx-x86_64/jdk8u60/4407/hotspot/src/share/vm/prims/jni.cpp, line 709]
Event: 0.252 Thread 0x00007f8a9b00e800 Exception <a 'java/io/FileNotFoundException'> (0x000000076af77f28) thrown at [/Users/java_re/workspace/8-2-build-macosx-x86_64/jdk8u60/4407/hotspot/src/share/vm/prims/jni.cpp, line 709]
Event: 0.333 Thread 0x00007f8a9b00e800 Exception <a 'java/io/FileNotFoundException'> (0x000000076b00dce8) thrown at [/Users/java_re/workspace/8-2-build-macosx-x86_64/jdk8u60/4407/hotspot/src/share/vm/prims/jni.cpp, line 709]
Event: 1.299 Thread 0x00007f8a9ca40800 Exception <a 'java/lang/UnsatisfiedLinkError': com.jogamp.common.util.JarUtil.fixNativeLibAttribs(Ljava/lang/String;)Z> (0x000000076c750da0) thrown at [/Users/java_re/workspace/8-2-build-macosx-x86_64/jdk8u60/4407/hotspot/src/share/vm/prims/nativeLookup.c
Event: 1.974 Thread 0x00007f8a9ca5a000 Exception <a 'java/io/FileNotFoundException'> (0x000000076d7fb850) thrown at [/Users/java_re/workspace/8-2-build-macosx-x86_64/jdk8u60/4407/hotspot/src/share/vm/prims/jni.cpp, line 709]
Event: 1.974 Thread 0x00007f8a9ca5a000 Exception <a 'java/io/FileNotFoundException'> (0x000000076d801de8) thrown at [/Users/java_re/workspace/8-2-build-macosx-x86_64/jdk8u60/4407/hotspot/src/share/vm/prims/jni.cpp, line 709]
Event: 1.974 Thread 0x00007f8a9ca5a000 Implicit null exception at 0x0000000109a63b35 to 0x0000000109a63e99
Event: 2.118 Thread 0x00007f8a9d800000 Exception <a 'java/lang/NullPointerException'> (0x000000076af954d8) thrown at [/Users/java_re/workspace/8-2-build-macosx-x86_64/jdk8u60/4407/hotspot/src/share/vm/interpreter/linkResolver.cpp, line 1178]

Events (10 events):
Event: 3.229 loading class jogamp/nativewindow/jawt/macosx/MacOSXJAWTWindow$1 done
Event: 3.230 loading class java/awt/LightweightDispatcher$2
Event: 3.230 loading class java/awt/LightweightDispatcher$2 done
Event: 3.230 loading class java/awt/event/AWTEventListenerProxy
Event: 3.230 loading class java/awt/event/AWTEventListenerProxy done
Event: 3.230 loading class java/awt/Toolkit$ToolkitEventMulticaster
Event: 3.230 loading class java/awt/Toolkit$ToolkitEventMulticaster done
Event: 3.230 Thread 0x00007f8a9a89d000 Thread exited: 0x00007f8a9a89d000
Event: 3.230 loading class java/awt/Window$1DisposeAction
Event: 3.230 loading class java/awt/Window$1DisposeAction done


Dynamic libraries:
0x00000000054a7000 	/System/Library/Frameworks/Cocoa.framework/Versions/A/Cocoa
0x00000000054a7000 	/System/Library/Frameworks/Security.framework/Versions/A/Security
0x00000000054a7000 	/System/Library/Frameworks/ApplicationServices.framework/Versions/A/ApplicationServices
0x00000000054a7000 	/usr/lib/libz.1.dylib
0x00000000054a7000 	/usr/lib/libSystem.B.dylib
0x00000000054a7000 	/usr/lib/libobjc.A.dylib
0x00000000054a7000 	/System/Library/Frameworks/CoreFoundation.framework/Versions/A/CoreFoundation
0x00000000054a7000 	/System/Library/Frameworks/Foundation.framework/Versions/C/Foundation
0x00000000054a7000 	/System/Library/Frameworks/AppKit.framework/Versions/C/AppKit
0x00000000054a7000 	/System/Library/Frameworks/CoreData.framework/Versions/A/CoreData
0x00000000054a7000 	/System/Library/PrivateFrameworks/RemoteViewServices.framework/Versions/A/RemoteViewServices
0x00000000054a7000 	/System/Library/PrivateFrameworks/UIFoundation.framework/Versions/A/UIFoundation
0x00000000054a7000 	/System/Library/Frameworks/IOSurface.framework/Versions/A/IOSurface
0x00000000054a7000 	/System/Library/Frameworks/AudioToolbox.framework/Versions/A/AudioToolbox
0x00000000054a7000 	/System/Library/Frameworks/AudioUnit.framework/Versions/A/AudioUnit
0x00000000054a7000 	/System/Library/PrivateFrameworks/DataDetectorsCore.framework/Versions/A/DataDetectorsCore
0x00000000054a7000 	/System/Library/PrivateFrameworks/DesktopServicesPriv.framework/Versions/A/DesktopServicesPriv
0x00000000054a7000 	/System/Library/Frameworks/Carbon.framework/Versions/A/Frameworks/HIToolbox.framework/Versions/A/HIToolbox
0x00000000054a7000 	/System/Library/Frameworks/QuartzCore.framework/Versions/A/QuartzCore
0x00000000054a7000 	/System/Library/Frameworks/Carbon.framework/Versions/A/Frameworks/SpeechRecognition.framework/Versions/A/SpeechRecognition
0x00000000054a7000 	/usr/lib/libauto.dylib
0x00000000054a7000 	/usr/lib/libicucore.A.dylib
0x00000000054a7000 	/usr/lib/libxml2.2.dylib
0x00000000054a7000 	/System/Library/PrivateFrameworks/CoreUI.framework/Versions/A/CoreUI
0x00000000054a7000 	/System/Library/Frameworks/CoreAudio.framework/Versions/A/CoreAudio
0x00000000054a7000 	/System/Library/Frameworks/DiskArbitration.framework/Versions/A/DiskArbitration
0x00000000054a7000 	/usr/lib/liblangid.dylib
0x00000000054a7000 	/System/Library/PrivateFrameworks/MultitouchSupport.framework/Versions/A/MultitouchSupport
0x00000000054a7000 	/System/Library/Frameworks/IOKit.framework/Versions/A/IOKit
0x00000000054a7000 	/usr/lib/libDiagnosticMessagesClient.dylib
0x00000000054a7000 	/System/Library/Frameworks/CoreServices.framework/Versions/A/CoreServices
0x00000000054a7000 	/System/Library/PrivateFrameworks/PerformanceAnalysis.framework/Versions/A/PerformanceAnalysis
0x00000000054a7000 	/System/Library/PrivateFrameworks/GenerationalStorage.framework/Versions/A/GenerationalStorage
0x00000000054a7000 	/System/Library/Frameworks/OpenGL.framework/Versions/A/OpenGL
0x00000000054a7000 	/System/Library/PrivateFrameworks/Sharing.framework/Versions/A/Sharing
0x00000000054a7000 	/System/Library/Frameworks/CoreGraphics.framework/Versions/A/CoreGraphics
0x00000000054a7000 	/System/Library/Frameworks/CoreText.framework/Versions/A/CoreText
0x00000000054a7000 	/System/Library/Frameworks/ImageIO.framework/Versions/A/ImageIO
0x00000000054a7000 	/usr/lib/libextension.dylib
0x00000000054a7000 	/System/Library/PrivateFrameworks/Backup.framework/Versions/A/Backup
0x00000000054a7000 	/usr/lib/libarchive.2.dylib
0x00000000054a7000 	/System/Library/Frameworks/CFNetwork.framework/Versions/A/CFNetwork
0x00000000054a7000 	/System/Library/Frameworks/SystemConfiguration.framework/Versions/A/SystemConfiguration
0x00000000054a7000 	/usr/lib/libCRFSuite.dylib
0x00000000054a7000 	/usr/lib/libc++.1.dylib
0x00000000054a7000 	/usr/lib/libc++abi.dylib
0x00000000054a7000 	/usr/lib/system/libcache.dylib
0x00000000054a7000 	/usr/lib/system/libcommonCrypto.dylib
0x00000000054a7000 	/usr/lib/system/libcompiler_rt.dylib
0x00000000054a7000 	/usr/lib/system/libcopyfile.dylib
0x00000000054a7000 	/usr/lib/system/libcorecrypto.dylib
0x00000000054a7000 	/usr/lib/system/libdispatch.dylib
0x00000000054a7000 	/usr/lib/system/libdyld.dylib
0x00000000054a7000 	/usr/lib/system/libkeymgr.dylib
0x00000000054a7000 	/usr/lib/system/liblaunch.dylib
0x00000000054a7000 	/usr/lib/system/libmacho.dylib
0x00000000054a7000 	/usr/lib/system/libquarantine.dylib
0x00000000054a7000 	/usr/lib/system/libremovefile.dylib
0x00000000054a7000 	/usr/lib/system/libsystem_asl.dylib
0x00000000054a7000 	/usr/lib/system/libsystem_blocks.dylib
0x00000000054a7000 	/usr/lib/system/libsystem_c.dylib
0x00000000054a7000 	/usr/lib/system/libsystem_configuration.dylib
0x00000000054a7000 	/usr/lib/system/libsystem_coreservices.dylib
0x00000000054a7000 	/usr/lib/system/libsystem_coretls.dylib
0x00000000054a7000 	/usr/lib/system/libsystem_dnssd.dylib
0x00000000054a7000 	/usr/lib/system/libsystem_info.dylib
0x00000000054a7000 	/usr/lib/system/libsystem_kernel.dylib
0x00000000054a7000 	/usr/lib/system/libsystem_m.dylib
0x00000000054a7000 	/usr/lib/system/libsystem_malloc.dylib
0x00000000054a7000 	/usr/lib/system/libsystem_network.dylib
0x00000000054a7000 	/usr/lib/system/libsystem_networkextension.dylib
0x00000000054a7000 	/usr/lib/system/libsystem_notify.dylib
0x00000000054a7000 	/usr/lib/system/libsystem_platform.dylib
0x00000000054a7000 	/usr/lib/system/libsystem_pthread.dylib
0x00000000054a7000 	/usr/lib/system/libsystem_sandbox.dylib
0x00000000054a7000 	/usr/lib/system/libsystem_secinit.dylib
0x00000000054a7000 	/usr/lib/system/libsystem_stats.dylib
0x00000000054a7000 	/usr/lib/system/libsystem_trace.dylib
0x00000000054a7000 	/usr/lib/system/libunc.dylib
0x00000000054a7000 	/usr/lib/system/libunwind.dylib
0x00000000054a7000 	/usr/lib/system/libxpc.dylib
0x00000000054a7000 	/usr/lib/libbz2.1.0.dylib
0x00000000054a7000 	/usr/lib/liblzma.5.dylib
0x00000000054a7000 	/usr/lib/libbsm.0.dylib
0x00000000054a7000 	/usr/lib/libsqlite3.dylib
0x00000000054a7000 	/usr/lib/system/libkxld.dylib
0x00000000054a7000 	/usr/lib/libxar.1.dylib
0x00000000054a7000 	/usr/lib/libpam.2.dylib
0x00000000054a7000 	/usr/lib/libOpenScriptingUtil.dylib
0x00000000054a7000 	/System/Library/Frameworks/CoreServices.framework/Versions/A/Frameworks/FSEvents.framework/Versions/A/FSEvents
0x00000000054a7000 	/System/Library/Frameworks/CoreServices.framework/Versions/A/Frameworks/CarbonCore.framework/Versions/A/CarbonCore
0x00000000054a7000 	/System/Library/Frameworks/CoreServices.framework/Versions/A/Frameworks/Metadata.framework/Versions/A/Metadata
0x00000000054a7000 	/System/Library/Frameworks/CoreServices.framework/Versions/A/Frameworks/OSServices.framework/Versions/A/OSServices
0x00000000054a7000 	/System/Library/Frameworks/CoreServices.framework/Versions/A/Frameworks/SearchKit.framework/Versions/A/SearchKit
0x00000000054a7000 	/System/Library/Frameworks/CoreServices.framework/Versions/A/Frameworks/AE.framework/Versions/A/AE
0x00000000054a7000 	/System/Library/Frameworks/CoreServices.framework/Versions/A/Frameworks/LaunchServices.framework/Versions/A/LaunchServices
0x00000000054a7000 	/System/Library/Frameworks/CoreServices.framework/Versions/A/Frameworks/DictionaryServices.framework/Versions/A/DictionaryServices
0x00000000054a7000 	/System/Library/Frameworks/NetFS.framework/Versions/A/NetFS
0x00000000054a7000 	/System/Library/PrivateFrameworks/NetAuth.framework/Versions/A/NetAuth
0x00000000054a7000 	/System/Library/PrivateFrameworks/login.framework/Versions/A/Frameworks/loginsupport.framework/Versions/A/loginsupport
0x00000000054a7000 	/System/Library/PrivateFrameworks/TCC.framework/Versions/A/TCC
0x00000000054a7000 	/usr/lib/libmecabra.dylib
0x00000000054a7000 	/System/Library/Frameworks/ApplicationServices.framework/Versions/A/Frameworks/ATS.framework/Versions/A/ATS
0x00000000054a7000 	/System/Library/Frameworks/ApplicationServices.framework/Versions/A/Frameworks/ColorSync.framework/Versions/A/ColorSync
0x00000000054a7000 	/System/Library/Frameworks/ApplicationServices.framework/Versions/A/Frameworks/HIServices.framework/Versions/A/HIServices
0x00000000054a7000 	/System/Library/Frameworks/ApplicationServices.framework/Versions/A/Frameworks/LangAnalysis.framework/Versions/A/LangAnalysis
0x00000000054a7000 	/System/Library/Frameworks/ApplicationServices.framework/Versions/A/Frameworks/PrintCore.framework/Versions/A/PrintCore
0x00000000054a7000 	/System/Library/Frameworks/ApplicationServices.framework/Versions/A/Frameworks/QD.framework/Versions/A/QD
0x00000000054a7000 	/System/Library/Frameworks/ApplicationServices.framework/Versions/A/Frameworks/SpeechSynthesis.framework/Versions/A/SpeechSynthesis
0x00000000054a7000 	/System/Library/Frameworks/Accelerate.framework/Versions/A/Accelerate
0x00000000054a7000 	/System/Library/Frameworks/Accelerate.framework/Versions/A/Frameworks/vImage.framework/Versions/A/vImage
0x00000000054a7000 	/System/Library/Frameworks/Accelerate.framework/Versions/A/Frameworks/vecLib.framework/Versions/A/vecLib
0x00000000054a7000 	/System/Library/Frameworks/Accelerate.framework/Versions/A/Frameworks/vecLib.framework/Versions/A/libvDSP.dylib
0x00000000054a7000 	/System/Library/Frameworks/Accelerate.framework/Versions/A/Frameworks/vecLib.framework/Versions/A/libvMisc.dylib
0x00000000054a7000 	/System/Library/Frameworks/Accelerate.framework/Versions/A/Frameworks/vecLib.framework/Versions/A/libLAPACK.dylib
0x00000000054a7000 	/System/Library/Frameworks/Accelerate.framework/Versions/A/Frameworks/vecLib.framework/Versions/A/libBLAS.dylib
0x00000000054a7000 	/System/Library/Frameworks/Accelerate.framework/Versions/A/Frameworks/vecLib.framework/Versions/A/libLinearAlgebra.dylib
0x00000000054a7000 	/System/Library/Frameworks/ApplicationServices.framework/Versions/A/Frameworks/ATS.framework/Versions/A/Resources/libFontParser.dylib
0x00000000054a7000 	/System/Library/Frameworks/ApplicationServices.framework/Versions/A/Frameworks/ATS.framework/Versions/A/Resources/libFontRegistry.dylib
0x00000000054a7000 	/System/Library/PrivateFrameworks/AppleVPA.framework/Versions/A/AppleVPA
0x00000000054a7000 	/System/Library/PrivateFrameworks/AppleJPEG.framework/Versions/A/AppleJPEG
0x00000000054a7000 	/System/Library/Frameworks/ImageIO.framework/Versions/A/Resources/libJPEG.dylib
0x00000000054a7000 	/System/Library/Frameworks/ImageIO.framework/Versions/A/Resources/libTIFF.dylib
0x00000000054a7000 	/System/Library/Frameworks/ImageIO.framework/Versions/A/Resources/libPng.dylib
0x00000000054a7000 	/System/Library/Frameworks/ImageIO.framework/Versions/A/Resources/libGIF.dylib
0x00000000054a7000 	/System/Library/Frameworks/ImageIO.framework/Versions/A/Resources/libJP2.dylib
0x00000000054a7000 	/System/Library/Frameworks/ImageIO.framework/Versions/A/Resources/libRadiance.dylib
0x00000000054a7000 	/System/Library/Frameworks/CoreVideo.framework/Versions/A/CoreVideo
0x00000000054a7000 	/System/Library/Frameworks/OpenGL.framework/Versions/A/Libraries/libGLU.dylib
0x00000000054a7000 	/System/Library/Frameworks/OpenGL.framework/Versions/A/Libraries/libGFXShared.dylib
0x00000000054a7000 	/System/Library/Frameworks/OpenGL.framework/Versions/A/Libraries/libGL.dylib
0x00000000054a7000 	/System/Library/Frameworks/OpenGL.framework/Versions/A/Libraries/libGLImage.dylib
0x00000000054a7000 	/System/Library/Frameworks/OpenGL.framework/Versions/A/Libraries/libCVMSPluginSupport.dylib
0x00000000054a7000 	/System/Library/Frameworks/OpenGL.framework/Versions/A/Libraries/libCoreVMClient.dylib
0x00000000054a7000 	/usr/lib/libcups.2.dylib
0x00000000054a7000 	/System/Library/Frameworks/Kerberos.framework/Versions/A/Kerberos
0x00000000054a7000 	/System/Library/Frameworks/GSS.framework/Versions/A/GSS
0x00000000054a7000 	/usr/lib/libresolv.9.dylib
0x00000000054a7000 	/usr/lib/libiconv.2.dylib
0x00000000054a7000 	/System/Library/PrivateFrameworks/Heimdal.framework/Versions/A/Heimdal
0x00000000054a7000 	/usr/lib/libheimdal-asn1.dylib
0x00000000054a7000 	/System/Library/Frameworks/OpenDirectory.framework/Versions/A/OpenDirectory
0x00000000054a7000 	/System/Library/PrivateFrameworks/CommonAuth.framework/Versions/A/CommonAuth
0x00000000054a7000 	/System/Library/Frameworks/OpenDirectory.framework/Versions/A/Frameworks/CFOpenDirectory.framework/Versions/A/CFOpenDirectory
0x00000000054a7000 	/System/Library/Frameworks/SecurityFoundation.framework/Versions/A/SecurityFoundation
0x00000000054a7000 	/System/Library/PrivateFrameworks/LanguageModeling.framework/Versions/A/LanguageModeling
0x00000000054a7000 	/usr/lib/libcmph.dylib
0x00000000054a7000 	/System/Library/Frameworks/ServiceManagement.framework/Versions/A/ServiceManagement
0x00000000054a7000 	/usr/lib/libxslt.1.dylib
0x00000000054a7000 	/System/Library/Frameworks/Carbon.framework/Versions/A/Frameworks/Ink.framework/Versions/A/Ink
0x00000000054a7000 	/System/Library/Frameworks/QuartzCore.framework/Versions/A/Frameworks/CoreImage.framework/Versions/A/CoreImage
0x00000000054a7000 	/System/Library/PrivateFrameworks/CrashReporterSupport.framework/Versions/A/CrashReporterSupport
0x00000000054a7000 	/System/Library/Frameworks/OpenCL.framework/Versions/A/OpenCL
0x00000000054a7000 	/System/Library/PrivateFrameworks/FaceCore.framework/Versions/A/FaceCore
0x00000000054a7000 	/System/Library/PrivateFrameworks/Ubiquity.framework/Versions/A/Ubiquity
0x00000000054a7000 	/System/Library/PrivateFrameworks/IconServices.framework/Versions/A/IconServices
0x00000000054a7000 	/System/Library/PrivateFrameworks/ChunkingLibrary.framework/Versions/A/ChunkingLibrary
0x00000000054a7000 	/System/Library/PrivateFrameworks/Apple80211.framework/Versions/A/Apple80211
0x00000000054a7000 	/System/Library/Frameworks/CoreWLAN.framework/Versions/A/CoreWLAN
0x00000000054a7000 	/System/Library/Frameworks/IOBluetooth.framework/Versions/A/IOBluetooth
0x00000000054a7000 	/System/Library/PrivateFrameworks/CoreWiFi.framework/Versions/A/CoreWiFi
0x00000000054a7000 	/System/Library/Frameworks/CoreBluetooth.framework/Versions/A/CoreBluetooth
0x00000000054a7000 	/System/Library/PrivateFrameworks/DebugSymbols.framework/Versions/A/DebugSymbols
0x00000000054a7000 	/System/Library/PrivateFrameworks/CoreSymbolication.framework/Versions/A/CoreSymbolication
0x00000000054a7000 	/System/Library/PrivateFrameworks/Symbolication.framework/Versions/A/Symbolication
0x00000000054a7000 	/System/Library/PrivateFrameworks/SpeechRecognitionCore.framework/Versions/A/SpeechRecognitionCore
0x0000000108800000 	/Library/Java/JavaVirtualMachines/jdk1.8.0_60.jdk/Contents/Home/jre/lib/server/libjvm.dylib
0x00000000054a7000 	/usr/lib/libstdc++.6.dylib
0x00000001077c5000 	/Library/Java/JavaVirtualMachines/jdk1.8.0_60.jdk/Contents/Home/jre/lib/libverify.dylib
0x000000010988c000 	/Library/Java/JavaVirtualMachines/jdk1.8.0_60.jdk/Contents/Home/jre/lib/libjava.dylib
0x00000001077dd000 	/Library/Java/JavaVirtualMachines/jdk1.8.0_60.jdk/Contents/Home/jre/lib/libzip.dylib
0x00000001077e7000 	/System/Library/Frameworks/JavaVM.framework/Frameworks/JavaRuntimeSupport.framework/JavaRuntimeSupport
0x0000000125497000 	/System/Library/Frameworks/JavaVM.framework/Versions/A/Frameworks/JavaNativeFoundation.framework/Versions/A/JavaNativeFoundation
0x00000001254ab000 	/System/Library/Frameworks/JavaVM.framework/Versions/A/JavaVM
0x00000000054a7000 	/System/Library/Frameworks/Carbon.framework/Versions/A/Carbon
0x00000001254b7000 	/System/Library/PrivateFrameworks/JavaLaunching.framework/Versions/A/JavaLaunching
0x00000000054a7000 	/System/Library/Frameworks/Carbon.framework/Versions/A/Frameworks/CommonPanels.framework/Versions/A/CommonPanels
0x00000000054a7000 	/System/Library/Frameworks/Carbon.framework/Versions/A/Frameworks/Help.framework/Versions/A/Help
0x00000000054a7000 	/System/Library/Frameworks/Carbon.framework/Versions/A/Frameworks/ImageCapture.framework/Versions/A/ImageCapture
0x00000000054a7000 	/System/Library/Frameworks/Carbon.framework/Versions/A/Frameworks/OpenScripting.framework/Versions/A/OpenScripting
0x00000000054a7000 	/System/Library/Frameworks/Carbon.framework/Versions/A/Frameworks/Print.framework/Versions/A/Print
0x00000000054a7000 	/System/Library/Frameworks/Carbon.framework/Versions/A/Frameworks/SecurityHI.framework/Versions/A/SecurityHI
0x00000001274b3000 	/Library/Java/JavaVirtualMachines/jdk1.8.0_60.jdk/Contents/Home/jre/lib/libawt.dylib
0x000000012755b000 	/Library/Java/JavaVirtualMachines/jdk1.8.0_60.jdk/Contents/Home/jre/lib/./libmlib_image.dylib
0x0000000127627000 	/Library/Java/JavaVirtualMachines/jdk1.8.0_60.jdk/Contents/Home/jre/lib/libawt_lwawt.dylib
0x00000001276dc000 	/Library/Java/JavaVirtualMachines/jdk1.8.0_60.jdk/Contents/Home/jre/lib/./libosxapp.dylib
0x00000000054a7000 	/System/Library/Frameworks/ExceptionHandling.framework/Versions/A/ExceptionHandling
0x00000000054a7000 	/System/Library/PrivateFrameworks/CoreServicesInternal.framework/Versions/A/CoreServicesInternal
0x00000000054a7000 	/System/Library/PrivateFrameworks/CloudDocs.framework/Versions/A/CloudDocs
0x00000000054a7000 	/System/Library/PrivateFrameworks/CoreDuet.framework/Versions/A/CoreDuet
0x00000000054a7000 	/System/Library/Frameworks/CloudKit.framework/Versions/A/CloudKit
0x00000000054a7000 	/System/Library/PrivateFrameworks/ProtocolBuffer.framework/Versions/A/ProtocolBuffer
0x00000000054a7000 	/System/Library/PrivateFrameworks/CoreDuetDaemonProtocol.framework/Versions/A/CoreDuetDaemonProtocol
0x00000000054a7000 	/System/Library/PrivateFrameworks/CoreDuetDebugLogging.framework/Versions/A/CoreDuetDebugLogging
0x00000000054a7000 	/System/Library/PrivateFrameworks/MMCS.framework/Versions/A/MMCS
0x00000000054a7000 	/System/Library/Frameworks/CoreLocation.framework/Versions/A/CoreLocation
0x00000000054a7000 	/System/Library/PrivateFrameworks/ProtectedCloudStorage.framework/Versions/A/ProtectedCloudStorage
0x00000000054a7000 	/System/Library/PrivateFrameworks/GeoServices.framework/Versions/A/GeoServices
0x00000000054a7000 	/System/Library/Frameworks/CoreGraphics.framework/Versions/A/Resources/libCGCMS.A.dylib
0x00000000054a7000 	/System/Library/Frameworks/CoreGraphics.framework/Versions/A/Resources/libRIP.A.dylib
0x00000000054a7000 	/System/Library/Frameworks/CoreGraphics.framework/Versions/A/Resources/libCGXType.A.dylib
0x00000000054a7000 	/System/Library/Frameworks/OpenCL.framework/Versions/A/Libraries/libcldcpuengine.dylib
0x00000000054a7000 	/System/Library/PrivateFrameworks/DiskImages.framework/Versions/A/DiskImages
0x00000000054a7000 	/System/Library/Frameworks/DiscRecording.framework/Versions/A/DiscRecording
0x00000000054a7000 	/usr/lib/libcsfde.dylib
0x00000000054a7000 	/usr/lib/libcurl.4.dylib
0x00000000054a7000 	/System/Library/PrivateFrameworks/MediaKit.framework/Versions/A/MediaKit
0x00000000054a7000 	/usr/lib/libCoreStorage.dylib
0x00000000054a7000 	/System/Library/PrivateFrameworks/EFILogin.framework/Versions/A/EFILogin
0x00000000054a7000 	/usr/lib/libutil.dylib
0x00000000054a7000 	/System/Library/PrivateFrameworks/FindMyDevice.framework/Versions/A/FindMyDevice
0x00000000054a7000 	/System/Library/Frameworks/LDAP.framework/Versions/A/LDAP
0x00000000054a7000 	/usr/lib/libsasl2.2.dylib
0x00000000054a7000 	/System/Library/PrivateFrameworks/CoreDaemon.framework/Versions/B/CoreDaemon
0x00000000054a7000 	/usr/lib/libcrypto.0.9.8.dylib
0x00000000054a7000 	/System/Library/PrivateFrameworks/AppleSRP.framework/Versions/A/AppleSRP
0x00000000054a7000 	/System/Library/PrivateFrameworks/TrustEvaluationAgent.framework/Versions/A/TrustEvaluationAgent
0x000000012a854000 	cl_kernels
0x000000012a856000 	/System/Library/Frameworks/OpenCL.framework/Versions/A/Libraries/ImageFormats/unorm8_bgra.dylib
0x000000012a846000 	cl_kernels
0x00000000054a7000 	/System/Library/PrivateFrameworks/FamilyControls.framework/Versions/A/FamilyControls
0x00000000054a7000 	/System/Library/PrivateFrameworks/CommerceKit.framework/Versions/A/Frameworks/CommerceCore.framework/Versions/A/CommerceCore
0x00000000054a7000 	/System/Library/PrivateFrameworks/SystemAdministration.framework/Versions/A/SystemAdministration
0x00000000054a7000 	/System/Library/PrivateFrameworks/AppContainer.framework/Versions/A/AppContainer
0x00000000054a7000 	/System/Library/PrivateFrameworks/SecCodeWrapper.framework/Versions/A/SecCodeWrapper
0x00000000054a7000 	/System/Library/Frameworks/DirectoryService.framework/Versions/A/DirectoryService
0x00000000054a7000 	/System/Library/PrivateFrameworks/LoginUIKit.framework/Versions/A/Frameworks/LoginUICore.framework/Versions/A/LoginUICore
0x00000000054a7000 	/usr/lib/libodfde.dylib
0x00000000054a7000 	/System/Library/Frameworks/OpenGL.framework/Versions/A/Resources/GLEngine.bundle/GLEngine
0x00000000054a7000 	/System/Library/Frameworks/OpenGL.framework/Versions/A/Libraries/libGLProgrammability.dylib
0x000000012be0f000 	/System/Library/Extensions/AppleIntelHD5000GraphicsGLDriver.bundle/Contents/MacOS/AppleIntelHD5000GraphicsGLDriver
0x00000000054a7000 	/System/Library/PrivateFrameworks/IOAccelerator.framework/Versions/A/IOAccelerator
0x00000000054a7000 	/System/Library/PrivateFrameworks/GPUSupport.framework/Versions/A/Libraries/libGPUSupportMercury.dylib
0x00000000054a7000 	/System/Library/Frameworks/OpenGL.framework/Versions/A/Resources/GLRendererFloat.bundle/GLRendererFloat
0x000000012cea2000 	/Library/Java/JavaVirtualMachines/jdk1.8.0_60.jdk/Contents/Home/jre/lib/libfontmanager.dylib
0x000000012e13d000 	/Library/Java/JavaVirtualMachines/jdk1.8.0_60.jdk/Contents/Home/jre/lib/libosxui.dylib
0x000000012e3c9000 	/Library/Java/JavaVirtualMachines/jdk1.8.0_60.jdk/Contents/Home/jre/lib/libnet.dylib
0x000000012e17c000 	/Library/Java/JavaVirtualMachines/jdk1.8.0_60.jdk/Contents/Home/jre/lib/libnio.dylib
0x00000000054a7000 	/System/Library/Frameworks/ApplicationServices.framework/Versions/A/Frameworks/ATS.framework/Versions/A/Resources/libTrueTypeScaler.dylib
0x0000000179b28000 	/private/var/folders/jd/8y09m8r121zc6d9p7dp82f9r0000gn/T/jogamp_0000/file_cache/jln8099753760586167396/jln8257854397997158786/libgluegen-rt.jnilib
0x0000000179b2c000 	/private/var/folders/jd/8y09m8r121zc6d9p7dp82f9r0000gn/T/jogamp_0000/file_cache/jln8099753760586167396/jln8257854397997158786/libnativewindow_awt.jnilib
0x0000000179b2f000 	/Library/Java/JavaVirtualMachines/jdk1.8.0_60.jdk/Contents/Home/jre/lib/libjawt.dylib
0x0000000179b32000 	/private/var/folders/jd/8y09m8r121zc6d9p7dp82f9r0000gn/T/jogamp_0000/file_cache/jln8099753760586167396/jln8257854397997158786/libnativewindow_macosx.jnilib
0x000000017d857000 	/private/var/folders/jd/8y09m8r121zc6d9p7dp82f9r0000gn/T/jogamp_0000/file_cache/jln8099753760586167396/jln8257854397997158786/libjogl_desktop.jnilib
0x00000001833a4000 	/Library/Java/JavaVirtualMachines/jdk1.8.0_60.jdk/Contents/Home/jre/lib/libjpeg.dylib

VM Arguments:
jvm_args: -Djava.security.policy=java.policy.applet -Dfile.encoding=UTF-8 
java_command: sun.applet.AppletViewer module1.HelloWorld1442781201816.html
java_class_path (initial): /Users/srivathsanseshadri/Documents/Java/UCSDUnfoldingMaps/build:/Users/srivathsanseshadri/Documents/Java/UCSDUnfoldingMaps/lib/core.jar:/Users/srivathsanseshadri/Documents/Java/UCSDUnfoldingMaps/lib/gluegen-rt.jar:/Users/srivathsanseshadri/Documents/Java/UCSDUnfoldingMaps/lib/jogl-all.jar:/Users/srivathsanseshadri/Documents/Java/UCSDUnfoldingMaps/lib/log4j-1.2.15.jar:/Users/srivathsanseshadri/Documents/Java/UCSDUnfoldingMaps/lib/sqlite-jdbc-3.7.2.jar:/Users/srivathsanseshadri/Documents/Java/UCSDUnfoldingMaps/lib/json4processing.jar:/Users/srivathsanseshadri/Documents/Java/UCSDUnfoldingMaps/lib/libTUIO.jar:/Users/srivathsanseshadri/Documents/Java/UCSDUnfoldingMaps/lib/unfolding.0.9.7-uscd.jar
Launcher Type: SUN_STANDARD

Environment Variables:
PATH=/usr/bin:/bin:/usr/sbin:/sbin
SHELL=/bin/bash

Signal Handlers:
SIGSEGV: [libjvm.dylib+0x5a6d31], sa_mask[0]=11111111011111110111111111111111, sa_flags=SA_ONSTACK|SA_RESTART|SA_SIGINFO
SIGBUS: [libjvm.dylib+0x5a6d31], sa_mask[0]=11111111011111110111111111111111, sa_flags=SA_RESTART|SA_SIGINFO
SIGFPE: [libjvm.dylib+0x480a4c], sa_mask[0]=11111111011111110111111111111111, sa_flags=SA_RESTART|SA_SIGINFO
SIGPIPE: [libjvm.dylib+0x480a4c], sa_mask[0]=11111111011111110111111111111111, sa_flags=SA_RESTART|SA_SIGINFO
SIGXFSZ: [libjvm.dylib+0x480a4c], sa_mask[0]=11111111011111110111111111111111, sa_flags=SA_RESTART|SA_SIGINFO
SIGILL: [libjvm.dylib+0x480a4c], sa_mask[0]=11111111011111110111111111111111, sa_flags=SA_RESTART|SA_SIGINFO
SIGUSR1: SIG_DFL, sa_mask[0]=00000000000000000000000000000000, sa_flags=none
SIGUSR2: [libjvm.dylib+0x48056a], sa_mask[0]=00100000000000000000000000000000, sa_flags=SA_RESTART|SA_SIGINFO
SIGHUP: [libjvm.dylib+0x47eb41], sa_mask[0]=11111111011111110111111111111111, sa_flags=SA_RESTART|SA_SIGINFO
SIGINT: [libjvm.dylib+0x47eb41], sa_mask[0]=11111111011111110111111111111111, sa_flags=SA_RESTART|SA_SIGINFO
SIGTERM: [libjvm.dylib+0x47eb41], sa_mask[0]=11111111011111110111111111111111, sa_flags=SA_RESTART|SA_SIGINFO
SIGQUIT: [libjvm.dylib+0x47eb41], sa_mask[0]=11111111011111110111111111111111, sa_flags=SA_RESTART|SA_SIGINFO


---------------  S Y S T E M  ---------------

OS:Bsduname:Darwin 14.5.0 Darwin Kernel Version 14.5.0: Wed Jul 29 02:26:53 PDT 2015; root:xnu-2782.40.9~1/RELEASE_X86_64 x86_64
rlimit: STACK 8192k, CORE 0k, NPROC 709, NOFILE 10240, AS infinity
load average:1.26 1.25 1.32

CPU:total 8 (4 cores per cpu, 2 threads per core) family 6 model 70 stepping 1, cmov, cx8, fxsr, mmx, sse, sse2, sse3, ssse3, sse4.1, sse4.2, popcnt, avx, avx2, aes, clmul, erms, lzcnt, ht, tsc, tscinvbit, bmi1, bmi2

Memory: 4k page, physical 16777216k(2093280k free)

/proc/meminfo:


vm_info: Java HotSpot(TM) 64-Bit Server VM (25.60-b23) for bsd-amd64 JRE (1.8.0_60-b27), built on Aug  4 2015 10:47:24 by "java_re" with gcc 4.2.1 (Based on Apple Inc. build 5658) (LLVM build 2336.11.00)

time: Sun Sep 20 16:33:25 2015
elapsed time: 3 seconds (0d 0h 0m 3s)

