#
# A fatal error has been detected by the Java Runtime Environment:
#
#  SIGSEGV (0xb) at pc=0x00007fff85abb0dd, pid=1326, tid=1811
#
# JRE version: Java(TM) SE Runtime Environment (8.0_60-b27) (build 1.8.0_60-b27)
# Java VM: Java HotSpot(TM) 64-Bit Server VM (25.60-b23 mixed mode bsd-amd64 compressed oops)
# Problematic frame:
# C  [libobjc.A.dylib+0x10dd]  objc_msgSend+0x1d
#
# Failed to write core dump. Core dumps have been disabled. To enable core dumping, try "ulimit -c unlimited" before starting Java again
#
# If you would like to submit a bug report, please visit:
#   http://bugreport.java.com/bugreport/crash.jsp
# The crash happened outside the Java Virtual Machine in native code.
# See problematic frame for where to report the bug.
#

---------------  T H R E A D  ---------------

Current thread (0x00007fa795067000):  JavaThread "AWT-AppKit" daemon [_thread_in_native, id=1811, stack(0x00007fff52806000,0x00007fff53006000)]

siginfo: si_signo: 11 (SIGSEGV), si_code: 1 (SEGV_MAPERR), si_addr: 0x000007fa793e1aa8

Registers:
RAX=0x00007fa79b920c50, RBX=0x000000017f0ee450, RCX=0x000000013572b260, RDX=0x000000013572b9e0
RSP=0x00007fff53001488, RBP=0x00007fff53001540, RSI=0x00007fff93a0b40f, RDI=0x00007fa79b920770
R8 =0x0000000000000000, R9 =0x0000000000000f50, R10=0x00007fff93a0b40f, R11=0x000007fa793e1a90
R12=0x0000000000000000, R13=0x0000000182eb1608, R14=0x000000017f0ee440, R15=0x00007fa795067000
RIP=0x00007fff85abb0dd, EFLAGS=0x0000000000010206, ERR=0x0000000000000004
  TRAPNO=0x000000000000000e

Top of Stack: (sp=0x00007fff53001488)
0x00007fff53001488:   000000017f0ec157 00007fff530014e0
0x00007fff53001498:   0000000000000003 00007fff530014c0
0x00007fff530014a8:   000000010dff1992 0000000182eb1608
0x00007fff530014b8:   0000000182eb1608 00007fa79b920c50
0x00007fff530014c8:   000000017f0ee6a0 000000017f0ee710
0x00007fff530014d8:   00007fff760fa550 00007fff77a53c80
0x00007fff530014e8:   000000017f0ee450 000000017f0ee690
0x00007fff530014f8:   00007fa79b920c50 00007fa79b920770
0x00007fff53001508:   00007fa793e47220 00007fa79b920c50
0x00007fff53001518:   00007fa79b920770 00007fff530015c8
0x00007fff53001528:   00007fa7950671f8 0000000182eb1608
0x00007fff53001538:   00007fff530015f0 00007fff530015b8
0x00007fff53001548:   000000010eea1954 0000000182eb1608
0x00007fff53001558:   00007fff530015f0 00007fff530015b8
0x00007fff53001568:   000000010eea16e7 000000010eea16a2
0x00007fff53001578:   00007fff53001578 0000000182eb1608
0x00007fff53001588:   00007fff530015f0 0000000182eb4240
0x00007fff53001598:   0000000000000000 0000000182eb1608
0x00007fff530015a8:   0000000000000000 00007fff530015d8
0x00007fff530015b8:   00007fff53001638 000000010ee93c4d
0x00007fff530015c8:   00000006c1052db8 000000010ee9b578
0x00007fff530015d8:   00007fa79b920c50 00007fff53001638
0x00007fff530015e8:   00007fa79b920770 000000010ee9cd82
0x00007fff530015f8:   00007fff530015f8 0000000182eb17d2
0x00007fff53001608:   00007fff53001660 0000000182eb4240
0x00007fff53001618:   0000000000000000 0000000182eb17e0
0x00007fff53001628:   00007fff530015d8 00007fff53001648
0x00007fff53001638:   00007fff530016a8 000000010ee93c4d
0x00007fff53001648:   00007fa79b920c50 00000006c118e658
0x00007fff53001658:   00007fa79b920770 00000006c118e658
0x00007fff53001668:   00007fff53001668 0000000188a6ec66
0x00007fff53001678:   00007fff530016b8 0000000188a6ed20 

Instructions: (pc=0x00007fff85abb0dd)
0x00007fff85abb0bd:   00 00 00 48 85 ff 2e 74 7a 40 f6 c7 01 2e 75 7e
0x00007fff85abb0cd:   49 bb f8 ff ff ff ff 7f 00 00 4c 23 1f 49 89 f2
0x00007fff85abb0dd:   45 23 53 18 49 c1 e2 04 4d 03 53 10 49 3b 32 75
0x00007fff85abb0ed:   04 41 ff 62 08 49 83 3a 00 74 6a 4d 3b 53 10 74 

Register to memory mapping:

RAX=0x00007fa79b920c50 is an unknown value
RBX=0x000000017f0ee450: Java_jogamp_nativewindow_macosx_OSXUtil_GetScreenRefreshRate0+0x1cf0 in /private/var/folders/jd/8y09m8r121zc6d9p7dp82f9r0000gn/T/jogamp_0000/file_cache/jln4060739586926903999/jln337872460352922583/libnativewindow_macosx.jnilib at 0x000000017f0e7000
RCX=0x000000013572b260 is an unknown value
RDX=0x000000013572b9e0 is an unknown value
RSP=0x00007fff53001488 is pointing into the stack for thread: 0x00007fa795067000
RBP=0x00007fff53001540 is pointing into the stack for thread: 0x00007fa795067000
RSI=0x00007fff93a0b40f is an unknown value
RDI=0x00007fa79b920770 is an unknown value
R8 =0x0000000000000000 is an unknown value
R9 =0x0000000000000f50 is an unknown value
R10=0x00007fff93a0b40f is an unknown value
R11=0x000007fa793e1a90 is an unknown value
R12=0x0000000000000000 is an unknown value
R13={method} {0x0000000182eb1608} 'UnsetJAWTRootSurfaceLayer0' '(JJ)V' in 'jogamp/nativewindow/jawt/macosx/MacOSXJAWTWindow'
R14=0x000000017f0ee440: Java_jogamp_nativewindow_macosx_OSXUtil_GetScreenRefreshRate0+0x1ce0 in /private/var/folders/jd/8y09m8r121zc6d9p7dp82f9r0000gn/T/jogamp_0000/file_cache/jln4060739586926903999/jln337872460352922583/libnativewindow_macosx.jnilib at 0x000000017f0e7000
R15=0x00007fa795067000 is a thread


Stack: [0x00007fff52806000,0x00007fff53006000],  sp=0x00007fff53001488,  free space=8173k
Native frames: (J=compiled Java code, j=interpreted, Vv=VM code, C=native code)
C  [libobjc.A.dylib+0x10dd]  objc_msgSend+0x1d
j  jogamp.nativewindow.jawt.macosx.MacOSXJAWTWindow.UnsetJAWTRootSurfaceLayer0(JJ)V+0
j  jogamp.nativewindow.jawt.macosx.MacOSXJAWTWindow.access$200(JJ)V+2
j  jogamp.nativewindow.jawt.macosx.MacOSXJAWTWindow$1.run()V+38
J 1846 C1 com.jogamp.common.util.RunnableTask.run()V (345 bytes) @ 0x000000010f4fdc14 [0x000000010f4fda80+0x194]
v  ~StubRoutines::call_stub
V  [libjvm.dylib+0x2eab0e]
V  [libjvm.dylib+0x321bb7]
V  [libjvm.dylib+0x31438b]
C  [libnativewindow_macosx.jnilib+0x5326]  Java_jogamp_nativewindow_jawt_macosx_MacOSXJAWTWindow_UnsetJAWTRootSurfaceLayer0+0x2b6
C  [Foundation+0x92dd0]  __NSThreadPerformPerform+0x125
C  [CoreFoundation+0x80a01]  __CFRUNLOOP_IS_CALLING_OUT_TO_A_SOURCE0_PERFORM_FUNCTION__+0x11
C  [CoreFoundation+0x72c5c]  __CFRunLoopDoSources0+0x1dc
C  [CoreFoundation+0x721bf]  __CFRunLoopRun+0x39f
C  [CoreFoundation+0x71bd8]  CFRunLoopRunSpecific+0x128
C  [HIToolbox+0x3256f]  RunCurrentEventLoopInMode+0xeb
C  [HIToolbox+0x321ee]  ReceiveNextEventCommon+0xb3
C  [HIToolbox+0x3212b]  _BlockUntilNextEventMatchingListInModeWithFilter+0x47
C  [AppKit+0x918ab]  _DPSNextEvent+0x3d2
C  [AppKit+0x90e58]  -[NSApplication nextEventMatchingMask:untilDate:inMode:dequeue:]+0x15a
C  [libosxapp.dylib+0x23aa]  -[NSApplicationAWT nextEventMatchingMask:untilDate:inMode:dequeue:]+0x7c
C  [AppKit+0x86af3]  -[NSApplication run]+0x252
C  [libosxapp.dylib+0x214d]  +[NSApplicationAWT runAWTLoopWithApp:]+0x9c
C  [libawt_lwawt.dylib+0x44517]  -[AWTStarter starter:]+0x389
C  [Foundation+0x92dd0]  __NSThreadPerformPerform+0x125
C  [CoreFoundation+0x80a01]  __CFRUNLOOP_IS_CALLING_OUT_TO_A_SOURCE0_PERFORM_FUNCTION__+0x11
C  [CoreFoundation+0x72b8d]  __CFRunLoopDoSources0+0x10d
C  [CoreFoundation+0x721bf]  __CFRunLoopRun+0x39f
C  [CoreFoundation+0x71bd8]  CFRunLoopRunSpecific+0x128
C  [java+0x6463]  CreateExecutionEnvironment+0x367
C  [java+0x21ac]  JLI_Launch+0x7a0
C  [java+0x84c0]  main+0x65
C  [java+0x1a04]  start+0x34
C  0x0000000000000007

Java frames: (J=compiled Java code, j=interpreted, Vv=VM code)
j  jogamp.nativewindow.jawt.macosx.MacOSXJAWTWindow.UnsetJAWTRootSurfaceLayer0(JJ)V+0
j  jogamp.nativewindow.jawt.macosx.MacOSXJAWTWindow.access$200(JJ)V+2
j  jogamp.nativewindow.jawt.macosx.MacOSXJAWTWindow$1.run()V+38
J 1846 C1 com.jogamp.common.util.RunnableTask.run()V (345 bytes) @ 0x000000010f4fdc14 [0x000000010f4fda80+0x194]
v  ~StubRoutines::call_stub

---------------  P R O C E S S  ---------------

Java Threads: ( => current thread )
  0x00007fa794710000 JavaThread "Thread-48" [_thread_blocked, id=61203, stack(0x000000012ff20000,0x0000000130020000)]
  0x00007fa794940000 JavaThread "AWT-EventQueue-1" [_thread_in_native, id=60439, stack(0x000000017f90c000,0x000000017fa0c000)]
  0x00007fa79480e800 JavaThread "DestroyJavaVM" [_thread_blocked, id=4867, stack(0x000000010ed8a000,0x000000010ee8a000)]
  0x00007fa794237800 JavaThread "AWT-EventQueue-0" [_thread_blocked, id=58115, stack(0x00000001335be000,0x00000001336be000)]
  0x00007fa795180800 JavaThread "Java2D Disposer" daemon [_thread_blocked, id=55063, stack(0x0000000132293000,0x0000000132393000)]
  0x00007fa795910000 JavaThread "Java2D Queue Flusher" daemon [_thread_blocked, id=52239, stack(0x0000000131250000,0x0000000131350000)]
  0x00007fa795131800 JavaThread "AWT-Shutdown" [_thread_blocked, id=30483, stack(0x000000012e1ca000,0x000000012e2ca000)]
=>0x00007fa795067000 JavaThread "AWT-AppKit" daemon [_thread_in_native, id=1811, stack(0x00007fff52806000,0x00007fff53006000)]
  0x00007fa79400a000 JavaThread "Service Thread" daemon [_thread_blocked, id=20739, stack(0x000000012c7f7000,0x000000012c8f7000)]
  0x00007fa795803000 JavaThread "C1 CompilerThread3" daemon [_thread_blocked, id=20227, stack(0x000000012c6f4000,0x000000012c7f4000)]
  0x00007fa794847800 JavaThread "C2 CompilerThread2" daemon [_thread_blocked, id=19715, stack(0x000000012c5f1000,0x000000012c6f1000)]
  0x00007fa795802000 JavaThread "C2 CompilerThread1" daemon [_thread_blocked, id=19203, stack(0x000000012c4ee000,0x000000012c5ee000)]
  0x00007fa79504e000 JavaThread "C2 CompilerThread0" daemon [_thread_blocked, id=18691, stack(0x000000012c3eb000,0x000000012c4eb000)]
  0x00007fa79504d000 JavaThread "Signal Dispatcher" daemon [_thread_blocked, id=14615, stack(0x000000012c2e8000,0x000000012c3e8000)]
  0x00007fa794007800 JavaThread "Finalizer" daemon [_thread_blocked, id=13571, stack(0x000000012a8c8000,0x000000012a9c8000)]
  0x00007fa794007000 JavaThread "Reference Handler" daemon [_thread_blocked, id=13059, stack(0x000000012a7c5000,0x000000012a8c5000)]

Other Threads:
  0x00007fa79483b800 VMThread [stack: 0x000000012a6c2000,0x000000012a7c2000] [id=12547]
  0x00007fa794037000 WatcherThread [stack: 0x000000012c8fa000,0x000000012c9fa000] [id=21251]

VM state:not at safepoint (normal execution)

VM Mutex/Monitor currently owned by a thread: None

Heap:
 PSYoungGen      total 59392K, used 23151K [0x000000076ab00000, 0x0000000770e80000, 0x00000007c0000000)
  eden space 58880K, 38% used [0x000000076ab00000,0x000000076c163cc0,0x000000076e480000)
  from space 512K, 43% used [0x000000076e580000,0x000000076e5b8000,0x000000076e600000)
  to   space 21504K, 0% used [0x000000076f980000,0x000000076f980000,0x0000000770e80000)
 ParOldGen       total 175104K, used 24075K [0x00000006c0000000, 0x00000006cab00000, 0x000000076ab00000)
  object space 175104K, 13% used [0x00000006c0000000,0x00000006c1782d70,0x00000006cab00000)
 Metaspace       used 19203K, capacity 19419K, committed 19712K, reserved 1067008K
  class space    used 1872K, capacity 1950K, committed 2048K, reserved 1048576K

Card table byte_map: [0x000000011e24c000,0x000000011ea4d000] byte_map_base: 0x000000011ac4c000

Marking Bits: (ParMarkBitMap*) 0x000000010e6dee20
 Begin Bits: [0x000000011f7bb000, 0x00000001237bb000)
 End Bits:   [0x00000001237bb000, 0x00000001277bb000)

Polling page: 0x000000010cd53000

CodeCache: size=245760Kb used=8349Kb max_used=8379Kb free=237410Kb
 bounds [0x000000010ee8c000, 0x000000010f6cc000, 0x000000011de8c000]
 total_blobs=3158 nmethods=2284 adapters=787
 compilation: enabled

Compilation events (10 events):
Event: 74.677 Thread 0x00007fa79504e000 2301       4       java.util.concurrent.locks.ReentrantLock$Sync::nonfairTryAcquire (67 bytes)
Event: 74.679 Thread 0x00007fa79504e000 nmethod 2301 0x000000010ef99f50 code [0x000000010ef9a0a0, 0x000000010ef9a198]
Event: 77.059 Thread 0x00007fa795803000 2302       1       java.awt.Component::getTreeLock (4 bytes)
Event: 77.059 Thread 0x00007fa795803000 nmethod 2302 0x000000010ef99c10 code [0x000000010ef99d60, 0x000000010ef99e70]
Event: 77.093 Thread 0x00007fa795803000 2304       3       sun.java2d.pipe.RenderBuffer::putFloat (26 bytes)
Event: 77.094 Thread 0x00007fa795803000 nmethod 2304 0x000000010efa0c10 code [0x000000010efa0d80, 0x000000010efa0f10]
Event: 77.094 Thread 0x00007fa795803000 2303       1       sun.java2d.SurfaceData::isValid (5 bytes)
Event: 77.095 Thread 0x00007fa795803000 nmethod 2303 0x000000010efa0950 code [0x000000010efa0aa0, 0x000000010efa0bb0]
Event: 77.104 Thread 0x00007fa795803000 2305       3       java.awt.Component::dispatchEvent (6 bytes)
Event: 77.104 Thread 0x00007fa795803000 nmethod 2305 0x000000010efb5810 code [0x000000010efb5980, 0x000000010efb5b88]

GC Heap History (10 events):
Event: 30.620 GC heap before
{Heap before GC invocations=5 (full 0):
 PSYoungGen      total 76288K, used 76211K [0x000000076ab00000, 0x0000000770000000, 0x00000007c0000000)
  eden space 65536K, 100% used [0x000000076ab00000,0x000000076eb00000,0x000000076eb00000)
  from space 10752K, 99% used [0x000000076f580000,0x000000076ffecdb0,0x0000000770000000)
  to   space 10752K, 0% used [0x000000076eb00000,0x000000076eb00000,0x000000076f580000)
 ParOldGen       total 175104K, used 13358K [0x00000006c0000000, 0x00000006cab00000, 0x000000076ab00000)
  object space 175104K, 7% used [0x00000006c0000000,0x00000006c0d0bb30,0x00000006cab00000)
 Metaspace       used 19048K, capacity 19255K, committed 19328K, reserved 1067008K
  class space    used 1862K, capacity 1918K, committed 1920K, reserved 1048576K
Event: 30.629 GC heap after
Heap after GC invocations=5 (full 0):
 PSYoungGen      total 74752K, used 10691K [0x000000076ab00000, 0x0000000770d80000, 0x00000007c0000000)
  eden space 64000K, 0% used [0x000000076ab00000,0x000000076ab00000,0x000000076e980000)
  from space 10752K, 99% used [0x000000076eb00000,0x000000076f570dc0,0x000000076f580000)
  to   space 18432K, 0% used [0x000000076fb80000,0x000000076fb80000,0x0000000770d80000)
 ParOldGen       total 175104K, used 13366K [0x00000006c0000000, 0x00000006cab00000, 0x000000076ab00000)
  object space 175104K, 7% used [0x00000006c0000000,0x00000006c0d0db30,0x00000006cab00000)
 Metaspace       used 19048K, capacity 19255K, committed 19328K, reserved 1067008K
  class space    used 1862K, capacity 1918K, committed 1920K, reserved 1048576K
}
Event: 41.539 GC heap before
{Heap before GC invocations=6 (full 0):
 PSYoungGen      total 74752K, used 74691K [0x000000076ab00000, 0x0000000770d80000, 0x00000007c0000000)
  eden space 64000K, 100% used [0x000000076ab00000,0x000000076e980000,0x000000076e980000)
  from space 10752K, 99% used [0x000000076eb00000,0x000000076f570dc0,0x000000076f580000)
  to   space 18432K, 0% used [0x000000076fb80000,0x000000076fb80000,0x0000000770d80000)
 ParOldGen       total 175104K, used 13366K [0x00000006c0000000, 0x00000006cab00000, 0x000000076ab00000)
  object space 175104K, 7% used [0x00000006c0000000,0x00000006c0d0db30,0x00000006cab00000)
 Metaspace       used 19166K, capacity 19323K, committed 19584K, reserved 1067008K
  class space    used 1863K, capacity 1918K, committed 1920K, reserved 1048576K
Event: 41.547 GC heap after
Heap after GC invocations=6 (full 0):
 PSYoungGen      total 79360K, used 10707K [0x000000076ab00000, 0x0000000770c00000, 0x00000007c0000000)
  eden space 62464K, 0% used [0x000000076ab00000,0x000000076ab00000,0x000000076e800000)
  from space 16896K, 63% used [0x000000076fb80000,0x00000007705f4db0,0x0000000770c00000)
  to   space 18432K, 0% used [0x000000076e800000,0x000000076e800000,0x000000076fa00000)
 ParOldGen       total 175104K, used 13374K [0x00000006c0000000, 0x00000006cab00000, 0x000000076ab00000)
  object space 175104K, 7% used [0x00000006c0000000,0x00000006c0d0fb30,0x00000006cab00000)
 Metaspace       used 19166K, capacity 19323K, committed 19584K, reserved 1067008K
  class space    used 1863K, capacity 1918K, committed 1920K, reserved 1048576K
}
Event: 52.292 GC heap before
{Heap before GC invocations=7 (full 0):
 PSYoungGen      total 79360K, used 73171K [0x000000076ab00000, 0x0000000770c00000, 0x00000007c0000000)
  eden space 62464K, 100% used [0x000000076ab00000,0x000000076e800000,0x000000076e800000)
  from space 16896K, 63% used [0x000000076fb80000,0x00000007705f4db0,0x0000000770c00000)
  to   space 18432K, 0% used [0x000000076e800000,0x000000076e800000,0x000000076fa00000)
 ParOldGen       total 175104K, used 13374K [0x00000006c0000000, 0x00000006cab00000, 0x000000076ab00000)
  object space 175104K, 7% used [0x00000006c0000000,0x00000006c0d0fb30,0x00000006cab00000)
 Metaspace       used 19166K, capacity 19323K, committed 19584K, reserved 1067008K
  class space    used 1863K, capacity 1918K, committed 1920K, reserved 1048576K
Event: 52.301 GC heap after
Heap after GC invocations=7 (full 0):
 PSYoungGen      total 79872K, used 3872K [0x000000076ab00000, 0x0000000770d00000, 0x00000007c0000000)
  eden space 61440K, 0% used [0x000000076ab00000,0x000000076ab00000,0x000000076e700000)
  from space 18432K, 21% used [0x000000076e800000,0x000000076ebc80e0,0x000000076fa00000)
  to   space 19456K, 0% used [0x000000076fa00000,0x000000076fa00000,0x0000000770d00000)
 ParOldGen       total 175104K, used 20323K [0x00000006c0000000, 0x00000006cab00000, 0x000000076ab00000)
  object space 175104K, 11% used [0x00000006c0000000,0x00000006c13d8c90,0x00000006cab00000)
 Metaspace       used 19166K, capacity 19323K, committed 19584K, reserved 1067008K
  class space    used 1863K, capacity 1918K, committed 1920K, reserved 1048576K
}
Event: 62.976 GC heap before
{Heap before GC invocations=8 (full 0):
 PSYoungGen      total 79872K, used 65312K [0x000000076ab00000, 0x0000000770d00000, 0x00000007c0000000)
  eden space 61440K, 100% used [0x000000076ab00000,0x000000076e700000,0x000000076e700000)
  from space 18432K, 21% used [0x000000076e800000,0x000000076ebc80e0,0x000000076fa00000)
  to   space 19456K, 0% used [0x000000076fa00000,0x000000076fa00000,0x0000000770d00000)
 ParOldGen       total 175104K, used 20323K [0x00000006c0000000, 0x00000006cab00000, 0x000000076ab00000)
  object space 175104K, 11% used [0x00000006c0000000,0x00000006c13d8c90,0x00000006cab00000)
 Metaspace       used 19167K, capacity 19323K, committed 19584K, reserved 1067008K
  class space    used 1863K, capacity 1918K, committed 1920K, reserved 1048576K
Event: 62.980 GC heap after
Heap after GC invocations=8 (full 0):
 PSYoungGen      total 79360K, used 256K [0x000000076ab00000, 0x0000000770f00000, 0x00000007c0000000)
  eden space 59904K, 0% used [0x000000076ab00000,0x000000076ab00000,0x000000076e580000)
  from space 19456K, 1% used [0x000000076fa00000,0x000000076fa40000,0x0000000770d00000)
  to   space 20992K, 0% used [0x000000076e580000,0x000000076e580000,0x000000076fa00000)
 ParOldGen       total 175104K, used 24003K [0x00000006c0000000, 0x00000006cab00000, 0x000000076ab00000)
  object space 175104K, 13% used [0x00000006c0000000,0x00000006c1770d70,0x00000006cab00000)
 Metaspace       used 19167K, capacity 19323K, committed 19584K, reserved 1067008K
  class space    used 1863K, capacity 1918K, committed 1920K, reserved 1048576K
}
Event: 73.412 GC heap before
{Heap before GC invocations=9 (full 0):
 PSYoungGen      total 79360K, used 60160K [0x000000076ab00000, 0x0000000770f00000, 0x00000007c0000000)
  eden space 59904K, 100% used [0x000000076ab00000,0x000000076e580000,0x000000076e580000)
  from space 19456K, 1% used [0x000000076fa00000,0x000000076fa40000,0x0000000770d00000)
  to   space 20992K, 0% used [0x000000076e580000,0x000000076e580000,0x000000076fa00000)
 ParOldGen       total 175104K, used 24003K [0x00000006c0000000, 0x00000006cab00000, 0x000000076ab00000)
  object space 175104K, 13% used [0x00000006c0000000,0x00000006c1770d70,0x00000006cab00000)
 Metaspace       used 19167K, capacity 19323K, committed 19584K, reserved 1067008K
  class space    used 1863K, capacity 1918K, committed 1920K, reserved 1048576K
Event: 73.413 GC heap after
Heap after GC invocations=9 (full 0):
 PSYoungGen      total 59392K, used 224K [0x000000076ab00000, 0x0000000770e80000, 0x00000007c0000000)
  eden space 58880K, 0% used [0x000000076ab00000,0x000000076ab00000,0x000000076e480000)
  from space 512K, 43% used [0x000000076e580000,0x000000076e5b8000,0x000000076e600000)
  to   space 21504K, 0% used [0x000000076f980000,0x000000076f980000,0x0000000770e80000)
 ParOldGen       total 175104K, used 24075K [0x00000006c0000000, 0x00000006cab00000, 0x000000076ab00000)
  object space 175104K, 13% used [0x00000006c0000000,0x00000006c1782d70,0x00000006cab00000)
 Metaspace       used 19167K, capacity 19323K, committed 19584K, reserved 1067008K
  class space    used 1863K, capacity 1918K, committed 1920K, reserved 1048576K
}

Deoptimization events (10 events):
Event: 77.061 Thread 0x00007fa794237800 Uncommon trap: reason=unstable_if action=reinterpret pc=0x000000010f6c258c method=sun.lwawt.LWContainerPeer.cutChildren(Lsun/java2d/pipe/Region;Lsun/lwawt/LWComponentPeer;)Lsun/java2d/pipe/Region; @ 67
Event: 77.061 Thread 0x00007fa794237800 Uncommon trap: reason=unstable_if action=reinterpret pc=0x000000010f6ae54c method=java.lang.Math.round(D)J @ 31
Event: 77.061 Thread 0x00007fa794237800 Uncommon trap: reason=unstable_if action=reinterpret pc=0x000000010f6afa44 method=java.lang.Math.round(D)J @ 31
Event: 77.061 Thread 0x00007fa794237800 Uncommon trap: reason=unstable_if action=reinterpret pc=0x000000010f6af76c method=sun.java2d.SunGraphics2D.validateCompClip()V @ 9
Event: 77.062 Thread 0x00007fa794940000 Uncommon trap: reason=unstable_if action=reinterpret pc=0x000000010f62cf44 method=java.awt.EventQueue.uncacheEQItem(Lsun/awt/EventQueueItem;)V @ 23
Event: 77.064 Thread 0x00007fa794237800 Uncommon trap: reason=unstable_if action=reinterpret pc=0x000000010f645670 method=sun.java2d.pipe.Region.intersectsQuickCheck(Lsun/java2d/pipe/Region;)Z @ 41
Event: 77.092 Thread 0x00007fa7948c5800 Uncommon trap: reason=unstable_if action=reinterpret pc=0x000000010f5d5c04 method=java.util.HashMap.putVal(ILjava/lang/Object;Ljava/lang/Object;ZZ)Ljava/lang/Object; @ 81
Event: 77.103 Thread 0x00007fa794940000 Uncommon trap: reason=unstable_if action=reinterpret pc=0x000000010f623198 method=java.util.LinkedList$ListItr.<init>(Ljava/util/LinkedList;I)V @ 26
Event: 77.104 Thread 0x00007fa794940000 Uncommon trap: reason=unstable_if action=reinterpret pc=0x000000010f5f4020 method=java.security.AccessControlContext.optimize()Ljava/security/AccessControlContext; @ 233
Event: 77.104 Thread 0x00007fa794940000 Uncommon trap: reason=unstable_if action=reinterpret pc=0x000000010f623744 method=java.util.LinkedList$ListItr.<init>(Ljava/util/LinkedList;I)V @ 26

Internal exceptions (10 events):
Event: 0.111 Thread 0x00007fa79480e800 Exception <a 'java/lang/NoSuchFieldError': method resolution failed> (0x000000076aeedd48) thrown at [/Users/java_re/workspace/8-2-build-macosx-x86_64/jdk8u60/4407/hotspot/src/share/vm/prims/methodHandles.cpp, line 1146]
Event: 0.112 Thread 0x00007fa79480e800 Exception <a 'java/lang/NoSuchFieldError': method resolution failed> (0x000000076aefb518) thrown at [/Users/java_re/workspace/8-2-build-macosx-x86_64/jdk8u60/4407/hotspot/src/share/vm/prims/methodHandles.cpp, line 1146]
Event: 0.227 Thread 0x00007fa79480e800 Exception <a 'java/io/FileNotFoundException'> (0x000000076af77380) thrown at [/Users/java_re/workspace/8-2-build-macosx-x86_64/jdk8u60/4407/hotspot/src/share/vm/prims/jni.cpp, line 709]
Event: 0.227 Thread 0x00007fa79480e800 Exception <a 'java/io/FileNotFoundException'> (0x000000076af77f28) thrown at [/Users/java_re/workspace/8-2-build-macosx-x86_64/jdk8u60/4407/hotspot/src/share/vm/prims/jni.cpp, line 709]
Event: 0.307 Thread 0x00007fa79480e800 Exception <a 'java/io/FileNotFoundException'> (0x000000076b00dce8) thrown at [/Users/java_re/workspace/8-2-build-macosx-x86_64/jdk8u60/4407/hotspot/src/share/vm/prims/jni.cpp, line 709]
Event: 1.308 Thread 0x00007fa7943a3000 Exception <a 'java/lang/UnsatisfiedLinkError': com.jogamp.common.util.JarUtil.fixNativeLibAttribs(Ljava/lang/String;)Z> (0x000000076c772120) thrown at [/Users/java_re/workspace/8-2-build-macosx-x86_64/jdk8u60/4407/hotspot/src/share/vm/prims/nativeLookup.c
Event: 1.943 Thread 0x00007fa794940000 Exception <a 'java/io/FileNotFoundException'> (0x000000076d813310) thrown at [/Users/java_re/workspace/8-2-build-macosx-x86_64/jdk8u60/4407/hotspot/src/share/vm/prims/jni.cpp, line 709]
Event: 1.943 Thread 0x00007fa794940000 Exception <a 'java/io/FileNotFoundException'> (0x000000076d8198b8) thrown at [/Users/java_re/workspace/8-2-build-macosx-x86_64/jdk8u60/4407/hotspot/src/share/vm/prims/jni.cpp, line 709]
Event: 1.943 Thread 0x00007fa794940000 Implicit null exception at 0x000000010f027d75 to 0x000000010f0280d9
Event: 2.113 Thread 0x00007fa794007800 Exception <a 'java/lang/NullPointerException'> (0x000000076adadaf0) thrown at [/Users/java_re/workspace/8-2-build-macosx-x86_64/jdk8u60/4407/hotspot/src/share/vm/interpreter/linkResolver.cpp, line 1178]

Events (10 events):
Event: 77.104 loading class java/awt/event/AWTEventListenerProxy
Event: 77.104 loading class java/awt/event/AWTEventListenerProxy done
Event: 77.104 loading class java/awt/Toolkit$ToolkitEventMulticaster
Event: 77.104 loading class java/awt/Toolkit$ToolkitEventMulticaster done
Event: 77.104 Thread 0x00007fa794940000 Uncommon trap: trap_request=0xffffff65 fr.pc=0x000000010f623744
Event: 77.104 Thread 0x00007fa794940000 DEOPT PACKING pc=0x000000010f623744 sp=0x000000017fa09950
Event: 77.104 Thread 0x00007fa794940000 DEOPT UNPACKING pc=0x000000010ee91229 sp=0x000000017fa098a8 mode 2
Event: 77.104 Thread 0x00007fa7948c5800 Thread exited: 0x00007fa7948c5800
Event: 77.104 loading class java/awt/Window$1DisposeAction
Event: 77.104 loading class java/awt/Window$1DisposeAction done


Dynamic libraries:
0x00000000054a7000 	/System/Library/Frameworks/Cocoa.framework/Versions/A/Cocoa
0x00000000054a7000 	/System/Library/Frameworks/Security.framework/Versions/A/Security
0x00000000054a7000 	/System/Library/Frameworks/ApplicationServices.framework/Versions/A/ApplicationServices
0x00000000054a7000 	/usr/lib/libz.1.dylib
0x00000000054a7000 	/usr/lib/libSystem.B.dylib
0x00000000054a7000 	/usr/lib/libobjc.A.dylib
0x00000000054a7000 	/System/Library/Frameworks/CoreFoundation.framework/Versions/A/CoreFoundation
0x00000000054a7000 	/System/Library/Frameworks/Foundation.framework/Versions/C/Foundation
0x00000000054a7000 	/System/Library/Frameworks/AppKit.framework/Versions/C/AppKit
0x00000000054a7000 	/System/Library/Frameworks/CoreData.framework/Versions/A/CoreData
0x00000000054a7000 	/System/Library/PrivateFrameworks/RemoteViewServices.framework/Versions/A/RemoteViewServices
0x00000000054a7000 	/System/Library/PrivateFrameworks/UIFoundation.framework/Versions/A/UIFoundation
0x00000000054a7000 	/System/Library/Frameworks/IOSurface.framework/Versions/A/IOSurface
0x00000000054a7000 	/System/Library/Frameworks/AudioToolbox.framework/Versions/A/AudioToolbox
0x00000000054a7000 	/System/Library/Frameworks/AudioUnit.framework/Versions/A/AudioUnit
0x00000000054a7000 	/System/Library/PrivateFrameworks/DataDetectorsCore.framework/Versions/A/DataDetectorsCore
0x00000000054a7000 	/System/Library/PrivateFrameworks/DesktopServicesPriv.framework/Versions/A/DesktopServicesPriv
0x00000000054a7000 	/System/Library/Frameworks/Carbon.framework/Versions/A/Frameworks/HIToolbox.framework/Versions/A/HIToolbox
0x00000000054a7000 	/System/Library/Frameworks/QuartzCore.framework/Versions/A/QuartzCore
0x00000000054a7000 	/System/Library/Frameworks/Carbon.framework/Versions/A/Frameworks/SpeechRecognition.framework/Versions/A/SpeechRecognition
0x00000000054a7000 	/usr/lib/libauto.dylib
0x00000000054a7000 	/usr/lib/libicucore.A.dylib
0x00000000054a7000 	/usr/lib/libxml2.2.dylib
0x00000000054a7000 	/System/Library/PrivateFrameworks/CoreUI.framework/Versions/A/CoreUI
0x00000000054a7000 	/System/Library/Frameworks/CoreAudio.framework/Versions/A/CoreAudio
0x00000000054a7000 	/System/Library/Frameworks/DiskArbitration.framework/Versions/A/DiskArbitration
0x00000000054a7000 	/usr/lib/liblangid.dylib
0x00000000054a7000 	/System/Library/PrivateFrameworks/MultitouchSupport.framework/Versions/A/MultitouchSupport
0x00000000054a7000 	/System/Library/Frameworks/IOKit.framework/Versions/A/IOKit
0x00000000054a7000 	/usr/lib/libDiagnosticMessagesClient.dylib
0x00000000054a7000 	/System/Library/Frameworks/CoreServices.framework/Versions/A/CoreServices
0x00000000054a7000 	/System/Library/PrivateFrameworks/PerformanceAnalysis.framework/Versions/A/PerformanceAnalysis
0x00000000054a7000 	/System/Library/PrivateFrameworks/GenerationalStorage.framework/Versions/A/GenerationalStorage
0x00000000054a7000 	/System/Library/Frameworks/OpenGL.framework/Versions/A/OpenGL
0x00000000054a7000 	/System/Library/PrivateFrameworks/Sharing.framework/Versions/A/Sharing
0x00000000054a7000 	/System/Library/Frameworks/CoreGraphics.framework/Versions/A/CoreGraphics
0x00000000054a7000 	/System/Library/Frameworks/CoreText.framework/Versions/A/CoreText
0x00000000054a7000 	/System/Library/Frameworks/ImageIO.framework/Versions/A/ImageIO
0x00000000054a7000 	/usr/lib/libextension.dylib
0x00000000054a7000 	/System/Library/PrivateFrameworks/Backup.framework/Versions/A/Backup
0x00000000054a7000 	/usr/lib/libarchive.2.dylib
0x00000000054a7000 	/System/Library/Frameworks/CFNetwork.framework/Versions/A/CFNetwork
0x00000000054a7000 	/System/Library/Frameworks/SystemConfiguration.framework/Versions/A/SystemConfiguration
0x00000000054a7000 	/usr/lib/libCRFSuite.dylib
0x00000000054a7000 	/usr/lib/libc++.1.dylib
0x00000000054a7000 	/usr/lib/libc++abi.dylib
0x00000000054a7000 	/usr/lib/system/libcache.dylib
0x00000000054a7000 	/usr/lib/system/libcommonCrypto.dylib
0x00000000054a7000 	/usr/lib/system/libcompiler_rt.dylib
0x00000000054a7000 	/usr/lib/system/libcopyfile.dylib
0x00000000054a7000 	/usr/lib/system/libcorecrypto.dylib
0x00000000054a7000 	/usr/lib/system/libdispatch.dylib
0x00000000054a7000 	/usr/lib/system/libdyld.dylib
0x00000000054a7000 	/usr/lib/system/libkeymgr.dylib
0x00000000054a7000 	/usr/lib/system/liblaunch.dylib
0x00000000054a7000 	/usr/lib/system/libmacho.dylib
0x00000000054a7000 	/usr/lib/system/libquarantine.dylib
0x00000000054a7000 	/usr/lib/system/libremovefile.dylib
0x00000000054a7000 	/usr/lib/system/libsystem_asl.dylib
0x00000000054a7000 	/usr/lib/system/libsystem_blocks.dylib
0x00000000054a7000 	/usr/lib/system/libsystem_c.dylib
0x00000000054a7000 	/usr/lib/system/libsystem_configuration.dylib
0x00000000054a7000 	/usr/lib/system/libsystem_coreservices.dylib
0x00000000054a7000 	/usr/lib/system/libsystem_coretls.dylib
0x00000000054a7000 	/usr/lib/system/libsystem_dnssd.dylib
0x00000000054a7000 	/usr/lib/system/libsystem_info.dylib
0x00000000054a7000 	/usr/lib/system/libsystem_kernel.dylib
0x00000000054a7000 	/usr/lib/system/libsystem_m.dylib
0x00000000054a7000 	/usr/lib/system/libsystem_malloc.dylib
0x00000000054a7000 	/usr/lib/system/libsystem_network.dylib
0x00000000054a7000 	/usr/lib/system/libsystem_networkextension.dylib
0x00000000054a7000 	/usr/lib/system/libsystem_notify.dylib
0x00000000054a7000 	/usr/lib/system/libsystem_platform.dylib
0x00000000054a7000 	/usr/lib/system/libsystem_pthread.dylib
0x00000000054a7000 	/usr/lib/system/libsystem_sandbox.dylib
0x00000000054a7000 	/usr/lib/system/libsystem_secinit.dylib
0x00000000054a7000 	/usr/lib/system/libsystem_stats.dylib
0x00000000054a7000 	/usr/lib/system/libsystem_trace.dylib
0x00000000054a7000 	/usr/lib/system/libunc.dylib
0x00000000054a7000 	/usr/lib/system/libunwind.dylib
0x00000000054a7000 	/usr/lib/system/libxpc.dylib
0x00000000054a7000 	/usr/lib/libbz2.1.0.dylib
0x00000000054a7000 	/usr/lib/liblzma.5.dylib
0x00000000054a7000 	/usr/lib/libbsm.0.dylib
0x00000000054a7000 	/usr/lib/libsqlite3.dylib
0x00000000054a7000 	/usr/lib/system/libkxld.dylib
0x00000000054a7000 	/usr/lib/libxar.1.dylib
0x00000000054a7000 	/usr/lib/libpam.2.dylib
0x00000000054a7000 	/usr/lib/libOpenScriptingUtil.dylib
0x00000000054a7000 	/System/Library/Frameworks/CoreServices.framework/Versions/A/Frameworks/FSEvents.framework/Versions/A/FSEvents
0x00000000054a7000 	/System/Library/Frameworks/CoreServices.framework/Versions/A/Frameworks/CarbonCore.framework/Versions/A/CarbonCore
0x00000000054a7000 	/System/Library/Frameworks/CoreServices.framework/Versions/A/Frameworks/Metadata.framework/Versions/A/Metadata
0x00000000054a7000 	/System/Library/Frameworks/CoreServices.framework/Versions/A/Frameworks/OSServices.framework/Versions/A/OSServices
0x00000000054a7000 	/System/Library/Frameworks/CoreServices.framework/Versions/A/Frameworks/SearchKit.framework/Versions/A/SearchKit
0x00000000054a7000 	/System/Library/Frameworks/CoreServices.framework/Versions/A/Frameworks/AE.framework/Versions/A/AE
0x00000000054a7000 	/System/Library/Frameworks/CoreServices.framework/Versions/A/Frameworks/LaunchServices.framework/Versions/A/LaunchServices
0x00000000054a7000 	/System/Library/Frameworks/CoreServices.framework/Versions/A/Frameworks/DictionaryServices.framework/Versions/A/DictionaryServices
0x00000000054a7000 	/System/Library/Frameworks/NetFS.framework/Versions/A/NetFS
0x00000000054a7000 	/System/Library/PrivateFrameworks/NetAuth.framework/Versions/A/NetAuth
0x00000000054a7000 	/System/Library/PrivateFrameworks/login.framework/Versions/A/Frameworks/loginsupport.framework/Versions/A/loginsupport
0x00000000054a7000 	/System/Library/PrivateFrameworks/TCC.framework/Versions/A/TCC
0x00000000054a7000 	/usr/lib/libmecabra.dylib
0x00000000054a7000 	/System/Library/Frameworks/ApplicationServices.framework/Versions/A/Frameworks/ATS.framework/Versions/A/ATS
0x00000000054a7000 	/System/Library/Frameworks/ApplicationServices.framework/Versions/A/Frameworks/ColorSync.framework/Versions/A/ColorSync
0x00000000054a7000 	/System/Library/Frameworks/ApplicationServices.framework/Versions/A/Frameworks/HIServices.framework/Versions/A/HIServices
0x00000000054a7000 	/System/Library/Frameworks/ApplicationServices.framework/Versions/A/Frameworks/LangAnalysis.framework/Versions/A/LangAnalysis
0x00000000054a7000 	/System/Library/Frameworks/ApplicationServices.framework/Versions/A/Frameworks/PrintCore.framework/Versions/A/PrintCore
0x00000000054a7000 	/System/Library/Frameworks/ApplicationServices.framework/Versions/A/Frameworks/QD.framework/Versions/A/QD
0x00000000054a7000 	/System/Library/Frameworks/ApplicationServices.framework/Versions/A/Frameworks/SpeechSynthesis.framework/Versions/A/SpeechSynthesis
0x00000000054a7000 	/System/Library/Frameworks/Accelerate.framework/Versions/A/Accelerate
0x00000000054a7000 	/System/Library/Frameworks/Accelerate.framework/Versions/A/Frameworks/vImage.framework/Versions/A/vImage
0x00000000054a7000 	/System/Library/Frameworks/Accelerate.framework/Versions/A/Frameworks/vecLib.framework/Versions/A/vecLib
0x00000000054a7000 	/System/Library/Frameworks/Accelerate.framework/Versions/A/Frameworks/vecLib.framework/Versions/A/libvDSP.dylib
0x00000000054a7000 	/System/Library/Frameworks/Accelerate.framework/Versions/A/Frameworks/vecLib.framework/Versions/A/libvMisc.dylib
0x00000000054a7000 	/System/Library/Frameworks/Accelerate.framework/Versions/A/Frameworks/vecLib.framework/Versions/A/libLAPACK.dylib
0x00000000054a7000 	/System/Library/Frameworks/Accelerate.framework/Versions/A/Frameworks/vecLib.framework/Versions/A/libBLAS.dylib
0x00000000054a7000 	/System/Library/Frameworks/Accelerate.framework/Versions/A/Frameworks/vecLib.framework/Versions/A/libLinearAlgebra.dylib
0x00000000054a7000 	/System/Library/Frameworks/ApplicationServices.framework/Versions/A/Frameworks/ATS.framework/Versions/A/Resources/libFontParser.dylib
0x00000000054a7000 	/System/Library/Frameworks/ApplicationServices.framework/Versions/A/Frameworks/ATS.framework/Versions/A/Resources/libFontRegistry.dylib
0x00000000054a7000 	/System/Library/PrivateFrameworks/AppleVPA.framework/Versions/A/AppleVPA
0x00000000054a7000 	/System/Library/PrivateFrameworks/AppleJPEG.framework/Versions/A/AppleJPEG
0x00000000054a7000 	/System/Library/Frameworks/ImageIO.framework/Versions/A/Resources/libJPEG.dylib
0x00000000054a7000 	/System/Library/Frameworks/ImageIO.framework/Versions/A/Resources/libTIFF.dylib
0x00000000054a7000 	/System/Library/Frameworks/ImageIO.framework/Versions/A/Resources/libPng.dylib
0x00000000054a7000 	/System/Library/Frameworks/ImageIO.framework/Versions/A/Resources/libGIF.dylib
0x00000000054a7000 	/System/Library/Frameworks/ImageIO.framework/Versions/A/Resources/libJP2.dylib
0x00000000054a7000 	/System/Library/Frameworks/ImageIO.framework/Versions/A/Resources/libRadiance.dylib
0x00000000054a7000 	/System/Library/Frameworks/CoreVideo.framework/Versions/A/CoreVideo
0x00000000054a7000 	/System/Library/Frameworks/OpenGL.framework/Versions/A/Libraries/libGLU.dylib
0x00000000054a7000 	/System/Library/Frameworks/OpenGL.framework/Versions/A/Libraries/libGFXShared.dylib
0x00000000054a7000 	/System/Library/Frameworks/OpenGL.framework/Versions/A/Libraries/libGL.dylib
0x00000000054a7000 	/System/Library/Frameworks/OpenGL.framework/Versions/A/Libraries/libGLImage.dylib
0x00000000054a7000 	/System/Library/Frameworks/OpenGL.framework/Versions/A/Libraries/libCVMSPluginSupport.dylib
0x00000000054a7000 	/System/Library/Frameworks/OpenGL.framework/Versions/A/Libraries/libCoreVMClient.dylib
0x00000000054a7000 	/usr/lib/libcups.2.dylib
0x00000000054a7000 	/System/Library/Frameworks/Kerberos.framework/Versions/A/Kerberos
0x00000000054a7000 	/System/Library/Frameworks/GSS.framework/Versions/A/GSS
0x00000000054a7000 	/usr/lib/libresolv.9.dylib
0x00000000054a7000 	/usr/lib/libiconv.2.dylib
0x00000000054a7000 	/System/Library/PrivateFrameworks/Heimdal.framework/Versions/A/Heimdal
0x00000000054a7000 	/usr/lib/libheimdal-asn1.dylib
0x00000000054a7000 	/System/Library/Frameworks/OpenDirectory.framework/Versions/A/OpenDirectory
0x00000000054a7000 	/System/Library/PrivateFrameworks/CommonAuth.framework/Versions/A/CommonAuth
0x00000000054a7000 	/System/Library/Frameworks/OpenDirectory.framework/Versions/A/Frameworks/CFOpenDirectory.framework/Versions/A/CFOpenDirectory
0x00000000054a7000 	/System/Library/Frameworks/SecurityFoundation.framework/Versions/A/SecurityFoundation
0x00000000054a7000 	/System/Library/PrivateFrameworks/LanguageModeling.framework/Versions/A/LanguageModeling
0x00000000054a7000 	/usr/lib/libcmph.dylib
0x00000000054a7000 	/System/Library/Frameworks/ServiceManagement.framework/Versions/A/ServiceManagement
0x00000000054a7000 	/usr/lib/libxslt.1.dylib
0x00000000054a7000 	/System/Library/Frameworks/Carbon.framework/Versions/A/Frameworks/Ink.framework/Versions/A/Ink
0x00000000054a7000 	/System/Library/Frameworks/QuartzCore.framework/Versions/A/Frameworks/CoreImage.framework/Versions/A/CoreImage
0x00000000054a7000 	/System/Library/PrivateFrameworks/CrashReporterSupport.framework/Versions/A/CrashReporterSupport
0x00000000054a7000 	/System/Library/Frameworks/OpenCL.framework/Versions/A/OpenCL
0x00000000054a7000 	/System/Library/PrivateFrameworks/FaceCore.framework/Versions/A/FaceCore
0x00000000054a7000 	/System/Library/PrivateFrameworks/Ubiquity.framework/Versions/A/Ubiquity
0x00000000054a7000 	/System/Library/PrivateFrameworks/IconServices.framework/Versions/A/IconServices
0x00000000054a7000 	/System/Library/PrivateFrameworks/ChunkingLibrary.framework/Versions/A/ChunkingLibrary
0x00000000054a7000 	/System/Library/PrivateFrameworks/Apple80211.framework/Versions/A/Apple80211
0x00000000054a7000 	/System/Library/Frameworks/CoreWLAN.framework/Versions/A/CoreWLAN
0x00000000054a7000 	/System/Library/Frameworks/IOBluetooth.framework/Versions/A/IOBluetooth
0x00000000054a7000 	/System/Library/PrivateFrameworks/CoreWiFi.framework/Versions/A/CoreWiFi
0x00000000054a7000 	/System/Library/Frameworks/CoreBluetooth.framework/Versions/A/CoreBluetooth
0x00000000054a7000 	/System/Library/PrivateFrameworks/DebugSymbols.framework/Versions/A/DebugSymbols
0x00000000054a7000 	/System/Library/PrivateFrameworks/CoreSymbolication.framework/Versions/A/CoreSymbolication
0x00000000054a7000 	/System/Library/PrivateFrameworks/Symbolication.framework/Versions/A/Symbolication
0x00000000054a7000 	/System/Library/PrivateFrameworks/SpeechRecognitionCore.framework/Versions/A/SpeechRecognitionCore
0x000000010de00000 	/Library/Java/JavaVirtualMachines/jdk1.8.0_60.jdk/Contents/Home/jre/lib/server/libjvm.dylib
0x00000000054a7000 	/usr/lib/libstdc++.6.dylib
0x000000010cd10000 	/Library/Java/JavaVirtualMachines/jdk1.8.0_60.jdk/Contents/Home/jre/lib/libverify.dylib
0x000000010cd1e000 	/Library/Java/JavaVirtualMachines/jdk1.8.0_60.jdk/Contents/Home/jre/lib/libjava.dylib
0x000000010cd5d000 	/Library/Java/JavaVirtualMachines/jdk1.8.0_60.jdk/Contents/Home/jre/lib/libzip.dylib
0x000000012a9ca000 	/System/Library/Frameworks/JavaVM.framework/Frameworks/JavaRuntimeSupport.framework/JavaRuntimeSupport
0x000000012a9e0000 	/System/Library/Frameworks/JavaVM.framework/Versions/A/Frameworks/JavaNativeFoundation.framework/Versions/A/JavaNativeFoundation
0x000000012a9f4000 	/System/Library/Frameworks/JavaVM.framework/Versions/A/JavaVM
0x00000000054a7000 	/System/Library/Frameworks/Carbon.framework/Versions/A/Carbon
0x000000012aa00000 	/System/Library/PrivateFrameworks/JavaLaunching.framework/Versions/A/JavaLaunching
0x00000000054a7000 	/System/Library/Frameworks/Carbon.framework/Versions/A/Frameworks/CommonPanels.framework/Versions/A/CommonPanels
0x00000000054a7000 	/System/Library/Frameworks/Carbon.framework/Versions/A/Frameworks/Help.framework/Versions/A/Help
0x00000000054a7000 	/System/Library/Frameworks/Carbon.framework/Versions/A/Frameworks/ImageCapture.framework/Versions/A/ImageCapture
0x00000000054a7000 	/System/Library/Frameworks/Carbon.framework/Versions/A/Frameworks/OpenScripting.framework/Versions/A/OpenScripting
0x00000000054a7000 	/System/Library/Frameworks/Carbon.framework/Versions/A/Frameworks/Print.framework/Versions/A/Print
0x00000000054a7000 	/System/Library/Frameworks/Carbon.framework/Versions/A/Frameworks/SecurityHI.framework/Versions/A/SecurityHI
0x000000012c9fe000 	/Library/Java/JavaVirtualMachines/jdk1.8.0_60.jdk/Contents/Home/jre/lib/libawt.dylib
0x000000012caa6000 	/Library/Java/JavaVirtualMachines/jdk1.8.0_60.jdk/Contents/Home/jre/lib/./libmlib_image.dylib
0x000000012cb72000 	/Library/Java/JavaVirtualMachines/jdk1.8.0_60.jdk/Contents/Home/jre/lib/libawt_lwawt.dylib
0x000000012cc27000 	/Library/Java/JavaVirtualMachines/jdk1.8.0_60.jdk/Contents/Home/jre/lib/./libosxapp.dylib
0x00000000054a7000 	/System/Library/Frameworks/ExceptionHandling.framework/Versions/A/ExceptionHandling
0x00000000054a7000 	/System/Library/PrivateFrameworks/CoreServicesInternal.framework/Versions/A/CoreServicesInternal
0x00000000054a7000 	/System/Library/PrivateFrameworks/CloudDocs.framework/Versions/A/CloudDocs
0x00000000054a7000 	/System/Library/PrivateFrameworks/CoreDuet.framework/Versions/A/CoreDuet
0x00000000054a7000 	/System/Library/Frameworks/CloudKit.framework/Versions/A/CloudKit
0x00000000054a7000 	/System/Library/PrivateFrameworks/ProtocolBuffer.framework/Versions/A/ProtocolBuffer
0x00000000054a7000 	/System/Library/PrivateFrameworks/CoreDuetDaemonProtocol.framework/Versions/A/CoreDuetDaemonProtocol
0x00000000054a7000 	/System/Library/PrivateFrameworks/CoreDuetDebugLogging.framework/Versions/A/CoreDuetDebugLogging
0x00000000054a7000 	/System/Library/PrivateFrameworks/MMCS.framework/Versions/A/MMCS
0x00000000054a7000 	/System/Library/Frameworks/CoreLocation.framework/Versions/A/CoreLocation
0x00000000054a7000 	/System/Library/PrivateFrameworks/ProtectedCloudStorage.framework/Versions/A/ProtectedCloudStorage
0x00000000054a7000 	/System/Library/PrivateFrameworks/GeoServices.framework/Versions/A/GeoServices
0x00000000054a7000 	/System/Library/Frameworks/CoreGraphics.framework/Versions/A/Resources/libCGCMS.A.dylib
0x00000000054a7000 	/System/Library/Frameworks/CoreGraphics.framework/Versions/A/Resources/libRIP.A.dylib
0x00000000054a7000 	/System/Library/Frameworks/CoreGraphics.framework/Versions/A/Resources/libCGXType.A.dylib
0x00000000054a7000 	/System/Library/Frameworks/OpenCL.framework/Versions/A/Libraries/libcldcpuengine.dylib
0x00000000054a7000 	/System/Library/PrivateFrameworks/DiskImages.framework/Versions/A/DiskImages
0x00000000054a7000 	/System/Library/Frameworks/DiscRecording.framework/Versions/A/DiscRecording
0x00000000054a7000 	/usr/lib/libcsfde.dylib
0x00000000054a7000 	/usr/lib/libcurl.4.dylib
0x00000000054a7000 	/System/Library/PrivateFrameworks/MediaKit.framework/Versions/A/MediaKit
0x00000000054a7000 	/usr/lib/libCoreStorage.dylib
0x00000000054a7000 	/System/Library/PrivateFrameworks/EFILogin.framework/Versions/A/EFILogin
0x00000000054a7000 	/usr/lib/libutil.dylib
0x00000000054a7000 	/System/Library/PrivateFrameworks/FindMyDevice.framework/Versions/A/FindMyDevice
0x00000000054a7000 	/System/Library/Frameworks/LDAP.framework/Versions/A/LDAP
0x00000000054a7000 	/usr/lib/libsasl2.2.dylib
0x00000000054a7000 	/System/Library/PrivateFrameworks/CoreDaemon.framework/Versions/B/CoreDaemon
0x00000000054a7000 	/usr/lib/libcrypto.0.9.8.dylib
0x00000000054a7000 	/System/Library/PrivateFrameworks/AppleSRP.framework/Versions/A/AppleSRP
0x00000000054a7000 	/System/Library/PrivateFrameworks/TrustEvaluationAgent.framework/Versions/A/TrustEvaluationAgent
0x000000012fd14000 	cl_kernels
0x000000012fd16000 	/System/Library/Frameworks/OpenCL.framework/Versions/A/Libraries/ImageFormats/unorm8_bgra.dylib
0x000000012fd06000 	cl_kernels
0x00000000054a7000 	/System/Library/PrivateFrameworks/FamilyControls.framework/Versions/A/FamilyControls
0x00000000054a7000 	/System/Library/PrivateFrameworks/CommerceKit.framework/Versions/A/Frameworks/CommerceCore.framework/Versions/A/CommerceCore
0x00000000054a7000 	/System/Library/PrivateFrameworks/SystemAdministration.framework/Versions/A/SystemAdministration
0x00000000054a7000 	/System/Library/PrivateFrameworks/AppContainer.framework/Versions/A/AppContainer
0x00000000054a7000 	/System/Library/PrivateFrameworks/SecCodeWrapper.framework/Versions/A/SecCodeWrapper
0x00000000054a7000 	/System/Library/Frameworks/DirectoryService.framework/Versions/A/DirectoryService
0x00000000054a7000 	/System/Library/PrivateFrameworks/LoginUIKit.framework/Versions/A/Frameworks/LoginUICore.framework/Versions/A/LoginUICore
0x00000000054a7000 	/usr/lib/libodfde.dylib
0x00000000054a7000 	/System/Library/Frameworks/OpenGL.framework/Versions/A/Resources/GLEngine.bundle/GLEngine
0x00000000054a7000 	/System/Library/Frameworks/OpenGL.framework/Versions/A/Libraries/libGLProgrammability.dylib
0x0000000131352000 	/System/Library/Extensions/AppleIntelHD5000GraphicsGLDriver.bundle/Contents/MacOS/AppleIntelHD5000GraphicsGLDriver
0x00000000054a7000 	/System/Library/PrivateFrameworks/IOAccelerator.framework/Versions/A/IOAccelerator
0x00000000054a7000 	/System/Library/PrivateFrameworks/GPUSupport.framework/Versions/A/Libraries/libGPUSupportMercury.dylib
0x00000000054a7000 	/System/Library/Frameworks/OpenGL.framework/Versions/A/Resources/GLRendererFloat.bundle/GLRendererFloat
0x0000000132395000 	/Library/Java/JavaVirtualMachines/jdk1.8.0_60.jdk/Contents/Home/jre/lib/libfontmanager.dylib
0x0000000133741000 	/Library/Java/JavaVirtualMachines/jdk1.8.0_60.jdk/Contents/Home/jre/lib/libosxui.dylib
0x00000001339cf000 	/Library/Java/JavaVirtualMachines/jdk1.8.0_60.jdk/Contents/Home/jre/lib/libnet.dylib
0x0000000133780000 	/Library/Java/JavaVirtualMachines/jdk1.8.0_60.jdk/Contents/Home/jre/lib/libnio.dylib
0x00000000054a7000 	/System/Library/Frameworks/ApplicationServices.framework/Versions/A/Frameworks/ATS.framework/Versions/A/Resources/libTrueTypeScaler.dylib
0x000000017f0dc000 	/private/var/folders/jd/8y09m8r121zc6d9p7dp82f9r0000gn/T/jogamp_0000/file_cache/jln4060739586926903999/jln337872460352922583/libgluegen-rt.jnilib
0x000000017f0e1000 	/private/var/folders/jd/8y09m8r121zc6d9p7dp82f9r0000gn/T/jogamp_0000/file_cache/jln4060739586926903999/jln337872460352922583/libnativewindow_awt.jnilib
0x000000017f0e4000 	/Library/Java/JavaVirtualMachines/jdk1.8.0_60.jdk/Contents/Home/jre/lib/libjawt.dylib
0x000000017f0e7000 	/private/var/folders/jd/8y09m8r121zc6d9p7dp82f9r0000gn/T/jogamp_0000/file_cache/jln4060739586926903999/jln337872460352922583/libnativewindow_macosx.jnilib
0x0000000182d71000 	/private/var/folders/jd/8y09m8r121zc6d9p7dp82f9r0000gn/T/jogamp_0000/file_cache/jln4060739586926903999/jln337872460352922583/libjogl_desktop.jnilib
0x000000017f0f1000 	/Library/Java/JavaVirtualMachines/jdk1.8.0_60.jdk/Contents/Home/jre/lib/libjpeg.dylib

VM Arguments:
jvm_args: -Djava.security.policy=java.policy.applet -Dfile.encoding=UTF-8 
java_command: sun.applet.AppletViewer module1.HelloWorld1442684468591.html
java_class_path (initial): /Users/srivathsanseshadri/Documents/Java/UCSDUnfoldingMaps/build:/Users/srivathsanseshadri/Documents/Java/UCSDUnfoldingMaps/lib/core.jar:/Users/srivathsanseshadri/Documents/Java/UCSDUnfoldingMaps/lib/gluegen-rt.jar:/Users/srivathsanseshadri/Documents/Java/UCSDUnfoldingMaps/lib/jogl-all.jar:/Users/srivathsanseshadri/Documents/Java/UCSDUnfoldingMaps/lib/log4j-1.2.15.jar:/Users/srivathsanseshadri/Documents/Java/UCSDUnfoldingMaps/lib/sqlite-jdbc-3.7.2.jar:/Users/srivathsanseshadri/Documents/Java/UCSDUnfoldingMaps/lib/json4processing.jar:/Users/srivathsanseshadri/Documents/Java/UCSDUnfoldingMaps/lib/libTUIO.jar:/Users/srivathsanseshadri/Documents/Java/UCSDUnfoldingMaps/lib/unfolding.0.9.7-uscd.jar
Launcher Type: SUN_STANDARD

Environment Variables:
PATH=/usr/bin:/bin:/usr/sbin:/sbin
SHELL=/bin/bash

Signal Handlers:
SIGSEGV: [libjvm.dylib+0x5a6d31], sa_mask[0]=11111111011111110111111111111111, sa_flags=SA_ONSTACK|SA_RESTART|SA_SIGINFO
SIGBUS: [libjvm.dylib+0x5a6d31], sa_mask[0]=11111111011111110111111111111111, sa_flags=SA_RESTART|SA_SIGINFO
SIGFPE: [libjvm.dylib+0x480a4c], sa_mask[0]=11111111011111110111111111111111, sa_flags=SA_RESTART|SA_SIGINFO
SIGPIPE: [libjvm.dylib+0x480a4c], sa_mask[0]=11111111011111110111111111111111, sa_flags=SA_RESTART|SA_SIGINFO
SIGXFSZ: [libjvm.dylib+0x480a4c], sa_mask[0]=11111111011111110111111111111111, sa_flags=SA_RESTART|SA_SIGINFO
SIGILL: [libjvm.dylib+0x480a4c], sa_mask[0]=11111111011111110111111111111111, sa_flags=SA_RESTART|SA_SIGINFO
SIGUSR1: SIG_DFL, sa_mask[0]=00000000000000000000000000000000, sa_flags=none
SIGUSR2: [libjvm.dylib+0x48056a], sa_mask[0]=00100000000000000000000000000000, sa_flags=SA_RESTART|SA_SIGINFO
SIGHUP: [libjvm.dylib+0x47eb41], sa_mask[0]=11111111011111110111111111111111, sa_flags=SA_RESTART|SA_SIGINFO
SIGINT: [libjvm.dylib+0x47eb41], sa_mask[0]=11111111011111110111111111111111, sa_flags=SA_RESTART|SA_SIGINFO
SIGTERM: [libjvm.dylib+0x47eb41], sa_mask[0]=11111111011111110111111111111111, sa_flags=SA_RESTART|SA_SIGINFO
SIGQUIT: [libjvm.dylib+0x47eb41], sa_mask[0]=11111111011111110111111111111111, sa_flags=SA_RESTART|SA_SIGINFO


---------------  S Y S T E M  ---------------

OS:Bsduname:Darwin 14.5.0 Darwin Kernel Version 14.5.0: Wed Jul 29 02:26:53 PDT 2015; root:xnu-2782.40.9~1/RELEASE_X86_64 x86_64
rlimit: STACK 8192k, CORE 0k, NPROC 709, NOFILE 10240, AS infinity
load average:1.35 1.33 1.46

CPU:total 8 (4 cores per cpu, 2 threads per core) family 6 model 70 stepping 1, cmov, cx8, fxsr, mmx, sse, sse2, sse3, ssse3, sse4.1, sse4.2, popcnt, avx, avx2, aes, clmul, erms, lzcnt, ht, tsc, tscinvbit, bmi1, bmi2

Memory: 4k page, physical 16777216k(1430484k free)

/proc/meminfo:


vm_info: Java HotSpot(TM) 64-Bit Server VM (25.60-b23) for bsd-amd64 JRE (1.8.0_60-b27), built on Aug  4 2015 10:47:24 by "java_re" with gcc 4.2.1 (Based on Apple Inc. build 5658) (LLVM build 2336.11.00)

time: Sat Sep 19 13:42:25 2015
elapsed time: 77 seconds (0d 0h 1m 17s)

